{"C:\\Users\\Georg\\OneDrive\\Documents\\GitHub\\sep2025-project-team_004\\Iowa-Sensors\\mobile\\app\\(tabs)\\index.tsx": {"path":"C:\\Users\\Georg\\OneDrive\\Documents\\GitHub\\sep2025-project-team_004\\Iowa-Sensors\\mobile\\app\\(tabs)\\index.tsx","statementMap":{"0":{"start":{"line":15,"column":21},"end":{"line":15,"column":72}},"1":{"start":{"line":17,"column":28},"end":{"line":17,"column":40}},"2":{"start":{"line":18,"column":34},"end":{"line":18,"column":46}},"3":{"start":{"line":19,"column":28},"end":{"line":19,"column":40}},"4":{"start":{"line":21,"column":22},"end":{"line":28,"column":3}},"5":{"start":{"line":22,"column":4},"end":{"line":26,"column":5}},"6":{"start":{"line":23,"column":6},"end":{"line":23,"column":44}},"7":{"start":{"line":24,"column":6},"end":{"line":24,"column":61}},"8":{"start":{"line":25,"column":6},"end":{"line":25,"column":13}},"9":{"start":{"line":27,"column":4},"end":{"line":27,"column":17}},"10":{"start":{"line":30,"column":2},"end":{"line":71,"column":4}},"11":{"start":{"line":65,"column":23},"end":{"line":65,"column":54}},"12":{"start":{"line":74,"column":15},"end":{"line":120,"column":2}}},"fnMap":{"0":{"name":"HomeScreen","decl":{"start":{"line":14,"column":24},"end":{"line":14,"column":34}},"loc":{"start":{"line":14,"column":37},"end":{"line":72,"column":1}},"line":14},"1":{"name":"(anonymous_1)","decl":{"start":{"line":21,"column":22},"end":{"line":21,"column":23}},"loc":{"start":{"line":21,"column":28},"end":{"line":28,"column":3}},"line":21},"2":{"name":"(anonymous_2)","decl":{"start":{"line":65,"column":17},"end":{"line":65,"column":18}},"loc":{"start":{"line":65,"column":23},"end":{"line":65,"column":54}},"line":65}},"branchMap":{"0":{"loc":{"start":{"line":22,"column":4},"end":{"line":26,"column":5}},"type":"if","locations":[{"start":{"line":22,"column":4},"end":{"line":26,"column":5}},{"start":{},"end":{}}],"line":22},"1":{"loc":{"start":{"line":22,"column":8},"end":{"line":22,"column":27}},"type":"binary-expr","locations":[{"start":{"line":22,"column":8},"end":{"line":22,"column":14}},{"start":{"line":22,"column":18},"end":{"line":22,"column":27}}],"line":22},"2":{"loc":{"start":{"line":34,"column":7},"end":{"line":34,"column":63}},"type":"cond-expr","locations":[{"start":{"line":34,"column":15},"end":{"line":34,"column":56}},{"start":{"line":34,"column":59},"end":{"line":34,"column":63}}],"line":34}},"s":{"0":7,"1":7,"2":7,"3":7,"4":7,"5":1,"6":1,"7":1,"8":1,"9":0,"10":7,"11":1,"12":1},"f":{"0":7,"1":1,"2":1},"b":{"0":[1,0],"1":[1,0],"2":[1,6]},"_coverageSchema":"1a1c01bbd47fc00a2c39e90264f33305004495a9","hash":"64766d15e54e7541e785719040b4971ab18273de"}
,"C:\\Users\\Georg\\OneDrive\\Documents\\GitHub\\sep2025-project-team_004\\Iowa-Sensors\\mobile\\app\\(tabs)\\register.tsx": {"path":"C:\\Users\\Georg\\OneDrive\\Documents\\GitHub\\sep2025-project-team_004\\Iowa-Sensors\\mobile\\app\\(tabs)\\register.tsx","statementMap":{"0":{"start":{"line":14,"column":21},"end":{"line":14,"column":36}},"1":{"start":{"line":16,"column":26},"end":{"line":16,"column":38}},"2":{"start":{"line":17,"column":28},"end":{"line":17,"column":40}},"3":{"start":{"line":18,"column":34},"end":{"line":18,"column":46}},"4":{"start":{"line":19,"column":48},"end":{"line":19,"column":60}},"5":{"start":{"line":20,"column":28},"end":{"line":20,"column":40}},"6":{"start":{"line":22,"column":25},"end":{"line":34,"column":3}},"7":{"start":{"line":23,"column":4},"end":{"line":26,"column":5}},"8":{"start":{"line":24,"column":6},"end":{"line":24,"column":46}},"9":{"start":{"line":25,"column":6},"end":{"line":25,"column":13}},"10":{"start":{"line":27,"column":4},"end":{"line":30,"column":5}},"11":{"start":{"line":28,"column":6},"end":{"line":28,"column":42}},"12":{"start":{"line":29,"column":6},"end":{"line":29,"column":13}},"13":{"start":{"line":31,"column":4},"end":{"line":31,"column":17}},"14":{"start":{"line":33,"column":4},"end":{"line":33,"column":24}},"15":{"start":{"line":36,"column":2},"end":{"line":90,"column":4}},"16":{"start":{"line":85,"column":23},"end":{"line":85,"column":42}},"17":{"start":{"line":93,"column":15},"end":{"line":134,"column":2}}},"fnMap":{"0":{"name":"RegisterScreen","decl":{"start":{"line":13,"column":24},"end":{"line":13,"column":38}},"loc":{"start":{"line":13,"column":41},"end":{"line":91,"column":1}},"line":13},"1":{"name":"(anonymous_1)","decl":{"start":{"line":22,"column":25},"end":{"line":22,"column":26}},"loc":{"start":{"line":22,"column":31},"end":{"line":34,"column":3}},"line":22},"2":{"name":"(anonymous_2)","decl":{"start":{"line":85,"column":17},"end":{"line":85,"column":18}},"loc":{"start":{"line":85,"column":23},"end":{"line":85,"column":42}},"line":85}},"branchMap":{"0":{"loc":{"start":{"line":23,"column":4},"end":{"line":26,"column":5}},"type":"if","locations":[{"start":{"line":23,"column":4},"end":{"line":26,"column":5}},{"start":{},"end":{}}],"line":23},"1":{"loc":{"start":{"line":23,"column":8},"end":{"line":23,"column":56}},"type":"binary-expr","locations":[{"start":{"line":23,"column":8},"end":{"line":23,"column":13}},{"start":{"line":23,"column":17},"end":{"line":23,"column":23}},{"start":{"line":23,"column":27},"end":{"line":23,"column":36}},{"start":{"line":23,"column":40},"end":{"line":23,"column":56}}],"line":23},"2":{"loc":{"start":{"line":27,"column":4},"end":{"line":30,"column":5}},"type":"if","locations":[{"start":{"line":27,"column":4},"end":{"line":30,"column":5}},{"start":{},"end":{}}],"line":27},"3":{"loc":{"start":{"line":41,"column":7},"end":{"line":41,"column":67}},"type":"cond-expr","locations":[{"start":{"line":41,"column":15},"end":{"line":41,"column":60}},{"start":{"line":41,"column":63},"end":{"line":41,"column":67}}],"line":41}},"s":{"0":16,"1":16,"2":16,"3":16,"4":16,"5":16,"6":16,"7":3,"8":1,"9":1,"10":2,"11":1,"12":1,"13":1,"14":1,"15":16,"16":1,"17":1},"f":{"0":16,"1":3,"2":1},"b":{"0":[1,2],"1":[3,2,2,2],"2":[1,1],"3":[2,14]},"_coverageSchema":"1a1c01bbd47fc00a2c39e90264f33305004495a9","hash":"905b0a82dc4c52821f7ccb67b4f8010760e4acb3"}
,"C:\\Users\\Georg\\OneDrive\\Documents\\GitHub\\sep2025-project-team_004\\Iowa-Sensors\\mobile\\components\\ThemedText.tsx": {"path":"C:\\Users\\Georg\\OneDrive\\Documents\\GitHub\\sep2025-project-team_004\\Iowa-Sensors\\mobile\\components\\ThemedText.tsx","statementMap":{"0":{"start":{"line":18,"column":16},"end":{"line":18,"column":77}},"1":{"start":{"line":20,"column":2},"end":{"line":33,"column":4}},"2":{"start":{"line":36,"column":15},"end":{"line":60,"column":2}}},"fnMap":{"0":{"name":"ThemedText","decl":{"start":{"line":11,"column":16},"end":{"line":11,"column":26}},"loc":{"start":{"line":17,"column":20},"end":{"line":34,"column":1}},"line":17}},"branchMap":{"0":{"loc":{"start":{"line":15,"column":2},"end":{"line":15,"column":18}},"type":"default-arg","locations":[{"start":{"line":15,"column":9},"end":{"line":15,"column":18}}],"line":15},"1":{"loc":{"start":{"line":24,"column":8},"end":{"line":24,"column":55}},"type":"cond-expr","locations":[{"start":{"line":24,"column":29},"end":{"line":24,"column":43}},{"start":{"line":24,"column":46},"end":{"line":24,"column":55}}],"line":24},"2":{"loc":{"start":{"line":25,"column":8},"end":{"line":25,"column":51}},"type":"cond-expr","locations":[{"start":{"line":25,"column":27},"end":{"line":25,"column":39}},{"start":{"line":25,"column":42},"end":{"line":25,"column":51}}],"line":25},"3":{"loc":{"start":{"line":26,"column":8},"end":{"line":26,"column":71}},"type":"cond-expr","locations":[{"start":{"line":26,"column":37},"end":{"line":26,"column":59}},{"start":{"line":26,"column":62},"end":{"line":26,"column":71}}],"line":26},"4":{"loc":{"start":{"line":27,"column":8},"end":{"line":27,"column":57}},"type":"cond-expr","locations":[{"start":{"line":27,"column":30},"end":{"line":27,"column":45}},{"start":{"line":27,"column":48},"end":{"line":27,"column":57}}],"line":27},"5":{"loc":{"start":{"line":28,"column":8},"end":{"line":28,"column":49}},"type":"cond-expr","locations":[{"start":{"line":28,"column":26},"end":{"line":28,"column":37}},{"start":{"line":28,"column":40},"end":{"line":28,"column":49}}],"line":28}},"s":{"0":1,"1":1,"2":1},"f":{"0":1},"b":{"0":[1],"1":[1,0],"2":[0,1],"3":[0,1],"4":[0,1],"5":[0,1]},"_coverageSchema":"1a1c01bbd47fc00a2c39e90264f33305004495a9","hash":"59abc3ec0638eb7d6e81f8679a721babce62408c"}
,"C:\\Users\\Georg\\OneDrive\\Documents\\GitHub\\sep2025-project-team_004\\Iowa-Sensors\\mobile\\constants\\Colors.ts": {"path":"C:\\Users\\Georg\\OneDrive\\Documents\\GitHub\\sep2025-project-team_004\\Iowa-Sensors\\mobile\\constants\\Colors.ts","statementMap":{"0":{"start":{"line":6,"column":23},"end":{"line":6,"column":32}},"1":{"start":{"line":7,"column":22},"end":{"line":7,"column":28}},"2":{"start":{"line":9,"column":22},"end":{"line":26,"column":1}}},"fnMap":{},"branchMap":{},"s":{"0":1,"1":1,"2":1},"f":{},"b":{},"_coverageSchema":"1a1c01bbd47fc00a2c39e90264f33305004495a9","hash":"36bc34dc58387fca9a6e319355cf5b9e7c6483d1"}
,"C:\\Users\\Georg\\OneDrive\\Documents\\GitHub\\sep2025-project-team_004\\Iowa-Sensors\\mobile\\hooks\\useColorScheme.ts": {"path":"C:\\Users\\Georg\\OneDrive\\Documents\\GitHub\\sep2025-project-team_004\\Iowa-Sensors\\mobile\\hooks\\useColorScheme.ts","statementMap":{},"fnMap":{},"branchMap":{},"s":{},"f":{},"b":{},"_coverageSchema":"1a1c01bbd47fc00a2c39e90264f33305004495a9","hash":"b91bb1d082acf1d7d0e5bc09d80ac760fd95554c"}
,"C:\\Users\\Georg\\OneDrive\\Documents\\GitHub\\sep2025-project-team_004\\Iowa-Sensors\\mobile\\hooks\\useThemeColor.ts": {"path":"C:\\Users\\Georg\\OneDrive\\Documents\\GitHub\\sep2025-project-team_004\\Iowa-Sensors\\mobile\\hooks\\useThemeColor.ts","statementMap":{"0":{"start":{"line":13,"column":16},"end":{"line":13,"column":43}},"1":{"start":{"line":14,"column":25},"end":{"line":14,"column":37}},"2":{"start":{"line":16,"column":2},"end":{"line":20,"column":3}},"3":{"start":{"line":17,"column":4},"end":{"line":17,"column":26}},"4":{"start":{"line":19,"column":4},"end":{"line":19,"column":36}}},"fnMap":{"0":{"name":"useThemeColor","decl":{"start":{"line":9,"column":16},"end":{"line":9,"column":29}},"loc":{"start":{"line":12,"column":2},"end":{"line":21,"column":1}},"line":12}},"branchMap":{"0":{"loc":{"start":{"line":13,"column":16},"end":{"line":13,"column":43}},"type":"binary-expr","locations":[{"start":{"line":13,"column":16},"end":{"line":13,"column":32}},{"start":{"line":13,"column":36},"end":{"line":13,"column":43}}],"line":13},"1":{"loc":{"start":{"line":16,"column":2},"end":{"line":20,"column":3}},"type":"if","locations":[{"start":{"line":16,"column":2},"end":{"line":20,"column":3}},{"start":{"line":18,"column":9},"end":{"line":20,"column":3}}],"line":16}},"s":{"0":1,"1":1,"2":1,"3":0,"4":1},"f":{"0":1},"b":{"0":[1,0],"1":[0,1]},"_coverageSchema":"1a1c01bbd47fc00a2c39e90264f33305004495a9","hash":"4444aed9bb4010ed65e52dab70e3d2679270a8fc"}
}
