TN:
SF:app\(tabs)\index.tsx
FN:14,HomeScreen
FN:21,(anonymous_1)
FN:65,(anonymous_2)
FNF:3
FNH:3
FNDA:7,HomeScreen
FNDA:1,(anonymous_1)
FNDA:1,(anonymous_2)
DA:15,7
DA:17,7
DA:18,7
DA:19,7
DA:21,7
DA:22,1
DA:23,1
DA:24,1
DA:25,1
DA:27,0
DA:30,7
DA:65,1
DA:74,1
LF:13
LH:12
BRDA:22,0,0,1
BRDA:22,0,1,0
BRDA:22,1,0,1
BRDA:22,1,1,0
BRDA:34,2,0,1
BRDA:34,2,1,6
BRF:6
BRH:4
end_of_record
TN:
SF:app\(tabs)\register.tsx
FN:13,RegisterScreen
FN:22,(anonymous_1)
FN:85,(anonymous_2)
FNF:3
FNH:3
FNDA:16,RegisterScreen
FNDA:3,(anonymous_1)
FNDA:1,(anonymous_2)
DA:14,16
DA:16,16
DA:17,16
DA:18,16
DA:19,16
DA:20,16
DA:22,16
DA:23,3
DA:24,1
DA:25,1
DA:27,2
DA:28,1
DA:29,1
DA:31,1
DA:33,1
DA:36,16
DA:85,1
DA:93,1
LF:18
LH:18
BRDA:23,0,0,1
BRDA:23,0,1,2
BRDA:23,1,0,3
BRDA:23,1,1,2
BRDA:23,1,2,2
BRDA:23,1,3,2
BRDA:27,2,0,1
BRDA:27,2,1,1
BRDA:41,3,0,2
BRDA:41,3,1,14
BRF:10
BRH:10
end_of_record
TN:
SF:components\ThemedText.tsx
FN:11,ThemedText
FNF:1
FNH:1
FNDA:1,ThemedText
DA:18,1
DA:20,1
DA:36,1
LF:3
LH:3
BRDA:15,0,0,1
BRDA:24,1,0,1
BRDA:24,1,1,0
BRDA:25,2,0,0
BRDA:25,2,1,1
BRDA:26,3,0,0
BRDA:26,3,1,1
BRDA:27,4,0,0
BRDA:27,4,1,1
BRDA:28,5,0,0
BRDA:28,5,1,1
BRF:11
BRH:6
end_of_record
TN:
SF:constants\Colors.ts
FNF:0
FNH:0
DA:6,1
DA:7,1
DA:9,1
LF:3
LH:3
BRF:0
BRH:0
end_of_record
TN:
SF:hooks\useColorScheme.ts
FNF:0
FNH:0
LF:0
LH:0
BRF:0
BRH:0
end_of_record
TN:
SF:hooks\useThemeColor.ts
FN:9,useThemeColor
FNF:1
FNH:1
FNDA:1,useThemeColor
DA:13,1
DA:14,1
DA:16,1
DA:17,0
DA:19,1
LF:5
LH:4
BRDA:13,0,0,1
BRDA:13,0,1,0
BRDA:16,1,0,0
BRDA:16,1,1,1
BRF:4
BRH:2
end_of_record
