<?xml version="1.0" encoding="UTF-8"?>
<coverage generated="1743561982239" clover="3.2.0">
  <project timestamp="1743561982239" name="All files">
    <metrics statements="824" coveredstatements="693" conditionals="370" coveredconditionals="242" methods="214" coveredmethods="173" elements="1408" coveredelements="1108" complexity="0" loc="824" ncloc="824" packages="3" files="23" classes="23"/>
    <package name="app">
      <metrics statements="549" coveredstatements="483" conditionals="243" coveredconditionals="164" methods="120" coveredmethods="108"/>
      <file name="+not-found.tsx" path="C:\Users\Georg\OneDrive\Documents\GitHub\sep2025-project-team_004\mobile\app\+not-found.tsx">
        <metrics statements="2" coveredstatements="0" conditionals="0" coveredconditionals="0" methods="1" coveredmethods="0"/>
        <line num="8" count="0" type="stmt"/>
        <line num="21" count="0" type="stmt"/>
      </file>
      <file name="Chat.tsx" path="C:\Users\Georg\OneDrive\Documents\GitHub\sep2025-project-team_004\mobile\app\Chat.tsx">
        <metrics statements="1" coveredstatements="0" conditionals="0" coveredconditionals="0" methods="1" coveredmethods="0"/>
        <line num="6" count="0" type="stmt"/>
      </file>
      <file name="Profile.tsx" path="C:\Users\Georg\OneDrive\Documents\GitHub\sep2025-project-team_004\mobile\app\Profile.tsx">
        <metrics statements="50" coveredstatements="45" conditionals="22" coveredconditionals="15" methods="18" coveredmethods="14"/>
        <line num="24" count="1" type="cond" truecount="1" falsecount="1"/>
        <line num="28" count="1" type="stmt"/>
        <line num="31" count="1" type="stmt"/>
        <line num="36" count="57" type="stmt"/>
        <line num="37" count="57" type="stmt"/>
        <line num="38" count="56" type="stmt"/>
        <line num="39" count="56" type="stmt"/>
        <line num="41" count="56" type="stmt"/>
        <line num="42" count="9" type="stmt"/>
        <line num="43" count="9" type="stmt"/>
        <line num="44" count="9" type="cond" truecount="2" falsecount="0"/>
        <line num="45" count="1" type="stmt"/>
        <line num="48" count="9" type="stmt"/>
        <line num="51" count="56" type="stmt"/>
        <line num="53" count="56" type="stmt"/>
        <line num="54" count="56" type="stmt"/>
        <line num="55" count="56" type="cond" truecount="2" falsecount="0"/>
        <line num="56" count="55" type="stmt"/>
        <line num="60" count="56" type="stmt"/>
        <line num="61" count="56" type="stmt"/>
        <line num="62" count="56" type="stmt"/>
        <line num="63" count="56" type="cond" truecount="2" falsecount="0"/>
        <line num="64" count="1" type="stmt"/>
        <line num="67" count="55" type="stmt"/>
        <line num="75" count="41" type="cond" truecount="2" falsecount="0"/>
        <line num="76" count="10" type="stmt"/>
        <line num="79" count="10" type="stmt"/>
        <line num="80" count="10" type="stmt"/>
        <line num="82" count="10" type="cond" truecount="1" falsecount="1"/>
        <line num="84" count="45" type="stmt"/>
        <line num="88" count="56" type="stmt"/>
        <line num="89" count="56" type="stmt"/>
        <line num="93" count="56" type="stmt"/>
        <line num="94" count="3" type="cond" truecount="1" falsecount="1"/>
        <line num="98" count="0" type="stmt"/>
        <line num="105" count="56" type="stmt"/>
        <line num="106" count="1" type="stmt"/>
        <line num="107" count="1" type="stmt"/>
        <line num="108" count="1" type="stmt"/>
        <line num="109" count="0" type="stmt"/>
        <line num="110" count="0" type="stmt"/>
        <line num="111" count="0" type="stmt"/>
        <line num="113" count="1" type="stmt"/>
        <line num="117" count="56" type="stmt"/>
        <line num="124" count="1" type="stmt"/>
        <line num="165" count="1" type="stmt"/>
        <line num="203" count="1" type="stmt"/>
        <line num="224" count="0" type="stmt"/>
        <line num="270" count="1" type="stmt"/>
        <line num="281" count="1" type="stmt"/>
      </file>
      <file name="ResetPasswordScreen.tsx" path="C:\Users\Georg\OneDrive\Documents\GitHub\sep2025-project-team_004\mobile\app\ResetPasswordScreen.tsx">
        <metrics statements="38" coveredstatements="33" conditionals="30" coveredconditionals="18" methods="4" coveredmethods="4"/>
        <line num="10" count="1" type="cond" truecount="1" falsecount="1"/>
        <line num="17" count="10" type="stmt"/>
        <line num="18" count="10" type="stmt"/>
        <line num="19" count="10" type="stmt"/>
        <line num="20" count="10" type="stmt"/>
        <line num="21" count="10" type="stmt"/>
        <line num="22" count="10" type="stmt"/>
        <line num="23" count="10" type="stmt"/>
        <line num="24" count="10" type="stmt"/>
        <line num="26" count="10" type="stmt"/>
        <line num="27" count="4" type="cond" truecount="3" falsecount="1"/>
        <line num="28" count="0" type="stmt"/>
        <line num="29" count="0" type="stmt"/>
        <line num="33" count="10" type="stmt"/>
        <line num="34" count="2" type="cond" truecount="2" falsecount="0"/>
        <line num="35" count="1" type="cond" truecount="1" falsecount="1"/>
        <line num="36" count="1" type="cond" truecount="1" falsecount="1"/>
        <line num="37" count="1" type="stmt"/>
        <line num="40" count="10" type="stmt"/>
        <line num="41" count="3" type="cond" truecount="4" falsecount="0"/>
        <line num="42" count="1" type="stmt"/>
        <line num="43" count="1" type="stmt"/>
        <line num="45" count="2" type="cond" truecount="1" falsecount="1"/>
        <line num="46" count="0" type="stmt"/>
        <line num="47" count="0" type="stmt"/>
        <line num="50" count="2" type="stmt"/>
        <line num="51" count="2" type="cond" truecount="2" falsecount="0"/>
        <line num="52" count="1" type="stmt"/>
        <line num="53" count="1" type="stmt"/>
        <line num="56" count="1" type="stmt"/>
        <line num="57" count="1" type="stmt"/>
        <line num="63" count="1" type="stmt"/>
        <line num="64" count="1" type="cond" truecount="1" falsecount="3"/>
        <line num="66" count="1" type="stmt"/>
        <line num="67" count="1" type="stmt"/>
        <line num="69" count="0" type="cond" truecount="0" falsecount="2"/>
        <line num="74" count="10" type="stmt"/>
        <line num="104" count="1" type="stmt"/>
      </file>
      <file name="_layout.tsx" path="C:\Users\Georg\OneDrive\Documents\GitHub\sep2025-project-team_004\mobile\app\_layout.tsx">
        <metrics statements="23" coveredstatements="23" conditionals="16" coveredconditionals="13" methods="5" coveredmethods="5"/>
        <line num="15" count="1" type="stmt"/>
        <line num="17" count="4" type="stmt"/>
        <line num="18" count="4" type="stmt"/>
        <line num="19" count="4" type="stmt"/>
        <line num="26" count="4" type="stmt"/>
        <line num="30" count="4" type="stmt"/>
        <line num="31" count="4" type="stmt"/>
        <line num="32" count="4" type="stmt"/>
        <line num="33" count="4" type="stmt"/>
        <line num="34" count="4" type="stmt"/>
        <line num="36" count="4" type="stmt"/>
        <line num="38" count="4" type="stmt"/>
        <line num="40" count="1" type="stmt"/>
        <line num="42" count="1" type="stmt"/>
        <line num="45" count="1" type="cond" truecount="1" falsecount="1"/>
        <line num="51" count="1" type="stmt"/>
        <line num="61" count="4" type="stmt"/>
        <line num="63" count="4" type="stmt"/>
        <line num="64" count="4" type="cond" truecount="2" falsecount="0"/>
        <line num="65" count="1" type="stmt"/>
        <line num="72" count="4" type="cond" truecount="4" falsecount="0"/>
        <line num="73" count="2" type="stmt"/>
        <line num="76" count="2" type="stmt"/>
      </file>
      <file name="add-payment.tsx" path="C:\Users\Georg\OneDrive\Documents\GitHub\sep2025-project-team_004\mobile\app\add-payment.tsx">
        <metrics statements="56" coveredstatements="52" conditionals="28" coveredconditionals="16" methods="8" coveredmethods="8"/>
        <line num="24" count="1" type="cond" truecount="1" falsecount="1"/>
        <line num="29" count="14" type="stmt"/>
        <line num="30" count="14" type="stmt"/>
        <line num="31" count="14" type="stmt"/>
        <line num="32" count="14" type="stmt"/>
        <line num="33" count="14" type="stmt"/>
        <line num="34" count="14" type="stmt"/>
        <line num="35" count="14" type="stmt"/>
        <line num="38" count="14" type="stmt"/>
        <line num="39" count="14" type="stmt"/>
        <line num="40" count="14" type="cond" truecount="2" falsecount="0"/>
        <line num="42" count="5" type="cond" truecount="1" falsecount="1"/>
        <line num="43" count="5" type="cond" truecount="1" falsecount="1"/>
        <line num="44" count="5" type="cond" truecount="1" falsecount="1"/>
        <line num="45" count="5" type="cond" truecount="1" falsecount="1"/>
        <line num="47" count="9" type="stmt"/>
        <line num="50" count="14" type="stmt"/>
        <line num="59" count="14" type="stmt"/>
        <line num="60" count="14" type="stmt"/>
        <line num="62" count="14" type="stmt"/>
        <line num="65" count="14" type="cond" truecount="1" falsecount="1"/>
        <line num="67" count="14" type="stmt"/>
        <line num="69" count="3" type="stmt"/>
        <line num="72" count="3" type="cond" truecount="1" falsecount="1"/>
        <line num="74" count="3" type="stmt"/>
        <line num="77" count="14" type="stmt"/>
        <line num="78" count="2" type="stmt"/>
        <line num="79" count="2" type="stmt"/>
        <line num="80" count="2" type="cond" truecount="1" falsecount="1"/>
        <line num="81" count="2" type="stmt"/>
        <line num="83" count="2" type="cond" truecount="1" falsecount="1"/>
        <line num="84" count="0" type="stmt"/>
        <line num="86" count="2" type="stmt"/>
        <line num="89" count="14" type="stmt"/>
        <line num="91" count="14" type="stmt"/>
        <line num="92" count="4" type="stmt"/>
        <line num="100" count="4" type="stmt"/>
        <line num="101" count="4" type="stmt"/>
        <line num="102" count="4" type="stmt"/>
        <line num="103" count="4" type="cond" truecount="1" falsecount="1"/>
        <line num="104" count="0" type="stmt"/>
        <line num="105" count="0" type="stmt"/>
        <line num="108" count="4" type="stmt"/>
        <line num="110" count="4" type="stmt"/>
        <line num="119" count="4" type="cond" truecount="2" falsecount="0"/>
        <line num="121" count="3" type="stmt"/>
        <line num="124" count="1" type="stmt"/>
        <line num="125" count="1" type="stmt"/>
        <line num="129" count="4" type="stmt"/>
        <line num="130" count="4" type="stmt"/>
        <line num="131" count="4" type="stmt"/>
        <line num="132" count="4" type="stmt"/>
        <line num="134" count="0" type="stmt"/>
        <line num="138" count="14" type="stmt"/>
        <line num="144" count="1" type="stmt"/>
        <line num="240" count="1" type="stmt"/>
      </file>
      <file name="cart.tsx" path="C:\Users\Georg\OneDrive\Documents\GitHub\sep2025-project-team_004\mobile\app\cart.tsx">
        <metrics statements="14" coveredstatements="13" conditionals="6" coveredconditionals="4" methods="8" coveredmethods="8"/>
        <line num="8" count="6" type="stmt"/>
        <line num="9" count="6" type="stmt"/>
        <line num="11" count="6" type="cond" truecount="1" falsecount="1"/>
        <line num="12" count="0" type="stmt"/>
        <line num="15" count="6" type="stmt"/>
        <line num="18" count="6" type="stmt"/>
        <line num="22" count="1" type="stmt"/>
        <line num="33" count="15" type="stmt"/>
        <line num="35" count="10" type="stmt"/>
        <line num="45" count="1" type="stmt"/>
        <line num="49" count="1" type="stmt"/>
        <line num="55" count="1" type="stmt"/>
        <line num="66" count="10" type="stmt"/>
        <line num="73" count="1" type="stmt"/>
      </file>
      <file name="editProfile.tsx" path="C:\Users\Georg\OneDrive\Documents\GitHub\sep2025-project-team_004\mobile\app\editProfile.tsx">
        <metrics statements="61" coveredstatements="55" conditionals="20" coveredconditionals="12" methods="5" coveredmethods="5"/>
        <line num="20" count="1" type="cond" truecount="1" falsecount="1"/>
        <line num="26" count="1" type="stmt"/>
        <line num="27" count="12" type="stmt"/>
        <line num="28" count="12" type="stmt"/>
        <line num="30" count="12" type="stmt"/>
        <line num="31" count="12" type="stmt"/>
        <line num="32" count="12" type="stmt"/>
        <line num="33" count="12" type="stmt"/>
        <line num="34" count="12" type="stmt"/>
        <line num="35" count="12" type="stmt"/>
        <line num="36" count="12" type="stmt"/>
        <line num="37" count="12" type="stmt"/>
        <line num="38" count="12" type="stmt"/>
        <line num="40" count="12" type="stmt"/>
        <line num="41" count="7" type="stmt"/>
        <line num="42" count="7" type="stmt"/>
        <line num="43" count="7" type="cond" truecount="2" falsecount="0"/>
        <line num="44" count="1" type="stmt"/>
        <line num="45" count="1" type="stmt"/>
        <line num="47" count="6" type="stmt"/>
        <line num="55" count="6" type="cond" truecount="2" falsecount="0"/>
        <line num="56" count="1" type="stmt"/>
        <line num="57" count="1" type="stmt"/>
        <line num="58" count="1" type="stmt"/>
        <line num="60" count="5" type="cond" truecount="1" falsecount="1"/>
        <line num="61" count="0" type="stmt"/>
        <line num="63" count="5" type="stmt"/>
        <line num="65" count="5" type="stmt"/>
        <line num="66" count="5" type="stmt"/>
        <line num="67" count="5" type="stmt"/>
        <line num="68" count="5" type="stmt"/>
        <line num="69" count="5" type="stmt"/>
        <line num="70" count="5" type="stmt"/>
        <line num="71" count="5" type="stmt"/>
        <line num="72" count="5" type="stmt"/>
        <line num="74" count="0" type="stmt"/>
        <line num="75" count="0" type="stmt"/>
        <line num="79" count="12" type="stmt"/>
        <line num="80" count="7" type="stmt"/>
        <line num="83" count="12" type="stmt"/>
        <line num="84" count="3" type="stmt"/>
        <line num="85" count="3" type="stmt"/>
        <line num="86" count="3" type="cond" truecount="1" falsecount="1"/>
        <line num="87" count="0" type="stmt"/>
        <line num="88" count="0" type="stmt"/>
        <line num="90" count="3" type="stmt"/>
        <line num="110" count="2" type="cond" truecount="2" falsecount="0"/>
        <line num="111" count="1" type="stmt"/>
        <line num="112" count="1" type="stmt"/>
        <line num="113" count="1" type="cond" truecount="1" falsecount="1"/>
        <line num="114" count="1" type="stmt"/>
        <line num="116" count="1" type="stmt"/>
        <line num="117" count="1" type="stmt"/>
        <line num="118" count="1" type="cond" truecount="1" falsecount="1"/>
        <line num="119" count="0" type="stmt"/>
        <line num="121" count="1" type="stmt"/>
        <line num="125" count="1" type="stmt"/>
        <line num="126" count="1" type="stmt"/>
        <line num="130" count="12" type="stmt"/>
        <line num="137" count="1" type="stmt"/>
        <line num="232" count="1" type="stmt"/>
      </file>
      <file name="forgot.tsx" path="C:\Users\Georg\OneDrive\Documents\GitHub\sep2025-project-team_004\mobile\app\forgot.tsx">
        <metrics statements="21" coveredstatements="18" conditionals="10" coveredconditionals="6" methods="3" coveredmethods="2"/>
        <line num="17" count="1" type="cond" truecount="1" falsecount="1"/>
        <line num="22" count="7" type="stmt"/>
        <line num="23" count="7" type="stmt"/>
        <line num="24" count="7" type="stmt"/>
        <line num="25" count="7" type="stmt"/>
        <line num="27" count="7" type="stmt"/>
        <line num="28" count="2" type="stmt"/>
        <line num="29" count="2" type="cond" truecount="2" falsecount="0"/>
        <line num="30" count="1" type="stmt"/>
        <line num="31" count="1" type="stmt"/>
        <line num="33" count="1" type="stmt"/>
        <line num="34" count="1" type="stmt"/>
        <line num="40" count="1" type="cond" truecount="1" falsecount="1"/>
        <line num="41" count="0" type="stmt"/>
        <line num="43" count="1" type="stmt"/>
        <line num="44" count="1" type="stmt"/>
        <line num="45" count="1" type="stmt"/>
        <line num="47" count="0" type="stmt"/>
        <line num="51" count="7" type="stmt"/>
        <line num="77" count="0" type="stmt"/>
        <line num="86" count="1" type="stmt"/>
      </file>
      <file name="friends.tsx" path="C:\Users\Georg\OneDrive\Documents\GitHub\sep2025-project-team_004\mobile\app\friends.tsx">
        <metrics statements="63" coveredstatements="51" conditionals="14" coveredconditionals="10" methods="20" coveredmethods="20"/>
        <line num="22" count="1" type="stmt"/>
        <line num="40" count="21" type="stmt"/>
        <line num="41" count="20" type="stmt"/>
        <line num="42" count="20" type="stmt"/>
        <line num="43" count="20" type="stmt"/>
        <line num="44" count="20" type="stmt"/>
        <line num="45" count="20" type="stmt"/>
        <line num="46" count="20" type="stmt"/>
        <line num="48" count="20" type="stmt"/>
        <line num="49" count="6" type="stmt"/>
        <line num="50" count="6" type="stmt"/>
        <line num="51" count="6" type="stmt"/>
        <line num="52" count="6" type="stmt"/>
        <line num="54" count="6" type="stmt"/>
        <line num="55" count="6" type="stmt"/>
        <line num="57" count="0" type="stmt"/>
        <line num="61" count="6" type="stmt"/>
        <line num="64" count="20" type="stmt"/>
        <line num="65" count="1" type="cond" truecount="1" falsecount="1"/>
        <line num="67" count="1" type="stmt"/>
        <line num="68" count="1" type="stmt"/>
        <line num="69" count="1" type="stmt"/>
        <line num="70" count="1" type="stmt"/>
        <line num="71" count="1" type="stmt"/>
        <line num="73" count="0" type="cond" truecount="0" falsecount="2"/>
        <line num="74" count="0" type="stmt"/>
        <line num="75" count="0" type="stmt"/>
        <line num="77" count="0" type="stmt"/>
        <line num="78" count="0" type="stmt"/>
        <line num="82" count="20" type="stmt"/>
        <line num="83" count="1" type="stmt"/>
        <line num="84" count="1" type="stmt"/>
        <line num="87" count="1" type="stmt"/>
        <line num="88" count="1" type="stmt"/>
        <line num="91" count="1" type="stmt"/>
        <line num="92" count="1" type="stmt"/>
        <line num="94" count="1" type="stmt"/>
        <line num="95" count="1" type="stmt"/>
        <line num="97" count="0" type="stmt"/>
        <line num="98" count="0" type="stmt"/>
        <line num="99" count="0" type="stmt"/>
        <line num="103" count="20" type="stmt"/>
        <line num="104" count="1" type="stmt"/>
        <line num="105" count="1" type="stmt"/>
        <line num="108" count="1" type="stmt"/>
        <line num="109" count="1" type="stmt"/>
        <line num="112" count="1" type="stmt"/>
        <line num="113" count="1" type="stmt"/>
        <line num="115" count="0" type="stmt"/>
        <line num="116" count="0" type="stmt"/>
        <line num="117" count="0" type="stmt"/>
        <line num="122" count="20" type="stmt"/>
        <line num="127" count="1" type="stmt"/>
        <line num="138" count="60" type="stmt"/>
        <line num="140" count="2" type="stmt"/>
        <line num="168" count="10" type="stmt"/>
        <line num="170" count="5" type="stmt"/>
        <line num="185" count="1" type="stmt"/>
        <line num="192" count="1" type="stmt"/>
        <line num="206" count="2" type="stmt"/>
        <line num="208" count="1" type="stmt"/>
        <line num="221" count="3" type="stmt"/>
        <line num="232" count="1" type="stmt"/>
      </file>
      <file name="index.tsx" path="C:\Users\Georg\OneDrive\Documents\GitHub\sep2025-project-team_004\mobile\app\index.tsx">
        <metrics statements="34" coveredstatements="32" conditionals="18" coveredconditionals="14" methods="4" coveredmethods="3"/>
        <line num="19" count="1" type="cond" truecount="1" falsecount="1"/>
        <line num="25" count="21" type="stmt"/>
        <line num="26" count="21" type="stmt"/>
        <line num="27" count="20" type="stmt"/>
        <line num="28" count="20" type="stmt"/>
        <line num="29" count="20" type="stmt"/>
        <line num="31" count="20" type="stmt"/>
        <line num="32" count="4" type="cond" truecount="4" falsecount="0"/>
        <line num="33" count="1" type="stmt"/>
        <line num="34" count="1" type="stmt"/>
        <line num="36" count="3" type="stmt"/>
        <line num="37" count="3" type="stmt"/>
        <line num="38" count="3" type="stmt"/>
        <line num="39" count="3" type="stmt"/>
        <line num="40" count="3" type="stmt"/>
        <line num="51" count="2" type="stmt"/>
        <line num="52" count="2" type="stmt"/>
        <line num="53" count="2" type="cond" truecount="4" falsecount="0"/>
        <line num="54" count="1" type="stmt"/>
        <line num="56" count="1" type="stmt"/>
        <line num="61" count="1" type="stmt"/>
        <line num="62" count="1" type="cond" truecount="1" falsecount="1"/>
        <line num="63" count="1" type="stmt"/>
        <line num="64" count="1" type="stmt"/>
        <line num="69" count="0" type="stmt"/>
        <line num="72" count="1" type="stmt"/>
        <line num="75" count="1" type="stmt"/>
        <line num="76" count="1" type="stmt"/>
        <line num="78" count="3" type="stmt"/>
        <line num="79" count="3" type="stmt"/>
        <line num="82" count="20" type="stmt"/>
        <line num="127" count="0" type="stmt"/>
        <line num="137" count="1" type="stmt"/>
        <line num="146" count="1" type="stmt"/>
      </file>
      <file name="my-orders.tsx" path="C:\Users\Georg\OneDrive\Documents\GitHub\sep2025-project-team_004\mobile\app\my-orders.tsx">
        <metrics statements="13" coveredstatements="13" conditionals="8" coveredconditionals="7" methods="5" coveredmethods="5"/>
        <line num="16" count="7" type="stmt"/>
        <line num="18" count="7" type="stmt"/>
        <line num="19" count="7" type="stmt"/>
        <line num="21" count="7" type="stmt"/>
        <line num="36" count="7" type="stmt"/>
        <line num="37" count="7" type="stmt"/>
        <line num="38" count="7" type="stmt"/>
        <line num="40" count="7" type="stmt"/>
        <line num="44" count="1" type="stmt"/>
        <line num="63" count="21" type="stmt"/>
        <line num="65" count="2" type="stmt"/>
        <line num="80" count="18" type="stmt"/>
        <line num="133" count="1" type="stmt"/>
      </file>
      <file name="orders.tsx" path="C:\Users\Georg\OneDrive\Documents\GitHub\sep2025-project-team_004\mobile\app\orders.tsx">
        <metrics statements="66" coveredstatements="58" conditionals="20" coveredconditionals="15" methods="15" coveredmethods="14"/>
        <line num="30" count="1" type="cond" truecount="2" falsecount="0"/>
        <line num="33" count="26" type="stmt"/>
        <line num="34" count="26" type="stmt"/>
        <line num="37" count="26" type="stmt"/>
        <line num="40" count="26" type="stmt"/>
        <line num="41" count="26" type="stmt"/>
        <line num="42" count="26" type="stmt"/>
        <line num="43" count="26" type="stmt"/>
        <line num="46" count="26" type="stmt"/>
        <line num="49" count="26" type="stmt"/>
        <line num="50" count="9" type="stmt"/>
        <line num="51" count="9" type="stmt"/>
        <line num="52" count="9" type="stmt"/>
        <line num="53" count="8" type="stmt"/>
        <line num="54" count="8" type="stmt"/>
        <line num="56" count="0" type="stmt"/>
        <line num="58" count="8" type="stmt"/>
        <line num="61" count="9" type="stmt"/>
        <line num="65" count="26" type="stmt"/>
        <line num="66" count="22" type="stmt"/>
        <line num="70" count="26" type="stmt"/>
        <line num="71" count="1" type="stmt"/>
        <line num="72" count="1" type="stmt"/>
        <line num="76" count="26" type="stmt"/>
        <line num="77" count="4" type="stmt"/>
        <line num="78" count="4" type="stmt"/>
        <line num="79" count="4" type="stmt"/>
        <line num="80" count="4" type="stmt"/>
        <line num="81" count="4" type="stmt"/>
        <line num="85" count="26" type="stmt"/>
        <line num="86" count="2" type="cond" truecount="1" falsecount="1"/>
        <line num="88" count="2" type="cond" truecount="4" falsecount="0"/>
        <line num="89" count="1" type="stmt"/>
        <line num="90" count="1" type="stmt"/>
        <line num="93" count="1" type="stmt"/>
        <line num="99" count="1" type="stmt"/>
        <line num="101" count="1" type="stmt"/>
        <line num="102" count="1" type="stmt"/>
        <line num="110" count="1" type="cond" truecount="1" falsecount="1"/>
        <line num="111" count="0" type="stmt"/>
        <line num="112" count="0" type="stmt"/>
        <line num="113" count="0" type="stmt"/>
        <line num="114" count="0" type="stmt"/>
        <line num="117" count="1" type="stmt"/>
        <line num="118" count="1" type="stmt"/>
        <line num="119" count="1" type="stmt"/>
        <line num="120" count="1" type="stmt"/>
        <line num="122" count="0" type="stmt"/>
        <line num="123" count="0" type="stmt"/>
        <line num="127" count="26" type="cond" truecount="2" falsecount="0"/>
        <line num="128" count="9" type="stmt"/>
        <line num="135" count="17" type="stmt"/>
        <line num="136" count="20" type="stmt"/>
        <line num="147" count="1" type="stmt"/>
        <line num="150" count="4" type="stmt"/>
        <line num="158" count="17" type="stmt"/>
        <line num="159" count="17" type="stmt"/>
        <line num="160" count="17" type="stmt"/>
        <line num="161" count="85" type="stmt"/>
        <line num="162" count="1" type="stmt"/>
        <line num="171" count="17" type="stmt"/>
        <line num="174" count="17" type="stmt"/>
        <line num="187" count="29" type="stmt"/>
        <line num="197" count="0" type="stmt"/>
        <line num="216" count="1" type="stmt"/>
        <line num="227" count="1" type="stmt"/>
      </file>
      <file name="payment-method.tsx" path="C:\Users\Georg\OneDrive\Documents\GitHub\sep2025-project-team_004\mobile\app\payment-method.tsx">
        <metrics statements="59" coveredstatements="49" conditionals="29" coveredconditionals="16" methods="17" coveredmethods="17"/>
        <line num="20" count="1" type="cond" truecount="1" falsecount="1"/>
        <line num="25" count="1" type="stmt"/>
        <line num="26" count="75" type="cond" truecount="2" falsecount="3"/>
        <line num="28" count="47" type="stmt"/>
        <line num="30" count="28" type="stmt"/>
        <line num="32" count="0" type="stmt"/>
        <line num="34" count="0" type="stmt"/>
        <line num="36" count="0" type="stmt"/>
        <line num="42" count="42" type="stmt"/>
        <line num="43" count="42" type="stmt"/>
        <line num="45" count="42" type="stmt"/>
        <line num="46" count="47" type="stmt"/>
        <line num="47" count="47" type="stmt"/>
        <line num="48" count="47" type="cond" truecount="1" falsecount="1"/>
        <line num="49" count="0" type="stmt"/>
        <line num="50" count="0" type="stmt"/>
        <line num="53" count="47" type="stmt"/>
        <line num="61" count="47" type="cond" truecount="2" falsecount="0"/>
        <line num="63" count="40" type="stmt"/>
        <line num="64" count="40" type="stmt"/>
        <line num="66" count="7" type="stmt"/>
        <line num="70" count="42" type="stmt"/>
        <line num="72" count="42" type="stmt"/>
        <line num="76" count="42" type="stmt"/>
        <line num="77" count="3" type="stmt"/>
        <line num="78" count="3" type="stmt"/>
        <line num="79" count="3" type="cond" truecount="1" falsecount="1"/>
        <line num="80" count="0" type="stmt"/>
        <line num="81" count="0" type="stmt"/>
        <line num="84" count="6" type="stmt"/>
        <line num="86" count="3" type="stmt"/>
        <line num="94" count="3" type="cond" truecount="1" falsecount="1"/>
        <line num="98" count="0" type="stmt"/>
        <line num="100" count="3" type="stmt"/>
        <line num="103" count="42" type="stmt"/>
        <line num="104" count="3" type="cond" truecount="2" falsecount="0"/>
        <line num="105" count="2" type="stmt"/>
        <line num="107" count="1" type="stmt"/>
        <line num="111" count="1" type="stmt"/>
        <line num="119" count="42" type="stmt"/>
        <line num="120" count="2" type="stmt"/>
        <line num="121" count="2" type="stmt"/>
        <line num="122" count="2" type="cond" truecount="1" falsecount="1"/>
        <line num="123" count="0" type="stmt"/>
        <line num="124" count="0" type="stmt"/>
        <line num="127" count="2" type="stmt"/>
        <line num="128" count="4" type="stmt"/>
        <line num="134" count="2" type="stmt"/>
        <line num="142" count="2" type="cond" truecount="0" falsecount="2"/>
        <line num="146" count="2" type="stmt"/>
        <line num="148" count="2" type="stmt"/>
        <line num="151" count="42" type="stmt"/>
        <line num="153" count="42" type="stmt"/>
        <line num="156" count="1" type="stmt"/>
        <line num="160" count="1" type="stmt"/>
        <line num="168" count="75" type="stmt"/>
        <line num="184" count="2" type="stmt"/>
        <line num="190" count="3" type="stmt"/>
        <line num="205" count="1" type="stmt"/>
      </file>
      <file name="register.tsx" path="C:\Users\Georg\OneDrive\Documents\GitHub\sep2025-project-team_004\mobile\app\register.tsx">
        <metrics statements="43" coveredstatements="41" conditionals="22" coveredconditionals="18" methods="3" coveredmethods="3"/>
        <line num="17" count="31" type="stmt"/>
        <line num="18" count="31" type="stmt"/>
        <line num="20" count="31" type="cond" truecount="1" falsecount="1"/>
        <line num="25" count="31" type="stmt"/>
        <line num="26" count="30" type="stmt"/>
        <line num="27" count="30" type="stmt"/>
        <line num="28" count="30" type="stmt"/>
        <line num="29" count="30" type="stmt"/>
        <line num="30" count="30" type="stmt"/>
        <line num="31" count="30" type="stmt"/>
        <line num="32" count="30" type="stmt"/>
        <line num="34" count="30" type="stmt"/>
        <line num="35" count="4" type="cond" truecount="2" falsecount="0"/>
        <line num="43" count="1" type="stmt"/>
        <line num="44" count="1" type="stmt"/>
        <line num="46" count="3" type="cond" truecount="2" falsecount="0"/>
        <line num="47" count="1" type="stmt"/>
        <line num="48" count="1" type="stmt"/>
        <line num="50" count="2" type="stmt"/>
        <line num="51" count="2" type="stmt"/>
        <line num="52" count="2" type="stmt"/>
        <line num="54" count="2" type="stmt"/>
        <line num="66" count="2" type="stmt"/>
        <line num="67" count="2" type="stmt"/>
        <line num="68" count="2" type="cond" truecount="2" falsecount="0"/>
        <line num="69" count="1" type="stmt"/>
        <line num="70" count="1" type="stmt"/>
        <line num="71" count="1" type="stmt"/>
        <line num="72" count="1" type="stmt"/>
        <line num="73" count="1" type="stmt"/>
        <line num="74" count="1" type="stmt"/>
        <line num="75" count="1" type="stmt"/>
        <line num="76" count="1" type="stmt"/>
        <line num="78" count="1" type="stmt"/>
        <line num="79" count="1" type="cond" truecount="1" falsecount="1"/>
        <line num="80" count="1" type="stmt"/>
        <line num="82" count="1" type="stmt"/>
        <line num="85" count="0" type="stmt"/>
        <line num="86" count="0" type="stmt"/>
        <line num="88" count="2" type="stmt"/>
        <line num="92" count="30" type="stmt"/>
        <line num="200" count="1" type="stmt"/>
        <line num="211" count="1" type="stmt"/>
      </file>
      <file name="setting.tsx" path="C:\Users\Georg\OneDrive\Documents\GitHub\sep2025-project-team_004\mobile\app\setting.tsx">
        <metrics statements="5" coveredstatements="0" conditionals="0" coveredconditionals="0" methods="3" coveredmethods="0"/>
        <line num="12" count="0" type="stmt"/>
        <line num="13" count="0" type="stmt"/>
        <line num="44" count="0" type="stmt"/>
        <line num="52" count="0" type="stmt"/>
        <line num="64" count="0" type="stmt"/>
      </file>
    </package>
    <package name="app.(tabs)">
      <metrics statements="189" coveredstatements="161" conditionals="99" coveredconditionals="66" methods="66" coveredmethods="47"/>
      <file name="_layout.tsx" path="C:\Users\Georg\OneDrive\Documents\GitHub\sep2025-project-team_004\mobile\app\(tabs)\_layout.tsx">
        <metrics statements="6" coveredstatements="0" conditionals="2" coveredconditionals="0" methods="5" coveredmethods="0"/>
        <line num="11" count="0" type="stmt"/>
        <line num="13" count="0" type="stmt"/>
        <line num="32" count="0" type="stmt"/>
        <line num="40" count="0" type="stmt"/>
        <line num="48" count="0" type="stmt"/>
        <line num="56" count="0" type="stmt"/>
      </file>
      <file name="home.tsx" path="C:\Users\Georg\OneDrive\Documents\GitHub\sep2025-project-team_004\mobile\app\(tabs)\home.tsx">
        <metrics statements="78" coveredstatements="71" conditionals="43" coveredconditionals="31" methods="21" coveredmethods="19"/>
        <line num="18" count="1" type="stmt"/>
        <line num="19" count="19" type="stmt"/>
        <line num="21" count="18" type="stmt"/>
        <line num="22" count="18" type="stmt"/>
        <line num="23" count="18" type="stmt"/>
        <line num="24" count="18" type="stmt"/>
        <line num="25" count="18" type="stmt"/>
        <line num="26" count="18" type="stmt"/>
        <line num="28" count="18" type="stmt"/>
        <line num="29" count="18" type="stmt"/>
        <line num="39" count="18" type="stmt"/>
        <line num="40" count="7" type="stmt"/>
        <line num="41" count="7" type="stmt"/>
        <line num="42" count="7" type="cond" truecount="2" falsecount="0"/>
        <line num="43" count="1" type="stmt"/>
        <line num="46" count="7" type="stmt"/>
        <line num="47" count="7" type="stmt"/>
        <line num="48" count="7" type="stmt"/>
        <line num="50" count="6" type="stmt"/>
        <line num="51" count="6" type="cond" truecount="1" falsecount="1"/>
        <line num="52" count="6" type="stmt"/>
        <line num="53" count="6" type="cond" truecount="3" falsecount="1"/>
        <line num="54" count="6" type="stmt"/>
        <line num="55" count="6" type="stmt"/>
        <line num="56" count="0" type="stmt"/>
        <line num="58" count="6" type="stmt"/>
        <line num="60" count="0" type="stmt"/>
        <line num="63" count="0" type="stmt"/>
        <line num="66" count="1" type="stmt"/>
        <line num="68" count="7" type="stmt"/>
        <line num="71" count="7" type="stmt"/>
        <line num="72" count="7" type="stmt"/>
        <line num="75" count="18" type="stmt"/>
        <line num="76" count="12" type="cond" truecount="2" falsecount="0"/>
        <line num="77" count="4" type="stmt"/>
        <line num="78" count="4" type="stmt"/>
        <line num="79" count="2" type="stmt"/>
        <line num="80" count="2" type="stmt"/>
        <line num="81" count="2" type="cond" truecount="1" falsecount="1"/>
        <line num="82" count="2" type="stmt"/>
        <line num="83" count="0" type="cond" truecount="0" falsecount="2"/>
        <line num="84" count="0" type="stmt"/>
        <line num="86" count="0" type="stmt"/>
        <line num="89" count="2" type="stmt"/>
        <line num="90" count="6" type="stmt"/>
        <line num="91" count="6" type="stmt"/>
        <line num="92" count="6" type="stmt"/>
        <line num="93" count="6" type="stmt"/>
        <line num="94" count="6" type="cond" truecount="1" falsecount="1"/>
        <line num="95" count="6" type="stmt"/>
        <line num="96" count="6" type="cond" truecount="3" falsecount="1"/>
        <line num="97" count="6" type="stmt"/>
        <line num="98" count="6" type="stmt"/>
        <line num="109" count="6" type="stmt"/>
        <line num="110" count="6" type="cond" truecount="1" falsecount="1"/>
        <line num="111" count="6" type="stmt"/>
        <line num="117" count="2" type="stmt"/>
        <line num="118" count="2" type="stmt"/>
        <line num="119" count="2" type="stmt"/>
        <line num="120" count="2" type="stmt"/>
        <line num="122" count="4" type="stmt"/>
        <line num="125" count="18" type="stmt"/>
        <line num="127" count="18" type="stmt"/>
        <line num="128" count="6" type="stmt"/>
        <line num="150" count="18" type="stmt"/>
        <line num="151" count="0" type="stmt"/>
        <line num="156" count="54" type="stmt"/>
        <line num="159" count="1" type="stmt"/>
        <line num="194" count="1" type="stmt"/>
        <line num="198" count="12" type="stmt"/>
        <line num="199" count="8" type="cond" truecount="0" falsecount="1"/>
        <line num="205" count="1" type="stmt"/>
        <line num="209" count="12" type="stmt"/>
        <line num="210" count="8" type="cond" truecount="0" falsecount="1"/>
        <line num="216" count="1" type="stmt"/>
        <line num="220" count="12" type="stmt"/>
        <line num="221" count="8" type="cond" truecount="0" falsecount="1"/>
        <line num="227" count="1" type="stmt"/>
      </file>
      <file name="profile.tsx" path="C:\Users\Georg\OneDrive\Documents\GitHub\sep2025-project-team_004\mobile\app\(tabs)\profile.tsx">
        <metrics statements="51" coveredstatements="44" conditionals="22" coveredconditionals="16" methods="18" coveredmethods="13"/>
        <line num="24" count="1" type="cond" truecount="1" falsecount="1"/>
        <line num="29" count="1" type="stmt"/>
        <line num="32" count="1" type="stmt"/>
        <line num="37" count="92" type="stmt"/>
        <line num="38" count="92" type="stmt"/>
        <line num="39" count="91" type="stmt"/>
        <line num="40" count="91" type="stmt"/>
        <line num="42" count="91" type="stmt"/>
        <line num="43" count="11" type="stmt"/>
        <line num="44" count="11" type="stmt"/>
        <line num="45" count="11" type="cond" truecount="2" falsecount="0"/>
        <line num="46" count="1" type="stmt"/>
        <line num="49" count="11" type="stmt"/>
        <line num="53" count="91" type="stmt"/>
        <line num="55" count="91" type="stmt"/>
        <line num="56" count="91" type="stmt"/>
        <line num="57" count="91" type="cond" truecount="2" falsecount="0"/>
        <line num="58" count="90" type="stmt"/>
        <line num="62" count="91" type="stmt"/>
        <line num="63" count="91" type="stmt"/>
        <line num="64" count="91" type="stmt"/>
        <line num="65" count="91" type="cond" truecount="2" falsecount="0"/>
        <line num="66" count="1" type="stmt"/>
        <line num="69" count="90" type="stmt"/>
        <line num="77" count="73" type="cond" truecount="2" falsecount="0"/>
        <line num="78" count="9" type="stmt"/>
        <line num="81" count="46" type="stmt"/>
        <line num="82" count="46" type="stmt"/>
        <line num="84" count="46" type="cond" truecount="1" falsecount="1"/>
        <line num="86" count="44" type="stmt"/>
        <line num="90" count="91" type="stmt"/>
        <line num="91" count="91" type="stmt"/>
        <line num="95" count="91" type="stmt"/>
        <line num="96" count="4" type="cond" truecount="2" falsecount="0"/>
        <line num="100" count="0" type="stmt"/>
        <line num="107" count="91" type="stmt"/>
        <line num="108" count="1" type="stmt"/>
        <line num="109" count="1" type="stmt"/>
        <line num="110" count="1" type="stmt"/>
        <line num="111" count="0" type="stmt"/>
        <line num="112" count="0" type="stmt"/>
        <line num="113" count="0" type="stmt"/>
        <line num="115" count="1" type="stmt"/>
        <line num="119" count="91" type="stmt"/>
        <line num="141" count="1" type="stmt"/>
        <line num="158" count="0" type="stmt"/>
        <line num="196" count="1" type="stmt"/>
        <line num="219" count="0" type="stmt"/>
        <line num="236" count="0" type="stmt"/>
        <line num="263" count="1" type="stmt"/>
        <line num="276" count="1" type="stmt"/>
      </file>
      <file name="social.tsx" path="C:\Users\Georg\OneDrive\Documents\GitHub\sep2025-project-team_004\mobile\app\(tabs)\social.tsx">
        <metrics statements="11" coveredstatements="9" conditionals="4" coveredconditionals="4" methods="5" coveredmethods="3"/>
        <line num="18" count="1" type="stmt"/>
        <line num="47" count="4" type="stmt"/>
        <line num="48" count="4" type="stmt"/>
        <line num="49" count="4" type="stmt"/>
        <line num="50" count="4" type="stmt"/>
        <line num="53" count="4" type="stmt"/>
        <line num="54" count="0" type="stmt"/>
        <line num="57" count="4" type="stmt"/>
        <line num="65" count="0" type="stmt"/>
        <line num="88" count="96" type="stmt"/>
        <line num="115" count="1" type="stmt"/>
      </file>
      <file name="store.tsx" path="C:\Users\Georg\OneDrive\Documents\GitHub\sep2025-project-team_004\mobile\app\(tabs)\store.tsx">
        <metrics statements="43" coveredstatements="37" conditionals="28" coveredconditionals="15" methods="17" coveredmethods="12"/>
        <line num="21" count="1" type="cond" truecount="1" falsecount="1"/>
        <line num="35" count="15" type="stmt"/>
        <line num="36" count="14" type="stmt"/>
        <line num="37" count="14" type="stmt"/>
        <line num="38" count="14" type="stmt"/>
        <line num="39" count="18" type="stmt"/>
        <line num="41" count="14" type="stmt"/>
        <line num="42" count="14" type="stmt"/>
        <line num="43" count="14" type="stmt"/>
        <line num="45" count="14" type="stmt"/>
        <line num="46" count="14" type="stmt"/>
        <line num="47" count="14" type="cond" truecount="1" falsecount="1"/>
        <line num="48" count="0" type="stmt"/>
        <line num="50" count="14" type="stmt"/>
        <line num="51" count="14" type="stmt"/>
        <line num="54" count="14" type="stmt"/>
        <line num="55" count="5" type="stmt"/>
        <line num="56" count="5" type="stmt"/>
        <line num="58" count="5" type="stmt"/>
        <line num="59" count="5" type="stmt"/>
        <line num="62" count="0" type="stmt"/>
        <line num="63" count="0" type="stmt"/>
        <line num="67" count="14" type="cond" truecount="2" falsecount="0"/>
        <line num="68" count="5" type="stmt"/>
        <line num="77" count="9" type="stmt"/>
        <line num="78" count="2" type="stmt"/>
        <line num="79" count="2" type="stmt"/>
        <line num="80" count="2" type="stmt"/>
        <line num="83" count="9" type="stmt"/>
        <line num="84" count="1" type="cond" truecount="1" falsecount="1"/>
        <line num="85" count="1" type="stmt"/>
        <line num="89" count="1" type="stmt"/>
        <line num="90" count="1" type="stmt"/>
        <line num="94" count="9" type="stmt"/>
        <line num="101" count="1" type="stmt"/>
        <line num="121" count="0" type="stmt"/>
        <line num="131" count="28" type="stmt"/>
        <line num="134" count="18" type="stmt"/>
        <line num="152" count="2" type="stmt"/>
        <line num="179" count="0" type="stmt"/>
        <line num="183" count="1" type="stmt"/>
        <line num="191" count="0" type="stmt"/>
        <line num="204" count="1" type="stmt"/>
      </file>
    </package>
    <package name="app.context">
      <metrics statements="86" coveredstatements="49" conditionals="28" coveredconditionals="12" methods="28" coveredmethods="18"/>
      <file name="CartContext.tsx" path="C:\Users\Georg\OneDrive\Documents\GitHub\sep2025-project-team_004\mobile\app\context\CartContext.tsx">
        <metrics statements="26" coveredstatements="26" conditionals="8" coveredconditionals="6" methods="15" coveredmethods="15"/>
        <line num="23" count="4" type="stmt"/>
        <line num="25" count="4" type="stmt"/>
        <line num="26" count="18" type="stmt"/>
        <line num="29" count="18" type="stmt"/>
        <line num="30" count="8" type="stmt"/>
        <line num="31" count="8" type="stmt"/>
        <line num="32" count="8" type="cond" truecount="2" falsecount="0"/>
        <line num="33" count="1" type="stmt"/>
        <line num="36" count="8" type="stmt"/>
        <line num="40" count="18" type="stmt"/>
        <line num="41" count="18" type="stmt"/>
        <line num="45" count="18" type="stmt"/>
        <line num="46" count="6" type="stmt"/>
        <line num="47" count="6" type="stmt"/>
        <line num="48" count="6" type="cond" truecount="2" falsecount="0"/>
        <line num="49" count="1" type="stmt"/>
        <line num="50" count="1" type="cond" truecount="1" falsecount="1"/>
        <line num="53" count="5" type="stmt"/>
        <line num="59" count="18" type="stmt"/>
        <line num="60" count="1" type="stmt"/>
        <line num="64" count="18" type="stmt"/>
        <line num="65" count="1" type="stmt"/>
        <line num="66" count="1" type="cond" truecount="1" falsecount="1"/>
        <line num="71" count="18" type="stmt"/>
        <line num="72" count="1" type="stmt"/>
        <line num="75" count="18" type="stmt"/>
      </file>
      <file name="PaymentContext.tsx" path="C:\Users\Georg\OneDrive\Documents\GitHub\sep2025-project-team_004\mobile\app\context\PaymentContext.tsx">
        <metrics statements="60" coveredstatements="23" conditionals="20" coveredconditionals="6" methods="13" coveredmethods="3"/>
        <line num="6" count="3" type="cond" truecount="2" falsecount="0"/>
        <line num="17" count="3" type="stmt"/>
        <line num="19" count="3" type="stmt"/>
        <line num="20" count="0" type="stmt"/>
        <line num="21" count="0" type="cond" truecount="0" falsecount="2"/>
        <line num="22" count="0" type="stmt"/>
        <line num="24" count="0" type="stmt"/>
        <line num="28" count="3" type="stmt"/>
        <line num="29" count="41" type="stmt"/>
        <line num="31" count="41" type="stmt"/>
        <line num="32" count="25" type="stmt"/>
        <line num="33" count="25" type="stmt"/>
        <line num="34" count="25" type="cond" truecount="2" falsecount="0"/>
        <line num="35" count="3" type="stmt"/>
        <line num="36" count="3" type="stmt"/>
        <line num="39" count="22" type="stmt"/>
        <line num="47" count="21" type="cond" truecount="2" falsecount="0"/>
        <line num="49" count="18" type="stmt"/>
        <line num="50" count="18" type="stmt"/>
        <line num="52" count="4" type="stmt"/>
        <line num="56" count="41" type="stmt"/>
        <line num="57" count="0" type="stmt"/>
        <line num="58" count="0" type="stmt"/>
        <line num="59" count="0" type="cond" truecount="0" falsecount="2"/>
        <line num="60" count="0" type="stmt"/>
        <line num="61" count="0" type="stmt"/>
        <line num="64" count="0" type="stmt"/>
        <line num="66" count="0" type="stmt"/>
        <line num="75" count="0" type="cond" truecount="0" falsecount="2"/>
        <line num="77" count="0" type="stmt"/>
        <line num="80" count="0" type="stmt"/>
        <line num="81" count="0" type="stmt"/>
        <line num="86" count="41" type="stmt"/>
        <line num="87" count="0" type="stmt"/>
        <line num="88" count="0" type="stmt"/>
        <line num="89" count="0" type="cond" truecount="0" falsecount="2"/>
        <line num="90" count="0" type="stmt"/>
        <line num="91" count="0" type="stmt"/>
        <line num="94" count="0" type="stmt"/>
        <line num="95" count="0" type="stmt"/>
        <line num="101" count="0" type="stmt"/>
        <line num="109" count="0" type="cond" truecount="0" falsecount="2"/>
        <line num="113" count="0" type="stmt"/>
        <line num="115" count="0" type="stmt"/>
        <line num="118" count="41" type="stmt"/>
        <line num="119" count="0" type="stmt"/>
        <line num="120" count="0" type="stmt"/>
        <line num="121" count="0" type="cond" truecount="0" falsecount="2"/>
        <line num="122" count="0" type="stmt"/>
        <line num="123" count="0" type="stmt"/>
        <line num="126" count="0" type="stmt"/>
        <line num="128" count="0" type="stmt"/>
        <line num="136" count="0" type="cond" truecount="0" falsecount="2"/>
        <line num="140" count="0" type="stmt"/>
        <line num="142" count="0" type="stmt"/>
        <line num="145" count="41" type="stmt"/>
        <line num="146" count="0" type="stmt"/>
        <line num="149" count="41" type="stmt"/>
        <line num="150" count="25" type="stmt"/>
        <line num="153" count="41" type="stmt"/>
      </file>
    </package>
  </project>
</coverage>
