{"C:\\Users\\holma\\git\\sep2025-project-team_004\\mobile\\app\\+not-found.tsx": {"path":"C:\\Users\\holma\\git\\sep2025-project-team_004\\mobile\\app\\+not-found.tsx","statementMap":{"0":{"start":{"line":8,"column":2},"end":{"line":18,"column":4}},"1":{"start":{"line":21,"column":15},"end":{"line":32,"column":2}}},"fnMap":{"0":{"name":"NotFoundScreen","decl":{"start":{"line":7,"column":24},"end":{"line":7,"column":38}},"loc":{"start":{"line":7,"column":41},"end":{"line":19,"column":1}},"line":7}},"branchMap":{},"s":{"0":0,"1":0},"f":{"0":0},"b":{}}
,"C:\\Users\\holma\\git\\sep2025-project-team_004\\mobile\\app\\Chat.tsx": {"path":"C:\\Users\\holma\\git\\sep2025-project-team_004\\mobile\\app\\Chat.tsx","statementMap":{"0":{"start":{"line":6,"column":2},"end":{"line":10,"column":4}}},"fnMap":{"0":{"name":"chat","decl":{"start":{"line":5,"column":24},"end":{"line":5,"column":28}},"loc":{"start":{"line":5,"column":31},"end":{"line":11,"column":1}},"line":5}},"branchMap":{},"s":{"0":0},"f":{"0":0},"b":{}}
,"C:\\Users\\holma\\git\\sep2025-project-team_004\\mobile\\app\\Profile.tsx": {"path":"C:\\Users\\holma\\git\\sep2025-project-team_004\\mobile\\app\\Profile.tsx","statementMap":{"0":{"start":{"line":25,"column":2},"end":{"line":25,"column":66}},"1":{"start":{"line":28,"column":33},"end":{"line":33,"column":1}},"2":{"start":{"line":31,"column":4},"end":{"line":31,"column":61}},"3":{"start":{"line":36,"column":21},"end":{"line":36,"column":72}},"4":{"start":{"line":37,"column":26},"end":{"line":37,"column":80}},"5":{"start":{"line":38,"column":42},"end":{"line":38,"column":57}},"6":{"start":{"line":39,"column":40},"end":{"line":39,"column":59}},"7":{"start":{"line":40,"column":25},"end":{"line":40,"column":37}},"8":{"start":{"line":42,"column":2},"end":{"line":50,"column":9}},"9":{"start":{"line":43,"column":22},"end":{"line":48,"column":5}},"10":{"start":{"line":44,"column":20},"end":{"line":44,"column":59}},"11":{"start":{"line":45,"column":6},"end":{"line":47,"column":7}},"12":{"start":{"line":46,"column":8},"end":{"line":46,"column":68}},"13":{"start":{"line":49,"column":4},"end":{"line":49,"column":16}},"14":{"start":{"line":53,"column":2},"end":{"line":93,"column":4}},"15":{"start":{"line":55,"column":28},"end":{"line":60,"column":7}},"16":{"start":{"line":56,"column":31},"end":{"line":56,"column":69}},"17":{"start":{"line":57,"column":8},"end":{"line":59,"column":9}},"18":{"start":{"line":58,"column":10},"end":{"line":58,"column":46}},"19":{"start":{"line":62,"column":31},"end":{"line":88,"column":7}},"20":{"start":{"line":63,"column":8},"end":{"line":87,"column":9}},"21":{"start":{"line":64,"column":28},"end":{"line":64,"column":67}},"22":{"start":{"line":65,"column":10},"end":{"line":67,"column":11}},"23":{"start":{"line":66,"column":12},"end":{"line":66,"column":19}},"24":{"start":{"line":69,"column":27},"end":{"line":75,"column":12}},"25":{"start":{"line":77,"column":10},"end":{"line":79,"column":11}},"26":{"start":{"line":78,"column":12},"end":{"line":78,"column":64}},"27":{"start":{"line":81,"column":23},"end":{"line":81,"column":44}},"28":{"start":{"line":82,"column":30},"end":{"line":82,"column":71}},"29":{"start":{"line":82,"column":55},"end":{"line":82,"column":70}},"30":{"start":{"line":84,"column":10},"end":{"line":84,"column":46}},"31":{"start":{"line":86,"column":10},"end":{"line":86,"column":73}},"32":{"start":{"line":90,"column":6},"end":{"line":90,"column":22}},"33":{"start":{"line":91,"column":6},"end":{"line":91,"column":25}},"34":{"start":{"line":95,"column":23},"end":{"line":105,"column":3}},"35":{"start":{"line":96,"column":4},"end":{"line":104,"column":16}},"36":{"start":{"line":100,"column":48},"end":{"line":100,"column":63}},"37":{"start":{"line":107,"column":24},"end":{"line":118,"column":3}},"38":{"start":{"line":108,"column":4},"end":{"line":108,"column":53}},"39":{"start":{"line":109,"column":4},"end":{"line":117,"column":5}},"40":{"start":{"line":110,"column":6},"end":{"line":110,"column":49}},"41":{"start":{"line":111,"column":6},"end":{"line":111,"column":48}},"42":{"start":{"line":112,"column":6},"end":{"line":112,"column":19}},"43":{"start":{"line":113,"column":6},"end":{"line":113,"column":66}},"44":{"start":{"line":114,"column":6},"end":{"line":114,"column":29}},"45":{"start":{"line":116,"column":6},"end":{"line":116,"column":49}},"46":{"start":{"line":120,"column":2},"end":{"line":286,"column":4}},"47":{"start":{"line":127,"column":33},"end":{"line":127,"column":120}},"48":{"start":{"line":209,"column":25},"end":{"line":209,"column":62}},"49":{"start":{"line":278,"column":47},"end":{"line":278,"column":69}},"50":{"start":{"line":291,"column":15},"end":{"line":418,"column":2}}},"fnMap":{"0":{"name":"(anonymous_0)","decl":{"start":{"line":30,"column":14},"end":{"line":30,"column":15}},"loc":{"start":{"line":31,"column":4},"end":{"line":31,"column":61}},"line":31},"1":{"name":"Profile","decl":{"start":{"line":35,"column":24},"end":{"line":35,"column":31}},"loc":{"start":{"line":35,"column":34},"end":{"line":287,"column":1}},"line":35},"2":{"name":"(anonymous_2)","decl":{"start":{"line":42,"column":12},"end":{"line":42,"column":13}},"loc":{"start":{"line":42,"column":18},"end":{"line":50,"column":3}},"line":42},"3":{"name":"(anonymous_3)","decl":{"start":{"line":43,"column":22},"end":{"line":43,"column":23}},"loc":{"start":{"line":43,"column":34},"end":{"line":48,"column":5}},"line":43},"4":{"name":"(anonymous_4)","decl":{"start":{"line":54,"column":16},"end":{"line":54,"column":17}},"loc":{"start":{"line":54,"column":22},"end":{"line":92,"column":5}},"line":54},"5":{"name":"(anonymous_5)","decl":{"start":{"line":55,"column":28},"end":{"line":55,"column":29}},"loc":{"start":{"line":55,"column":40},"end":{"line":60,"column":7}},"line":55},"6":{"name":"(anonymous_6)","decl":{"start":{"line":62,"column":31},"end":{"line":62,"column":32}},"loc":{"start":{"line":62,"column":43},"end":{"line":88,"column":7}},"line":62},"7":{"name":"(anonymous_7)","decl":{"start":{"line":82,"column":40},"end":{"line":82,"column":41}},"loc":{"start":{"line":82,"column":55},"end":{"line":82,"column":70}},"line":82},"8":{"name":"(anonymous_8)","decl":{"start":{"line":95,"column":23},"end":{"line":95,"column":24}},"loc":{"start":{"line":95,"column":29},"end":{"line":105,"column":3}},"line":95},"9":{"name":"(anonymous_9)","decl":{"start":{"line":100,"column":42},"end":{"line":100,"column":43}},"loc":{"start":{"line":100,"column":48},"end":{"line":100,"column":63}},"line":100},"10":{"name":"(anonymous_10)","decl":{"start":{"line":107,"column":24},"end":{"line":107,"column":25}},"loc":{"start":{"line":107,"column":36},"end":{"line":118,"column":3}},"line":107},"11":{"name":"(anonymous_11)","decl":{"start":{"line":127,"column":27},"end":{"line":127,"column":28}},"loc":{"start":{"line":127,"column":33},"end":{"line":127,"column":120}},"line":127},"12":{"name":"(anonymous_12)","decl":{"start":{"line":169,"column":19},"end":{"line":169,"column":20}},"loc":{"start":{"line":169,"column":25},"end":{"line":171,"column":11}},"line":169},"13":{"name":"(anonymous_13)","decl":{"start":{"line":188,"column":19},"end":{"line":188,"column":20}},"loc":{"start":{"line":188,"column":25},"end":{"line":190,"column":11}},"line":188},"14":{"name":"(anonymous_14)","decl":{"start":{"line":209,"column":19},"end":{"line":209,"column":20}},"loc":{"start":{"line":209,"column":25},"end":{"line":209,"column":62}},"line":209},"15":{"name":"(anonymous_15)","decl":{"start":{"line":230,"column":19},"end":{"line":230,"column":20}},"loc":{"start":{"line":230,"column":25},"end":{"line":232,"column":11}},"line":230},"16":{"name":"(anonymous_16)","decl":{"start":{"line":249,"column":19},"end":{"line":249,"column":20}},"loc":{"start":{"line":249,"column":25},"end":{"line":251,"column":11}},"line":249},"17":{"name":"(anonymous_17)","decl":{"start":{"line":278,"column":41},"end":{"line":278,"column":42}},"loc":{"start":{"line":278,"column":47},"end":{"line":278,"column":69}},"line":278}},"branchMap":{"0":{"loc":{"start":{"line":25,"column":2},"end":{"line":25,"column":66}},"type":"binary-expr","locations":[{"start":{"line":25,"column":2},"end":{"line":25,"column":51}},{"start":{"line":25,"column":55},"end":{"line":25,"column":66}}],"line":25},"1":{"loc":{"start":{"line":45,"column":6},"end":{"line":47,"column":7}},"type":"if","locations":[{"start":{"line":45,"column":6},"end":{"line":47,"column":7}},{"start":{},"end":{}}],"line":45},"2":{"loc":{"start":{"line":57,"column":8},"end":{"line":59,"column":9}},"type":"if","locations":[{"start":{"line":57,"column":8},"end":{"line":59,"column":9}},{"start":{},"end":{}}],"line":57},"3":{"loc":{"start":{"line":65,"column":10},"end":{"line":67,"column":11}},"type":"if","locations":[{"start":{"line":65,"column":10},"end":{"line":67,"column":11}},{"start":{},"end":{}}],"line":65},"4":{"loc":{"start":{"line":77,"column":10},"end":{"line":79,"column":11}},"type":"if","locations":[{"start":{"line":77,"column":10},"end":{"line":79,"column":11}},{"start":{},"end":{}}],"line":77},"5":{"loc":{"start":{"line":84,"column":25},"end":{"line":84,"column":44}},"type":"binary-expr","locations":[{"start":{"line":84,"column":25},"end":{"line":84,"column":36}},{"start":{"line":84,"column":40},"end":{"line":84,"column":44}}],"line":84},"6":{"loc":{"start":{"line":96,"column":4},"end":{"line":104,"column":15}},"type":"cond-expr","locations":[{"start":{"line":96,"column":28},"end":{"line":96,"column":49}},{"start":{"line":96,"column":52},"end":{"line":104,"column":15}}],"line":96},"7":{"loc":{"start":{"line":160,"column":15},"end":{"line":160,"column":75}},"type":"cond-expr","locations":[{"start":{"line":160,"column":22},"end":{"line":160,"column":60}},{"start":{"line":160,"column":63},"end":{"line":160,"column":75}}],"line":160},"8":{"loc":{"start":{"line":162,"column":40},"end":{"line":162,"column":72}},"type":"cond-expr","locations":[{"start":{"line":162,"column":47},"end":{"line":162,"column":57}},{"start":{"line":162,"column":60},"end":{"line":162,"column":72}}],"line":162},"9":{"loc":{"start":{"line":215,"column":17},"end":{"line":217,"column":44}},"type":"cond-expr","locations":[{"start":{"line":216,"column":20},"end":{"line":216,"column":77}},{"start":{"line":217,"column":20},"end":{"line":217,"column":44}}],"line":215}},"s":{"0":0,"1":0,"2":0,"3":0,"4":0,"5":0,"6":0,"7":0,"8":0,"9":0,"10":0,"11":0,"12":0,"13":0,"14":0,"15":0,"16":0,"17":0,"18":0,"19":0,"20":0,"21":0,"22":0,"23":0,"24":0,"25":0,"26":0,"27":0,"28":0,"29":0,"30":0,"31":0,"32":0,"33":0,"34":0,"35":0,"36":0,"37":0,"38":0,"39":0,"40":0,"41":0,"42":0,"43":0,"44":0,"45":0,"46":0,"47":0,"48":0,"49":0,"50":0},"f":{"0":0,"1":0,"2":0,"3":0,"4":0,"5":0,"6":0,"7":0,"8":0,"9":0,"10":0,"11":0,"12":0,"13":0,"14":0,"15":0,"16":0,"17":0},"b":{"0":[0,0],"1":[0,0],"2":[0,0],"3":[0,0],"4":[0,0],"5":[0,0],"6":[0,0],"7":[0,0],"8":[0,0],"9":[0,0]}}
,"C:\\Users\\holma\\git\\sep2025-project-team_004\\mobile\\app\\ResetPasswordScreen.tsx": {"path":"C:\\Users\\holma\\git\\sep2025-project-team_004\\mobile\\app\\ResetPasswordScreen.tsx","statementMap":{"0":{"start":{"line":10,"column":2},"end":{"line":10,"column":66}},"1":{"start":{"line":15,"column":17},"end":{"line":15,"column":28}},"2":{"start":{"line":16,"column":23},"end":{"line":16,"column":36}},"3":{"start":{"line":17,"column":17},"end":{"line":17,"column":39}},"4":{"start":{"line":18,"column":16},"end":{"line":18,"column":38}},"5":{"start":{"line":19,"column":16},"end":{"line":19,"column":38}},"6":{"start":{"line":20,"column":40},"end":{"line":20,"column":52}},"7":{"start":{"line":21,"column":54},"end":{"line":21,"column":66}},"8":{"start":{"line":22,"column":28},"end":{"line":22,"column":40}},"9":{"start":{"line":24,"column":2},"end":{"line":29,"column":21}},"10":{"start":{"line":25,"column":4},"end":{"line":28,"column":5}},"11":{"start":{"line":26,"column":6},"end":{"line":26,"column":76}},"12":{"start":{"line":27,"column":6},"end":{"line":27,"column":26}},"13":{"start":{"line":31,"column":27},"end":{"line":36,"column":3}},"14":{"start":{"line":32,"column":4},"end":{"line":32,"column":83}},"15":{"start":{"line":32,"column":29},"end":{"line":32,"column":83}},"16":{"start":{"line":33,"column":4},"end":{"line":33,"column":82}},"17":{"start":{"line":33,"column":30},"end":{"line":33,"column":82}},"18":{"start":{"line":34,"column":4},"end":{"line":34,"column":88}},"19":{"start":{"line":34,"column":36},"end":{"line":34,"column":88}},"20":{"start":{"line":35,"column":4},"end":{"line":35,"column":16}},"21":{"start":{"line":38,"column":30},"end":{"line":69,"column":3}},"22":{"start":{"line":39,"column":4},"end":{"line":42,"column":5}},"23":{"start":{"line":40,"column":6},"end":{"line":40,"column":45}},"24":{"start":{"line":41,"column":6},"end":{"line":41,"column":13}},"25":{"start":{"line":43,"column":4},"end":{"line":46,"column":5}},"26":{"start":{"line":44,"column":6},"end":{"line":44,"column":42}},"27":{"start":{"line":45,"column":6},"end":{"line":45,"column":13}},"28":{"start":{"line":48,"column":26},"end":{"line":48,"column":55}},"29":{"start":{"line":49,"column":4},"end":{"line":52,"column":5}},"30":{"start":{"line":50,"column":6},"end":{"line":50,"column":30}},"31":{"start":{"line":51,"column":6},"end":{"line":51,"column":13}},"32":{"start":{"line":54,"column":4},"end":{"line":68,"column":5}},"33":{"start":{"line":55,"column":23},"end":{"line":59,"column":8}},"34":{"start":{"line":61,"column":19},"end":{"line":61,"column":40}},"35":{"start":{"line":62,"column":6},"end":{"line":62,"column":94}},"36":{"start":{"line":62,"column":24},"end":{"line":62,"column":94}},"37":{"start":{"line":64,"column":6},"end":{"line":64,"column":59}},"38":{"start":{"line":65,"column":6},"end":{"line":65,"column":26}},"39":{"start":{"line":67,"column":6},"end":{"line":67,"column":81}},"40":{"start":{"line":72,"column":2},"end":{"line":99,"column":4}},"41":{"start":{"line":102,"column":15},"end":{"line":109,"column":2}}},"fnMap":{"0":{"name":"ResetPasswordScreen","decl":{"start":{"line":14,"column":24},"end":{"line":14,"column":43}},"loc":{"start":{"line":14,"column":46},"end":{"line":100,"column":1}},"line":14},"1":{"name":"(anonymous_1)","decl":{"start":{"line":24,"column":12},"end":{"line":24,"column":13}},"loc":{"start":{"line":24,"column":18},"end":{"line":29,"column":3}},"line":24},"2":{"name":"(anonymous_2)","decl":{"start":{"line":31,"column":27},"end":{"line":31,"column":28}},"loc":{"start":{"line":31,"column":49},"end":{"line":36,"column":3}},"line":31},"3":{"name":"(anonymous_3)","decl":{"start":{"line":38,"column":30},"end":{"line":38,"column":31}},"loc":{"start":{"line":38,"column":42},"end":{"line":69,"column":3}},"line":38}},"branchMap":{"0":{"loc":{"start":{"line":10,"column":2},"end":{"line":10,"column":66}},"type":"binary-expr","locations":[{"start":{"line":10,"column":2},"end":{"line":10,"column":51}},{"start":{"line":10,"column":55},"end":{"line":10,"column":66}}],"line":10},"1":{"loc":{"start":{"line":25,"column":4},"end":{"line":28,"column":5}},"type":"if","locations":[{"start":{"line":25,"column":4},"end":{"line":28,"column":5}},{"start":{},"end":{}}],"line":25},"2":{"loc":{"start":{"line":25,"column":8},"end":{"line":25,"column":24}},"type":"binary-expr","locations":[{"start":{"line":25,"column":8},"end":{"line":25,"column":14}},{"start":{"line":25,"column":18},"end":{"line":25,"column":24}}],"line":25},"3":{"loc":{"start":{"line":32,"column":4},"end":{"line":32,"column":83}},"type":"if","locations":[{"start":{"line":32,"column":4},"end":{"line":32,"column":83}},{"start":{},"end":{}}],"line":32},"4":{"loc":{"start":{"line":33,"column":4},"end":{"line":33,"column":82}},"type":"if","locations":[{"start":{"line":33,"column":4},"end":{"line":33,"column":82}},{"start":{},"end":{}}],"line":33},"5":{"loc":{"start":{"line":34,"column":4},"end":{"line":34,"column":88}},"type":"if","locations":[{"start":{"line":34,"column":4},"end":{"line":34,"column":88}},{"start":{},"end":{}}],"line":34},"6":{"loc":{"start":{"line":39,"column":4},"end":{"line":42,"column":5}},"type":"if","locations":[{"start":{"line":39,"column":4},"end":{"line":42,"column":5}},{"start":{},"end":{}}],"line":39},"7":{"loc":{"start":{"line":39,"column":8},"end":{"line":39,"column":43}},"type":"binary-expr","locations":[{"start":{"line":39,"column":8},"end":{"line":39,"column":20}},{"start":{"line":39,"column":24},"end":{"line":39,"column":43}}],"line":39},"8":{"loc":{"start":{"line":43,"column":4},"end":{"line":46,"column":5}},"type":"if","locations":[{"start":{"line":43,"column":4},"end":{"line":46,"column":5}},{"start":{},"end":{}}],"line":43},"9":{"loc":{"start":{"line":49,"column":4},"end":{"line":52,"column":5}},"type":"if","locations":[{"start":{"line":49,"column":4},"end":{"line":52,"column":5}},{"start":{},"end":{}}],"line":49},"10":{"loc":{"start":{"line":62,"column":6},"end":{"line":62,"column":94}},"type":"if","locations":[{"start":{"line":62,"column":6},"end":{"line":62,"column":94}},{"start":{},"end":{}}],"line":62},"11":{"loc":{"start":{"line":62,"column":40},"end":{"line":62,"column":92}},"type":"binary-expr","locations":[{"start":{"line":62,"column":40},"end":{"line":62,"column":50}},{"start":{"line":62,"column":54},"end":{"line":62,"column":92}}],"line":62},"12":{"loc":{"start":{"line":67,"column":15},"end":{"line":67,"column":79}},"type":"cond-expr","locations":[{"start":{"line":67,"column":40},"end":{"line":67,"column":53}},{"start":{"line":67,"column":56},"end":{"line":67,"column":79}}],"line":67},"13":{"loc":{"start":{"line":75,"column":7},"end":{"line":75,"column":86}},"type":"cond-expr","locations":[{"start":{"line":75,"column":15},"end":{"line":75,"column":79}},{"start":{"line":75,"column":82},"end":{"line":75,"column":86}}],"line":75}},"s":{"0":1,"1":10,"2":10,"3":10,"4":10,"5":10,"6":10,"7":10,"8":10,"9":10,"10":4,"11":0,"12":0,"13":10,"14":2,"15":1,"16":1,"17":0,"18":1,"19":0,"20":1,"21":10,"22":3,"23":1,"24":1,"25":2,"26":0,"27":0,"28":2,"29":2,"30":1,"31":1,"32":1,"33":1,"34":1,"35":1,"36":0,"37":1,"38":1,"39":0,"40":10,"41":1},"f":{"0":10,"1":4,"2":2,"3":3},"b":{"0":[1,1],"1":[0,4],"2":[4,4],"3":[1,1],"4":[0,1],"5":[0,1],"6":[1,2],"7":[3,2],"8":[0,2],"9":[1,1],"10":[0,1],"11":[0,0],"12":[0,0],"13":[2,8]},"_coverageSchema":"1a1c01bbd47fc00a2c39e90264f33305004495a9","hash":"592208cba4a1fdda789a1314da65c202c759f021"}
,"C:\\Users\\holma\\git\\sep2025-project-team_004\\mobile\\app\\_layout.tsx": {"path":"C:\\Users\\holma\\git\\sep2025-project-team_004\\mobile\\app\\_layout.tsx","statementMap":{"0":{"start":{"line":17,"column":0},"end":{"line":17,"column":36}},"1":{"start":{"line":19,"column":17},"end":{"line":19,"column":28}},"2":{"start":{"line":20,"column":22},"end":{"line":20,"column":38}},"3":{"start":{"line":21,"column":19},"end":{"line":26,"column":4}},"4":{"start":{"line":28,"column":48},"end":{"line":28,"column":78}},"5":{"start":{"line":32,"column":2},"end":{"line":70,"column":15}},"6":{"start":{"line":33,"column":22},"end":{"line":37,"column":5}},"7":{"start":{"line":34,"column":20},"end":{"line":34,"column":59}},"8":{"start":{"line":35,"column":6},"end":{"line":35,"column":34}},"9":{"start":{"line":36,"column":6},"end":{"line":36,"column":37}},"10":{"start":{"line":38,"column":4},"end":{"line":38,"column":16}},"11":{"start":{"line":40,"column":27},"end":{"line":61,"column":5}},"12":{"start":{"line":42,"column":6},"end":{"line":60,"column":7}},"13":{"start":{"line":44,"column":38},"end":{"line":44,"column":62}},"14":{"start":{"line":47,"column":8},"end":{"line":58,"column":9}},"15":{"start":{"line":53,"column":10},"end":{"line":56,"column":13}},"16":{"start":{"line":63,"column":25},"end":{"line":63,"column":72}},"17":{"start":{"line":65,"column":4},"end":{"line":69,"column":7}},"18":{"start":{"line":66,"column":6},"end":{"line":68,"column":7}},"19":{"start":{"line":67,"column":8},"end":{"line":67,"column":32}},"20":{"start":{"line":74,"column":2},"end":{"line":76,"column":3}},"21":{"start":{"line":75,"column":4},"end":{"line":75,"column":16}},"22":{"start":{"line":78,"column":2},"end":{"line":95,"column":4}}},"fnMap":{"0":{"name":"RootLayout","decl":{"start":{"line":18,"column":24},"end":{"line":18,"column":34}},"loc":{"start":{"line":18,"column":37},"end":{"line":96,"column":1}},"line":18},"1":{"name":"(anonymous_1)","decl":{"start":{"line":32,"column":12},"end":{"line":32,"column":13}},"loc":{"start":{"line":32,"column":18},"end":{"line":70,"column":3}},"line":32},"2":{"name":"(anonymous_2)","decl":{"start":{"line":33,"column":22},"end":{"line":33,"column":23}},"loc":{"start":{"line":33,"column":34},"end":{"line":37,"column":5}},"line":33},"3":{"name":"(anonymous_3)","decl":{"start":{"line":40,"column":27},"end":{"line":40,"column":28}},"loc":{"start":{"line":40,"column":55},"end":{"line":61,"column":5}},"line":40},"4":{"name":"(anonymous_4)","decl":{"start":{"line":65,"column":33},"end":{"line":65,"column":34}},"loc":{"start":{"line":65,"column":42},"end":{"line":69,"column":5}},"line":65}},"branchMap":{"0":{"loc":{"start":{"line":47,"column":8},"end":{"line":58,"column":9}},"type":"if","locations":[{"start":{"line":47,"column":8},"end":{"line":58,"column":9}},{"start":{"line":57,"column":15},"end":{"line":58,"column":9}}],"line":47},"1":{"loc":{"start":{"line":48,"column":10},"end":{"line":51,"column":47}},"type":"binary-expr","locations":[{"start":{"line":48,"column":10},"end":{"line":48,"column":40}},{"start":{"line":49,"column":10},"end":{"line":49,"column":21}},{"start":{"line":50,"column":10},"end":{"line":50,"column":47}},{"start":{"line":51,"column":10},"end":{"line":51,"column":47}}],"line":48},"2":{"loc":{"start":{"line":66,"column":6},"end":{"line":68,"column":7}},"type":"if","locations":[{"start":{"line":66,"column":6},"end":{"line":68,"column":7}},{"start":{},"end":{}}],"line":66},"3":{"loc":{"start":{"line":74,"column":2},"end":{"line":76,"column":3}},"type":"if","locations":[{"start":{"line":74,"column":2},"end":{"line":76,"column":3}},{"start":{},"end":{}}],"line":74},"4":{"loc":{"start":{"line":74,"column":6},"end":{"line":74,"column":41}},"type":"binary-expr","locations":[{"start":{"line":74,"column":6},"end":{"line":74,"column":13}},{"start":{"line":74,"column":17},"end":{"line":74,"column":41}}],"line":74},"5":{"loc":{"start":{"line":81,"column":30},"end":{"line":81,"column":79}},"type":"cond-expr","locations":[{"start":{"line":81,"column":55},"end":{"line":81,"column":64}},{"start":{"line":81,"column":67},"end":{"line":81,"column":79}}],"line":81},"6":{"loc":{"start":{"line":84,"column":19},"end":{"line":84,"column":55}},"type":"cond-expr","locations":[{"start":{"line":84,"column":37},"end":{"line":84,"column":45}},{"start":{"line":84,"column":48},"end":{"line":84,"column":55}}],"line":84}},"s":{"0":0,"1":0,"2":0,"3":0,"4":0,"5":0,"6":0,"7":0,"8":0,"9":0,"10":0,"11":0,"12":0,"13":0,"14":0,"15":0,"16":0,"17":0,"18":0,"19":0,"20":0,"21":0,"22":0},"f":{"0":0,"1":0,"2":0,"3":0,"4":0},"b":{"0":[0,0],"1":[0,0,0,0],"2":[0,0],"3":[0,0],"4":[0,0],"5":[0,0],"6":[0,0]}}
,"C:\\Users\\holma\\git\\sep2025-project-team_004\\mobile\\app\\add-payment.tsx": {"path":"C:\\Users\\holma\\git\\sep2025-project-team_004\\mobile\\app\\add-payment.tsx","statementMap":{"0":{"start":{"line":25,"column":2},"end":{"line":25,"column":66}},"1":{"start":{"line":28,"column":21},"end":{"line":28,"column":72}},"2":{"start":{"line":29,"column":31},"end":{"line":29,"column":44}},"3":{"start":{"line":30,"column":17},"end":{"line":30,"column":28}},"4":{"start":{"line":31,"column":22},"end":{"line":31,"column":34}},"5":{"start":{"line":32,"column":38},"end":{"line":32,"column":50}},"6":{"start":{"line":33,"column":38},"end":{"line":33,"column":50}},"7":{"start":{"line":34,"column":30},"end":{"line":34,"column":42}},"8":{"start":{"line":36,"column":22},"end":{"line":46,"column":3}},"9":{"start":{"line":37,"column":22},"end":{"line":37,"column":47}},"10":{"start":{"line":38,"column":4},"end":{"line":44,"column":5}},"11":{"start":{"line":40,"column":6},"end":{"line":40,"column":57}},"12":{"start":{"line":40,"column":37},"end":{"line":40,"column":57}},"13":{"start":{"line":41,"column":6},"end":{"line":41,"column":59}},"14":{"start":{"line":41,"column":41},"end":{"line":41,"column":59}},"15":{"start":{"line":42,"column":6},"end":{"line":42,"column":50}},"16":{"start":{"line":42,"column":36},"end":{"line":42,"column":50}},"17":{"start":{"line":43,"column":6},"end":{"line":43,"column":46}},"18":{"start":{"line":43,"column":32},"end":{"line":43,"column":46}},"19":{"start":{"line":45,"column":4},"end":{"line":45,"column":14}},"20":{"start":{"line":48,"column":44},"end":{"line":53,"column":3}},"21":{"start":{"line":57,"column":22},"end":{"line":57,"column":24}},"22":{"start":{"line":58,"column":30},"end":{"line":58,"column":59}},"23":{"start":{"line":60,"column":4},"end":{"line":61,"column":69}},"24":{"start":{"line":63,"column":4},"end":{"line":63,"column":50}},"25":{"start":{"line":65,"column":33},"end":{"line":73,"column":3}},"26":{"start":{"line":67,"column":19},"end":{"line":67,"column":55}},"27":{"start":{"line":70,"column":22},"end":{"line":70,"column":62}},"28":{"start":{"line":72,"column":4},"end":{"line":72,"column":29}},"29":{"start":{"line":75,"column":29},"end":{"line":85,"column":3}},"30":{"start":{"line":76,"column":19},"end":{"line":76,"column":42}},"31":{"start":{"line":77,"column":20},"end":{"line":77,"column":26}},"32":{"start":{"line":78,"column":4},"end":{"line":80,"column":5}},"33":{"start":{"line":79,"column":6},"end":{"line":79,"column":64}},"34":{"start":{"line":81,"column":4},"end":{"line":83,"column":5}},"35":{"start":{"line":82,"column":6},"end":{"line":82,"column":40}},"36":{"start":{"line":84,"column":4},"end":{"line":84,"column":25}},"37":{"start":{"line":87,"column":27},"end":{"line":87,"column":59}},"38":{"start":{"line":89,"column":24},"end":{"line":105,"column":3}},"39":{"start":{"line":90,"column":20},"end":{"line":96,"column":5}},"40":{"start":{"line":98,"column":4},"end":{"line":104,"column":5}},"41":{"start":{"line":99,"column":6},"end":{"line":99,"column":29}},"42":{"start":{"line":100,"column":6},"end":{"line":100,"column":65}},"43":{"start":{"line":101,"column":6},"end":{"line":101,"column":40}},"44":{"start":{"line":103,"column":6},"end":{"line":103,"column":59}},"45":{"start":{"line":107,"column":2},"end":{"line":206,"column":4}},"46":{"start":{"line":113,"column":64},"end":{"line":113,"column":83}},"47":{"start":{"line":209,"column":15},"end":{"line":341,"column":2}}},"fnMap":{"0":{"name":"PaymentMethod","decl":{"start":{"line":27,"column":24},"end":{"line":27,"column":37}},"loc":{"start":{"line":27,"column":40},"end":{"line":207,"column":1}},"line":27},"1":{"name":"(anonymous_1)","decl":{"start":{"line":36,"column":22},"end":{"line":36,"column":23}},"loc":{"start":{"line":36,"column":42},"end":{"line":46,"column":3}},"line":36},"2":{"name":"(anonymous_2)","decl":{"start":{"line":65,"column":33},"end":{"line":65,"column":34}},"loc":{"start":{"line":65,"column":51},"end":{"line":73,"column":3}},"line":65},"3":{"name":"(anonymous_3)","decl":{"start":{"line":75,"column":29},"end":{"line":75,"column":30}},"loc":{"start":{"line":75,"column":47},"end":{"line":85,"column":3}},"line":75},"4":{"name":"(anonymous_4)","decl":{"start":{"line":89,"column":24},"end":{"line":89,"column":25}},"loc":{"start":{"line":89,"column":36},"end":{"line":105,"column":3}},"line":89},"5":{"name":"(anonymous_5)","decl":{"start":{"line":113,"column":58},"end":{"line":113,"column":59}},"loc":{"start":{"line":113,"column":64},"end":{"line":113,"column":83}},"line":113}},"branchMap":{"0":{"loc":{"start":{"line":25,"column":2},"end":{"line":25,"column":66}},"type":"binary-expr","locations":[{"start":{"line":25,"column":2},"end":{"line":25,"column":51}},{"start":{"line":25,"column":55},"end":{"line":25,"column":66}}],"line":25},"1":{"loc":{"start":{"line":38,"column":4},"end":{"line":44,"column":5}},"type":"if","locations":[{"start":{"line":38,"column":4},"end":{"line":44,"column":5}},{"start":{},"end":{}}],"line":38},"2":{"loc":{"start":{"line":40,"column":6},"end":{"line":40,"column":57}},"type":"if","locations":[{"start":{"line":40,"column":6},"end":{"line":40,"column":57}},{"start":{},"end":{}}],"line":40},"3":{"loc":{"start":{"line":41,"column":6},"end":{"line":41,"column":59}},"type":"if","locations":[{"start":{"line":41,"column":6},"end":{"line":41,"column":59}},{"start":{},"end":{}}],"line":41},"4":{"loc":{"start":{"line":42,"column":6},"end":{"line":42,"column":50}},"type":"if","locations":[{"start":{"line":42,"column":6},"end":{"line":42,"column":50}},{"start":{},"end":{}}],"line":42},"5":{"loc":{"start":{"line":43,"column":6},"end":{"line":43,"column":46}},"type":"if","locations":[{"start":{"line":43,"column":6},"end":{"line":43,"column":46}},{"start":{},"end":{}}],"line":43},"6":{"loc":{"start":{"line":63,"column":4},"end":{"line":63,"column":50}},"type":"binary-expr","locations":[{"start":{"line":63,"column":4},"end":{"line":63,"column":44}},{"start":{"line":63,"column":48},"end":{"line":63,"column":50}}],"line":63},"7":{"loc":{"start":{"line":70,"column":22},"end":{"line":70,"column":62}},"type":"binary-expr","locations":[{"start":{"line":70,"column":22},"end":{"line":70,"column":56}},{"start":{"line":70,"column":60},"end":{"line":70,"column":62}}],"line":70},"8":{"loc":{"start":{"line":78,"column":4},"end":{"line":80,"column":5}},"type":"if","locations":[{"start":{"line":78,"column":4},"end":{"line":80,"column":5}},{"start":{},"end":{}}],"line":78},"9":{"loc":{"start":{"line":81,"column":4},"end":{"line":83,"column":5}},"type":"if","locations":[{"start":{"line":81,"column":4},"end":{"line":83,"column":5}},{"start":{},"end":{}}],"line":81},"10":{"loc":{"start":{"line":137,"column":17},"end":{"line":143,"column":24}},"type":"cond-expr","locations":[{"start":{"line":138,"column":18},"end":{"line":142,"column":20}},{"start":{"line":143,"column":20},"end":{"line":143,"column":24}}],"line":137}},"s":{"0":1,"1":20,"2":20,"3":20,"4":20,"5":20,"6":20,"7":20,"8":20,"9":20,"10":20,"11":8,"12":0,"13":8,"14":0,"15":8,"16":0,"17":8,"18":8,"19":12,"20":20,"21":20,"22":20,"23":20,"24":20,"25":20,"26":3,"27":3,"28":3,"29":20,"30":2,"31":2,"32":2,"33":2,"34":2,"35":0,"36":2,"37":20,"38":20,"39":4,"40":4,"41":4,"42":4,"43":4,"44":0,"45":20,"46":1,"47":1},"f":{"0":20,"1":20,"2":3,"3":2,"4":4,"5":1},"b":{"0":[1,1],"1":[8,12],"2":[0,8],"3":[0,8],"4":[0,8],"5":[8,0],"6":[20,0],"7":[3,0],"8":[2,0],"9":[0,2],"10":[8,12]},"_coverageSchema":"1a1c01bbd47fc00a2c39e90264f33305004495a9","hash":"9ccba551caab5e8e88b47b333872801df277688e"}
,"C:\\Users\\holma\\git\\sep2025-project-team_004\\mobile\\app\\cart.tsx": {"path":"C:\\Users\\holma\\git\\sep2025-project-team_004\\mobile\\app\\cart.tsx","statementMap":{"0":{"start":{"line":8,"column":17},"end":{"line":8,"column":28}},"1":{"start":{"line":9,"column":22},"end":{"line":9,"column":45}},"2":{"start":{"line":11,"column":2},"end":{"line":13,"column":3}},"3":{"start":{"line":12,"column":4},"end":{"line":12,"column":35}},"4":{"start":{"line":15,"column":55},"end":{"line":15,"column":66}},"5":{"start":{"line":18,"column":2},"end":{"line":70,"column":4}},"6":{"start":{"line":22,"column":49},"end":{"line":22,"column":62}},"7":{"start":{"line":33,"column":34},"end":{"line":33,"column":52}},"8":{"start":{"line":35,"column":12},"end":{"line":58,"column":19}},"9":{"start":{"line":45,"column":51},"end":{"line":45,"column":110}},"10":{"start":{"line":49,"column":51},"end":{"line":49,"column":97}},"11":{"start":{"line":55,"column":47},"end":{"line":55,"column":70}},"12":{"start":{"line":66,"column":51},"end":{"line":66,"column":85}},"13":{"start":{"line":73,"column":15},"end":{"line":117,"column":2}}},"fnMap":{"0":{"name":"CartScreen","decl":{"start":{"line":7,"column":24},"end":{"line":7,"column":34}},"loc":{"start":{"line":7,"column":37},"end":{"line":71,"column":1}},"line":7},"1":{"name":"(anonymous_1)","decl":{"start":{"line":22,"column":43},"end":{"line":22,"column":44}},"loc":{"start":{"line":22,"column":49},"end":{"line":22,"column":62}},"line":22},"2":{"name":"(anonymous_2)","decl":{"start":{"line":33,"column":24},"end":{"line":33,"column":25}},"loc":{"start":{"line":33,"column":34},"end":{"line":33,"column":52}},"line":33},"3":{"name":"(anonymous_3)","decl":{"start":{"line":34,"column":22},"end":{"line":34,"column":23}},"loc":{"start":{"line":35,"column":12},"end":{"line":58,"column":19}},"line":35},"4":{"name":"(anonymous_4)","decl":{"start":{"line":45,"column":45},"end":{"line":45,"column":46}},"loc":{"start":{"line":45,"column":51},"end":{"line":45,"column":110}},"line":45},"5":{"name":"(anonymous_5)","decl":{"start":{"line":49,"column":45},"end":{"line":49,"column":46}},"loc":{"start":{"line":49,"column":51},"end":{"line":49,"column":97}},"line":49},"6":{"name":"(anonymous_6)","decl":{"start":{"line":55,"column":41},"end":{"line":55,"column":42}},"loc":{"start":{"line":55,"column":47},"end":{"line":55,"column":70}},"line":55},"7":{"name":"(anonymous_7)","decl":{"start":{"line":66,"column":34},"end":{"line":66,"column":35}},"loc":{"start":{"line":66,"column":51},"end":{"line":66,"column":85}},"line":66}},"branchMap":{"0":{"loc":{"start":{"line":11,"column":2},"end":{"line":13,"column":3}},"type":"if","locations":[{"start":{"line":11,"column":2},"end":{"line":13,"column":3}},{"start":{},"end":{}}],"line":11},"1":{"loc":{"start":{"line":28,"column":7},"end":{"line":61,"column":7}},"type":"cond-expr","locations":[{"start":{"line":29,"column":8},"end":{"line":29,"column":65}},{"start":{"line":31,"column":8},"end":{"line":60,"column":10}}],"line":28},"2":{"loc":{"start":{"line":38,"column":24},"end":{"line":38,"column":101}},"type":"cond-expr","locations":[{"start":{"line":38,"column":37},"end":{"line":38,"column":56}},{"start":{"line":38,"column":59},"end":{"line":38,"column":101}}],"line":38}},"s":{"0":6,"1":6,"2":6,"3":0,"4":6,"5":6,"6":1,"7":15,"8":10,"9":1,"10":1,"11":1,"12":10,"13":1},"f":{"0":6,"1":1,"2":15,"3":10,"4":1,"5":1,"6":1,"7":10},"b":{"0":[0,6],"1":[1,5],"2":[10,0]},"_coverageSchema":"1a1c01bbd47fc00a2c39e90264f33305004495a9","hash":"5d8b0903fdd368c89395a7cbabcbc36d873e639d"}
,"C:\\Users\\holma\\git\\sep2025-project-team_004\\mobile\\app\\editProfile.tsx": {"path":"C:\\Users\\holma\\git\\sep2025-project-team_004\\mobile\\app\\editProfile.tsx","statementMap":{"0":{"start":{"line":10,"column":2},"end":{"line":10,"column":66}},"1":{"start":{"line":14,"column":34},"end":{"line":213,"column":1}},"2":{"start":{"line":15,"column":21},"end":{"line":15,"column":72}},"3":{"start":{"line":16,"column":33},"end":{"line":16,"column":46}},"4":{"start":{"line":18,"column":34},"end":{"line":18,"column":46}},"5":{"start":{"line":19,"column":36},"end":{"line":19,"column":48}},"6":{"start":{"line":20,"column":34},"end":{"line":20,"column":46}},"7":{"start":{"line":21,"column":28},"end":{"line":21,"column":40}},"8":{"start":{"line":22,"column":32},"end":{"line":22,"column":44}},"9":{"start":{"line":23,"column":26},"end":{"line":23,"column":38}},"10":{"start":{"line":24,"column":28},"end":{"line":24,"column":40}},"11":{"start":{"line":25,"column":32},"end":{"line":25,"column":44}},"12":{"start":{"line":26,"column":32},"end":{"line":26,"column":47}},"13":{"start":{"line":28,"column":27},"end":{"line":69,"column":1}},"14":{"start":{"line":29,"column":4},"end":{"line":68,"column":5}},"15":{"start":{"line":30,"column":22},"end":{"line":30,"column":61}},"16":{"start":{"line":32,"column":8},"end":{"line":35,"column":9}},"17":{"start":{"line":33,"column":12},"end":{"line":33,"column":63}},"18":{"start":{"line":34,"column":12},"end":{"line":34,"column":19}},"19":{"start":{"line":37,"column":25},"end":{"line":43,"column":10}},"20":{"start":{"line":45,"column":8},"end":{"line":49,"column":9}},"21":{"start":{"line":46,"column":12},"end":{"line":46,"column":70}},"22":{"start":{"line":47,"column":12},"end":{"line":47,"column":88}},"23":{"start":{"line":48,"column":12},"end":{"line":48,"column":19}},"24":{"start":{"line":51,"column":8},"end":{"line":53,"column":9}},"25":{"start":{"line":52,"column":12},"end":{"line":52,"column":79}},"26":{"start":{"line":55,"column":25},"end":{"line":55,"column":46}},"27":{"start":{"line":57,"column":8},"end":{"line":57,"column":39}},"28":{"start":{"line":58,"column":8},"end":{"line":58,"column":42}},"29":{"start":{"line":59,"column":8},"end":{"line":59,"column":40}},"30":{"start":{"line":60,"column":8},"end":{"line":60,"column":40}},"31":{"start":{"line":61,"column":8},"end":{"line":61,"column":37}},"32":{"start":{"line":62,"column":8},"end":{"line":62,"column":31}},"33":{"start":{"line":63,"column":8},"end":{"line":63,"column":33}},"34":{"start":{"line":64,"column":8},"end":{"line":64,"column":38}},"35":{"start":{"line":66,"column":8},"end":{"line":66,"column":61}},"36":{"start":{"line":67,"column":8},"end":{"line":67,"column":78}},"37":{"start":{"line":72,"column":2},"end":{"line":74,"column":9}},"38":{"start":{"line":73,"column":4},"end":{"line":73,"column":23}},"39":{"start":{"line":76,"column":28},"end":{"line":118,"column":1}},"40":{"start":{"line":77,"column":4},"end":{"line":117,"column":5}},"41":{"start":{"line":78,"column":22},"end":{"line":78,"column":61}},"42":{"start":{"line":80,"column":8},"end":{"line":83,"column":9}},"43":{"start":{"line":81,"column":12},"end":{"line":81,"column":63}},"44":{"start":{"line":82,"column":12},"end":{"line":82,"column":19}},"45":{"start":{"line":85,"column":25},"end":{"line":100,"column":10}},"46":{"start":{"line":102,"column":8},"end":{"line":107,"column":9}},"47":{"start":{"line":103,"column":30},"end":{"line":103,"column":51}},"48":{"start":{"line":104,"column":12},"end":{"line":104,"column":55}},"49":{"start":{"line":105,"column":12},"end":{"line":105,"column":82}},"50":{"start":{"line":106,"column":12},"end":{"line":106,"column":19}},"51":{"start":{"line":109,"column":28},"end":{"line":109,"column":49}},"52":{"start":{"line":111,"column":8},"end":{"line":111,"column":62}},"53":{"start":{"line":112,"column":8},"end":{"line":112,"column":28}},"54":{"start":{"line":115,"column":8},"end":{"line":115,"column":56}},"55":{"start":{"line":116,"column":8},"end":{"line":116,"column":58}},"56":{"start":{"line":121,"column":2},"end":{"line":212,"column":4}},"57":{"start":{"line":125,"column":31},"end":{"line":125,"column":121}},"58":{"start":{"line":215,"column":15},"end":{"line":267,"column":2}}},"fnMap":{"0":{"name":"(anonymous_0)","decl":{"start":{"line":14,"column":34},"end":{"line":14,"column":35}},"loc":{"start":{"line":14,"column":40},"end":{"line":213,"column":1}},"line":14},"1":{"name":"(anonymous_1)","decl":{"start":{"line":28,"column":27},"end":{"line":28,"column":28}},"loc":{"start":{"line":28,"column":39},"end":{"line":69,"column":1}},"line":28},"2":{"name":"(anonymous_2)","decl":{"start":{"line":72,"column":12},"end":{"line":72,"column":13}},"loc":{"start":{"line":72,"column":18},"end":{"line":74,"column":3}},"line":72},"3":{"name":"(anonymous_3)","decl":{"start":{"line":76,"column":28},"end":{"line":76,"column":29}},"loc":{"start":{"line":76,"column":40},"end":{"line":118,"column":1}},"line":76},"4":{"name":"(anonymous_4)","decl":{"start":{"line":125,"column":25},"end":{"line":125,"column":26}},"loc":{"start":{"line":125,"column":31},"end":{"line":125,"column":121}},"line":125}},"branchMap":{"0":{"loc":{"start":{"line":10,"column":2},"end":{"line":10,"column":66}},"type":"binary-expr","locations":[{"start":{"line":10,"column":2},"end":{"line":10,"column":51}},{"start":{"line":10,"column":55},"end":{"line":10,"column":66}}],"line":10},"1":{"loc":{"start":{"line":32,"column":8},"end":{"line":35,"column":9}},"type":"if","locations":[{"start":{"line":32,"column":8},"end":{"line":35,"column":9}},{"start":{},"end":{}}],"line":32},"2":{"loc":{"start":{"line":45,"column":8},"end":{"line":49,"column":9}},"type":"if","locations":[{"start":{"line":45,"column":8},"end":{"line":49,"column":9}},{"start":{},"end":{}}],"line":45},"3":{"loc":{"start":{"line":51,"column":8},"end":{"line":53,"column":9}},"type":"if","locations":[{"start":{"line":51,"column":8},"end":{"line":53,"column":9}},{"start":{},"end":{}}],"line":51},"4":{"loc":{"start":{"line":80,"column":8},"end":{"line":83,"column":9}},"type":"if","locations":[{"start":{"line":80,"column":8},"end":{"line":83,"column":9}},{"start":{},"end":{}}],"line":80},"5":{"loc":{"start":{"line":102,"column":8},"end":{"line":107,"column":9}},"type":"if","locations":[{"start":{"line":102,"column":8},"end":{"line":107,"column":9}},{"start":{},"end":{}}],"line":102},"6":{"loc":{"start":{"line":105,"column":33},"end":{"line":105,"column":80}},"type":"binary-expr","locations":[{"start":{"line":105,"column":33},"end":{"line":105,"column":49}},{"start":{"line":105,"column":53},"end":{"line":105,"column":80}}],"line":105},"7":{"loc":{"start":{"line":208,"column":11},"end":{"line":208,"column":53}},"type":"cond-expr","locations":[{"start":{"line":208,"column":21},"end":{"line":208,"column":34}},{"start":{"line":208,"column":37},"end":{"line":208,"column":53}}],"line":208},"8":{"loc":{"start":{"line":219,"column":16},"end":{"line":219,"column":47}},"type":"cond-expr","locations":[{"start":{"line":219,"column":40},"end":{"line":219,"column":42}},{"start":{"line":219,"column":45},"end":{"line":219,"column":47}}],"line":219},"9":{"loc":{"start":{"line":236,"column":9},"end":{"line":236,"column":40}},"type":"cond-expr","locations":[{"start":{"line":236,"column":33},"end":{"line":236,"column":35}},{"start":{"line":236,"column":38},"end":{"line":236,"column":40}}],"line":236}},"s":{"0":1,"1":1,"2":6,"3":6,"4":6,"5":6,"6":6,"7":6,"8":6,"9":6,"10":6,"11":6,"12":6,"13":6,"14":3,"15":3,"16":3,"17":0,"18":0,"19":3,"20":3,"21":0,"22":0,"23":0,"24":3,"25":0,"26":3,"27":3,"28":3,"29":3,"30":3,"31":3,"32":3,"33":3,"34":3,"35":0,"36":0,"37":6,"38":3,"39":6,"40":1,"41":1,"42":1,"43":0,"44":0,"45":1,"46":1,"47":0,"48":0,"49":0,"50":0,"51":1,"52":1,"53":1,"54":0,"55":0,"56":6,"57":1,"58":1},"f":{"0":6,"1":3,"2":3,"3":1,"4":1},"b":{"0":[1,1],"1":[0,3],"2":[0,3],"3":[0,3],"4":[0,1],"5":[0,1],"6":[0,0],"7":[0,6],"8":[1,0],"9":[1,0]},"_coverageSchema":"1a1c01bbd47fc00a2c39e90264f33305004495a9","hash":"43c32f776479aa636cd1b84503742d8dcfadcb7f"}
,"C:\\Users\\holma\\git\\sep2025-project-team_004\\mobile\\app\\forgot.tsx": {"path":"C:\\Users\\holma\\git\\sep2025-project-team_004\\mobile\\app\\forgot.tsx","statementMap":{"0":{"start":{"line":11,"column":2},"end":{"line":11,"column":66}},"1":{"start":{"line":14,"column":28},"end":{"line":14,"column":40}},"2":{"start":{"line":15,"column":28},"end":{"line":15,"column":40}},"3":{"start":{"line":16,"column":23},"end":{"line":16,"column":36}},"4":{"start":{"line":17,"column":21},"end":{"line":17,"column":72}},"5":{"start":{"line":19,"column":23},"end":{"line":42,"column":3}},"6":{"start":{"line":20,"column":4},"end":{"line":20,"column":17}},"7":{"start":{"line":21,"column":4},"end":{"line":24,"column":5}},"8":{"start":{"line":22,"column":6},"end":{"line":22,"column":37}},"9":{"start":{"line":23,"column":6},"end":{"line":23,"column":13}},"10":{"start":{"line":25,"column":4},"end":{"line":41,"column":5}},"11":{"start":{"line":26,"column":23},"end":{"line":30,"column":8}},"12":{"start":{"line":32,"column":6},"end":{"line":34,"column":7}},"13":{"start":{"line":33,"column":8},"end":{"line":33,"column":72}},"14":{"start":{"line":36,"column":6},"end":{"line":36,"column":71}},"15":{"start":{"line":37,"column":6},"end":{"line":37,"column":19}},"16":{"start":{"line":38,"column":6},"end":{"line":38,"column":35}},"17":{"start":{"line":40,"column":6},"end":{"line":40,"column":48}},"18":{"start":{"line":44,"column":2},"end":{"line":72,"column":4}},"19":{"start":{"line":67,"column":29},"end":{"line":67,"column":48}},"20":{"start":{"line":75,"column":15},"end":{"line":117,"column":2}}},"fnMap":{"0":{"name":"ForgotScreen","decl":{"start":{"line":13,"column":24},"end":{"line":13,"column":36}},"loc":{"start":{"line":13,"column":39},"end":{"line":73,"column":1}},"line":13},"1":{"name":"(anonymous_1)","decl":{"start":{"line":19,"column":23},"end":{"line":19,"column":24}},"loc":{"start":{"line":19,"column":35},"end":{"line":42,"column":3}},"line":19},"2":{"name":"(anonymous_2)","decl":{"start":{"line":67,"column":23},"end":{"line":67,"column":24}},"loc":{"start":{"line":67,"column":29},"end":{"line":67,"column":48}},"line":67}},"branchMap":{"0":{"loc":{"start":{"line":11,"column":2},"end":{"line":11,"column":66}},"type":"binary-expr","locations":[{"start":{"line":11,"column":2},"end":{"line":11,"column":51}},{"start":{"line":11,"column":55},"end":{"line":11,"column":66}}],"line":11},"1":{"loc":{"start":{"line":21,"column":4},"end":{"line":24,"column":5}},"type":"if","locations":[{"start":{"line":21,"column":4},"end":{"line":24,"column":5}},{"start":{},"end":{}}],"line":21},"2":{"loc":{"start":{"line":32,"column":6},"end":{"line":34,"column":7}},"type":"if","locations":[{"start":{"line":32,"column":6},"end":{"line":34,"column":7}},{"start":{},"end":{}}],"line":32},"3":{"loc":{"start":{"line":49,"column":7},"end":{"line":49,"column":86}},"type":"cond-expr","locations":[{"start":{"line":49,"column":15},"end":{"line":49,"column":79}},{"start":{"line":49,"column":82},"end":{"line":49,"column":86}}],"line":49}},"s":{"0":1,"1":7,"2":7,"3":7,"4":7,"5":7,"6":2,"7":2,"8":1,"9":1,"10":1,"11":1,"12":1,"13":0,"14":1,"15":1,"16":1,"17":0,"18":7,"19":0,"20":1},"f":{"0":7,"1":2,"2":0},"b":{"0":[1,1],"1":[1,1],"2":[0,1],"3":[1,6]},"_coverageSchema":"1a1c01bbd47fc00a2c39e90264f33305004495a9","hash":"a52ddeee2ddf2e4fa520fc1f4e53706af1be5e9c"}
,"C:\\Users\\holma\\git\\sep2025-project-team_004\\mobile\\app\\friends.tsx": {"path":"C:\\Users\\holma\\git\\sep2025-project-team_004\\mobile\\app\\friends.tsx","statementMap":{"0":{"start":{"line":22,"column":19},"end":{"line":22,"column":68}},"1":{"start":{"line":40,"column":21},"end":{"line":40,"column":36}},"2":{"start":{"line":41,"column":36},"end":{"line":41,"column":55}},"3":{"start":{"line":42,"column":38},"end":{"line":42,"column":50}},"4":{"start":{"line":43,"column":48},"end":{"line":43,"column":77}},"5":{"start":{"line":44,"column":32},"end":{"line":44,"column":58}},"6":{"start":{"line":45,"column":42},"end":{"line":45,"column":57}},"7":{"start":{"line":46,"column":42},"end":{"line":46,"column":54}},"8":{"start":{"line":48,"column":2},"end":{"line":62,"column":9}},"9":{"start":{"line":49,"column":22},"end":{"line":59,"column":5}},"10":{"start":{"line":50,"column":6},"end":{"line":58,"column":7}},"11":{"start":{"line":51,"column":24},"end":{"line":51,"column":50}},"12":{"start":{"line":52,"column":8},"end":{"line":52,"column":36}},"13":{"start":{"line":54,"column":27},"end":{"line":54,"column":48}},"14":{"start":{"line":55,"column":8},"end":{"line":55,"column":31}},"15":{"start":{"line":57,"column":8},"end":{"line":57,"column":56}},"16":{"start":{"line":61,"column":4},"end":{"line":61,"column":16}},"17":{"start":{"line":64,"column":28},"end":{"line":81,"column":3}},"18":{"start":{"line":65,"column":4},"end":{"line":65,"column":35}},"19":{"start":{"line":65,"column":28},"end":{"line":65,"column":35}},"20":{"start":{"line":67,"column":4},"end":{"line":80,"column":5}},"21":{"start":{"line":68,"column":6},"end":{"line":68,"column":49}},"22":{"start":{"line":69,"column":6},"end":{"line":69,"column":46}},"23":{"start":{"line":70,"column":6},"end":{"line":70,"column":28}},"24":{"start":{"line":71,"column":6},"end":{"line":71,"column":24}},"25":{"start":{"line":73,"column":6},"end":{"line":79,"column":7}},"26":{"start":{"line":74,"column":8},"end":{"line":74,"column":70}},"27":{"start":{"line":75,"column":8},"end":{"line":75,"column":20}},"28":{"start":{"line":77,"column":8},"end":{"line":77,"column":50}},"29":{"start":{"line":78,"column":8},"end":{"line":78,"column":54}},"30":{"start":{"line":82,"column":30},"end":{"line":101,"column":3}},"31":{"start":{"line":83,"column":4},"end":{"line":100,"column":5}},"32":{"start":{"line":84,"column":6},"end":{"line":84,"column":43}},"33":{"start":{"line":87,"column":6},"end":{"line":89,"column":8}},"34":{"start":{"line":88,"column":8},"end":{"line":88,"column":66}},"35":{"start":{"line":88,"column":41},"end":{"line":88,"column":65}},"36":{"start":{"line":91,"column":29},"end":{"line":91,"column":50}},"37":{"start":{"line":92,"column":6},"end":{"line":92,"column":33}},"38":{"start":{"line":94,"column":6},"end":{"line":94,"column":50}},"39":{"start":{"line":95,"column":6},"end":{"line":95,"column":28}},"40":{"start":{"line":97,"column":6},"end":{"line":97,"column":62}},"41":{"start":{"line":98,"column":6},"end":{"line":98,"column":51}},"42":{"start":{"line":99,"column":6},"end":{"line":99,"column":28}},"43":{"start":{"line":103,"column":30},"end":{"line":119,"column":3}},"44":{"start":{"line":104,"column":4},"end":{"line":118,"column":5}},"45":{"start":{"line":105,"column":6},"end":{"line":105,"column":43}},"46":{"start":{"line":108,"column":6},"end":{"line":110,"column":8}},"47":{"start":{"line":109,"column":8},"end":{"line":109,"column":66}},"48":{"start":{"line":109,"column":41},"end":{"line":109,"column":65}},"49":{"start":{"line":112,"column":6},"end":{"line":112,"column":50}},"50":{"start":{"line":113,"column":6},"end":{"line":113,"column":28}},"51":{"start":{"line":115,"column":6},"end":{"line":115,"column":62}},"52":{"start":{"line":116,"column":6},"end":{"line":116,"column":58}},"53":{"start":{"line":117,"column":6},"end":{"line":117,"column":28}},"54":{"start":{"line":122,"column":2},"end":{"line":228,"column":4}},"55":{"start":{"line":127,"column":41},"end":{"line":127,"column":60}},"56":{"start":{"line":138,"column":10},"end":{"line":144,"column":29}},"57":{"start":{"line":140,"column":27},"end":{"line":140,"column":58}},"58":{"start":{"line":168,"column":34},"end":{"line":168,"column":52}},"59":{"start":{"line":170,"column":12},"end":{"line":197,"column":19}},"60":{"start":{"line":185,"column":31},"end":{"line":185,"column":59}},"61":{"start":{"line":192,"column":31},"end":{"line":192,"column":59}},"62":{"start":{"line":206,"column":36},"end":{"line":206,"column":54}},"63":{"start":{"line":208,"column":14},"end":{"line":210,"column":21}},"64":{"start":{"line":221,"column":45},"end":{"line":221,"column":67}},"65":{"start":{"line":232,"column":15},"end":{"line":351,"column":2}}},"fnMap":{"0":{"name":"FriendRequestsScreen","decl":{"start":{"line":39,"column":24},"end":{"line":39,"column":44}},"loc":{"start":{"line":39,"column":47},"end":{"line":229,"column":1}},"line":39},"1":{"name":"(anonymous_1)","decl":{"start":{"line":48,"column":12},"end":{"line":48,"column":13}},"loc":{"start":{"line":48,"column":18},"end":{"line":62,"column":3}},"line":48},"2":{"name":"(anonymous_2)","decl":{"start":{"line":49,"column":22},"end":{"line":49,"column":23}},"loc":{"start":{"line":49,"column":34},"end":{"line":59,"column":5}},"line":49},"3":{"name":"(anonymous_3)","decl":{"start":{"line":64,"column":28},"end":{"line":64,"column":29}},"loc":{"start":{"line":64,"column":40},"end":{"line":81,"column":3}},"line":64},"4":{"name":"(anonymous_4)","decl":{"start":{"line":82,"column":30},"end":{"line":82,"column":31}},"loc":{"start":{"line":82,"column":59},"end":{"line":101,"column":3}},"line":82},"5":{"name":"(anonymous_5)","decl":{"start":{"line":87,"column":25},"end":{"line":87,"column":26}},"loc":{"start":{"line":88,"column":8},"end":{"line":88,"column":66}},"line":88},"6":{"name":"(anonymous_6)","decl":{"start":{"line":88,"column":28},"end":{"line":88,"column":29}},"loc":{"start":{"line":88,"column":41},"end":{"line":88,"column":65}},"line":88},"7":{"name":"(anonymous_7)","decl":{"start":{"line":103,"column":30},"end":{"line":103,"column":31}},"loc":{"start":{"line":103,"column":59},"end":{"line":119,"column":3}},"line":103},"8":{"name":"(anonymous_8)","decl":{"start":{"line":108,"column":25},"end":{"line":108,"column":26}},"loc":{"start":{"line":109,"column":8},"end":{"line":109,"column":66}},"line":109},"9":{"name":"(anonymous_9)","decl":{"start":{"line":109,"column":28},"end":{"line":109,"column":29}},"loc":{"start":{"line":109,"column":41},"end":{"line":109,"column":65}},"line":109},"10":{"name":"(anonymous_10)","decl":{"start":{"line":127,"column":35},"end":{"line":127,"column":36}},"loc":{"start":{"line":127,"column":41},"end":{"line":127,"column":60}},"line":127},"11":{"name":"(anonymous_11)","decl":{"start":{"line":137,"column":46},"end":{"line":137,"column":47}},"loc":{"start":{"line":138,"column":10},"end":{"line":144,"column":29}},"line":138},"12":{"name":"(anonymous_12)","decl":{"start":{"line":140,"column":21},"end":{"line":140,"column":22}},"loc":{"start":{"line":140,"column":27},"end":{"line":140,"column":58}},"line":140},"13":{"name":"(anonymous_13)","decl":{"start":{"line":168,"column":24},"end":{"line":168,"column":25}},"loc":{"start":{"line":168,"column":34},"end":{"line":168,"column":52}},"line":168},"14":{"name":"(anonymous_14)","decl":{"start":{"line":169,"column":22},"end":{"line":169,"column":23}},"loc":{"start":{"line":170,"column":12},"end":{"line":197,"column":19}},"line":170},"15":{"name":"(anonymous_15)","decl":{"start":{"line":185,"column":25},"end":{"line":185,"column":26}},"loc":{"start":{"line":185,"column":31},"end":{"line":185,"column":59}},"line":185},"16":{"name":"(anonymous_16)","decl":{"start":{"line":192,"column":25},"end":{"line":192,"column":26}},"loc":{"start":{"line":192,"column":31},"end":{"line":192,"column":59}},"line":192},"17":{"name":"(anonymous_17)","decl":{"start":{"line":206,"column":26},"end":{"line":206,"column":27}},"loc":{"start":{"line":206,"column":36},"end":{"line":206,"column":54}},"line":206},"18":{"name":"(anonymous_18)","decl":{"start":{"line":207,"column":24},"end":{"line":207,"column":25}},"loc":{"start":{"line":208,"column":14},"end":{"line":210,"column":21}},"line":208},"19":{"name":"(anonymous_19)","decl":{"start":{"line":221,"column":39},"end":{"line":221,"column":40}},"loc":{"start":{"line":221,"column":45},"end":{"line":221,"column":67}},"line":221}},"branchMap":{"0":{"loc":{"start":{"line":65,"column":4},"end":{"line":65,"column":35}},"type":"if","locations":[{"start":{"line":65,"column":4},"end":{"line":65,"column":35}},{"start":{},"end":{}}],"line":65},"1":{"loc":{"start":{"line":73,"column":6},"end":{"line":79,"column":7}},"type":"if","locations":[{"start":{"line":73,"column":6},"end":{"line":79,"column":7}},{"start":{"line":76,"column":13},"end":{"line":79,"column":7}}],"line":73},"2":{"loc":{"start":{"line":141,"column":38},"end":{"line":141,"column":89}},"type":"binary-expr","locations":[{"start":{"line":141,"column":38},"end":{"line":141,"column":69}},{"start":{"line":141,"column":73},"end":{"line":141,"column":89}}],"line":141},"3":{"loc":{"start":{"line":150,"column":9},"end":{"line":163,"column":9}},"type":"binary-expr","locations":[{"start":{"line":150,"column":9},"end":{"line":150,"column":35}},{"start":{"line":151,"column":10},"end":{"line":162,"column":17}}],"line":150},"4":{"loc":{"start":{"line":165,"column":9},"end":{"line":201,"column":9}},"type":"binary-expr","locations":[{"start":{"line":165,"column":9},"end":{"line":165,"column":32}},{"start":{"line":166,"column":10},"end":{"line":199,"column":10}}],"line":165},"5":{"loc":{"start":{"line":178,"column":49},"end":{"line":178,"column":85}},"type":"binary-expr","locations":[{"start":{"line":178,"column":49},"end":{"line":178,"column":72}},{"start":{"line":178,"column":76},"end":{"line":178,"column":85}}],"line":178},"6":{"loc":{"start":{"line":203,"column":9},"end":{"line":213,"column":9}},"type":"binary-expr","locations":[{"start":{"line":203,"column":9},"end":{"line":203,"column":28}},{"start":{"line":204,"column":10},"end":{"line":212,"column":12}}],"line":203}},"s":{"0":0,"1":0,"2":0,"3":0,"4":0,"5":0,"6":0,"7":0,"8":0,"9":0,"10":0,"11":0,"12":0,"13":0,"14":0,"15":0,"16":0,"17":0,"18":0,"19":0,"20":0,"21":0,"22":0,"23":0,"24":0,"25":0,"26":0,"27":0,"28":0,"29":0,"30":0,"31":0,"32":0,"33":0,"34":0,"35":0,"36":0,"37":0,"38":0,"39":0,"40":0,"41":0,"42":0,"43":0,"44":0,"45":0,"46":0,"47":0,"48":0,"49":0,"50":0,"51":0,"52":0,"53":0,"54":0,"55":0,"56":0,"57":0,"58":0,"59":0,"60":0,"61":0,"62":0,"63":0,"64":0,"65":0},"f":{"0":0,"1":0,"2":0,"3":0,"4":0,"5":0,"6":0,"7":0,"8":0,"9":0,"10":0,"11":0,"12":0,"13":0,"14":0,"15":0,"16":0,"17":0,"18":0,"19":0},"b":{"0":[0,0],"1":[0,0],"2":[0,0],"3":[0,0],"4":[0,0],"5":[0,0],"6":[0,0]}}
,"C:\\Users\\holma\\git\\sep2025-project-team_004\\mobile\\app\\index.tsx": {"path":"C:\\Users\\holma\\git\\sep2025-project-team_004\\mobile\\app\\index.tsx","statementMap":{"0":{"start":{"line":17,"column":2},"end":{"line":17,"column":66}},"1":{"start":{"line":21,"column":21},"end":{"line":21,"column":72}},"2":{"start":{"line":22,"column":28},"end":{"line":22,"column":40}},"3":{"start":{"line":23,"column":34},"end":{"line":23,"column":46}},"4":{"start":{"line":24,"column":28},"end":{"line":24,"column":40}},"5":{"start":{"line":25,"column":32},"end":{"line":25,"column":47}},"6":{"start":{"line":27,"column":22},"end":{"line":74,"column":3}},"7":{"start":{"line":28,"column":4},"end":{"line":31,"column":5}},"8":{"start":{"line":29,"column":6},"end":{"line":29,"column":44}},"9":{"start":{"line":30,"column":6},"end":{"line":30,"column":13}},"10":{"start":{"line":33,"column":4},"end":{"line":33,"column":21}},"11":{"start":{"line":35,"column":4},"end":{"line":71,"column":5}},"12":{"start":{"line":36,"column":23},"end":{"line":45,"column":8}},"13":{"start":{"line":47,"column":19},"end":{"line":47,"column":40}},"14":{"start":{"line":48,"column":6},"end":{"line":48,"column":41}},"15":{"start":{"line":50,"column":6},"end":{"line":67,"column":7}},"16":{"start":{"line":51,"column":8},"end":{"line":51,"column":60}},"17":{"start":{"line":53,"column":29},"end":{"line":56,"column":10}},"18":{"start":{"line":58,"column":25},"end":{"line":58,"column":50}},"19":{"start":{"line":59,"column":8},"end":{"line":64,"column":9}},"20":{"start":{"line":60,"column":10},"end":{"line":60,"column":75}},"21":{"start":{"line":61,"column":10},"end":{"line":61,"column":99}},"22":{"start":{"line":63,"column":10},"end":{"line":63,"column":67}},"23":{"start":{"line":66,"column":8},"end":{"line":66,"column":59}},"24":{"start":{"line":69,"column":6},"end":{"line":69,"column":41}},"25":{"start":{"line":70,"column":6},"end":{"line":70,"column":64}},"26":{"start":{"line":72,"column":4},"end":{"line":72,"column":22}},"27":{"start":{"line":73,"column":4},"end":{"line":73,"column":20}},"28":{"start":{"line":76,"column":2},"end":{"line":130,"column":4}},"29":{"start":{"line":114,"column":25},"end":{"line":114,"column":56}},"30":{"start":{"line":124,"column":23},"end":{"line":124,"column":52}},"31":{"start":{"line":133,"column":15},"end":{"line":185,"column":2}}},"fnMap":{"0":{"name":"HomeScreen","decl":{"start":{"line":20,"column":24},"end":{"line":20,"column":34}},"loc":{"start":{"line":20,"column":37},"end":{"line":131,"column":1}},"line":20},"1":{"name":"(anonymous_1)","decl":{"start":{"line":27,"column":22},"end":{"line":27,"column":23}},"loc":{"start":{"line":27,"column":34},"end":{"line":74,"column":3}},"line":27},"2":{"name":"(anonymous_2)","decl":{"start":{"line":114,"column":19},"end":{"line":114,"column":20}},"loc":{"start":{"line":114,"column":25},"end":{"line":114,"column":56}},"line":114},"3":{"name":"(anonymous_3)","decl":{"start":{"line":124,"column":17},"end":{"line":124,"column":18}},"loc":{"start":{"line":124,"column":23},"end":{"line":124,"column":52}},"line":124}},"branchMap":{"0":{"loc":{"start":{"line":17,"column":2},"end":{"line":17,"column":66}},"type":"binary-expr","locations":[{"start":{"line":17,"column":2},"end":{"line":17,"column":51}},{"start":{"line":17,"column":55},"end":{"line":17,"column":66}}],"line":17},"1":{"loc":{"start":{"line":28,"column":4},"end":{"line":31,"column":5}},"type":"if","locations":[{"start":{"line":28,"column":4},"end":{"line":31,"column":5}},{"start":{},"end":{}}],"line":28},"2":{"loc":{"start":{"line":28,"column":8},"end":{"line":28,"column":27}},"type":"binary-expr","locations":[{"start":{"line":28,"column":8},"end":{"line":28,"column":14}},{"start":{"line":28,"column":18},"end":{"line":28,"column":27}}],"line":28},"3":{"loc":{"start":{"line":50,"column":6},"end":{"line":67,"column":7}},"type":"if","locations":[{"start":{"line":50,"column":6},"end":{"line":67,"column":7}},{"start":{"line":65,"column":13},"end":{"line":67,"column":7}}],"line":50},"4":{"loc":{"start":{"line":50,"column":10},"end":{"line":50,"column":35}},"type":"binary-expr","locations":[{"start":{"line":50,"column":10},"end":{"line":50,"column":21}},{"start":{"line":50,"column":25},"end":{"line":50,"column":35}}],"line":50},"5":{"loc":{"start":{"line":59,"column":8},"end":{"line":64,"column":9}},"type":"if","locations":[{"start":{"line":59,"column":8},"end":{"line":64,"column":9}},{"start":{"line":62,"column":15},"end":{"line":64,"column":9}}],"line":59},"6":{"loc":{"start":{"line":79,"column":7},"end":{"line":79,"column":63}},"type":"cond-expr","locations":[{"start":{"line":79,"column":15},"end":{"line":79,"column":56}},{"start":{"line":79,"column":59},"end":{"line":79,"column":63}}],"line":79},"7":{"loc":{"start":{"line":108,"column":43},"end":{"line":108,"column":75}},"type":"cond-expr","locations":[{"start":{"line":108,"column":53},"end":{"line":108,"column":65}},{"start":{"line":108,"column":68},"end":{"line":108,"column":75}}],"line":108},"8":{"loc":{"start":{"line":148,"column":11},"end":{"line":148,"column":81}},"type":"cond-expr","locations":[{"start":{"line":148,"column":35},"end":{"line":148,"column":73}},{"start":{"line":148,"column":76},"end":{"line":148,"column":81}}],"line":148},"9":{"loc":{"start":{"line":167,"column":11},"end":{"line":167,"column":80}},"type":"cond-expr","locations":[{"start":{"line":167,"column":35},"end":{"line":167,"column":72}},{"start":{"line":167,"column":75},"end":{"line":167,"column":80}}],"line":167}},"s":{"0":1,"1":21,"2":21,"3":20,"4":20,"5":20,"6":20,"7":4,"8":1,"9":1,"10":3,"11":3,"12":3,"13":2,"14":2,"15":2,"16":1,"17":1,"18":1,"19":1,"20":1,"21":1,"22":0,"23":1,"24":1,"25":1,"26":3,"27":3,"28":20,"29":1,"30":0,"31":1},"f":{"0":21,"1":4,"2":1,"3":0},"b":{"0":[1,1],"1":[1,3],"2":[4,3],"3":[1,1],"4":[2,1],"5":[1,0],"6":[3,17],"7":[1,19],"8":[0,1],"9":[0,1]},"_coverageSchema":"1a1c01bbd47fc00a2c39e90264f33305004495a9","hash":"ceabfd4f904f9e5cb8362838264173f8d489eea9"}
,"C:\\Users\\holma\\git\\sep2025-project-team_004\\mobile\\app\\payment-method.tsx": {"path":"C:\\Users\\holma\\git\\sep2025-project-team_004\\mobile\\app\\payment-method.tsx","statementMap":{"0":{"start":{"line":21,"column":2},"end":{"line":21,"column":66}},"1":{"start":{"line":24,"column":20},"end":{"line":37,"column":1}},"2":{"start":{"line":25,"column":2},"end":{"line":36,"column":3}},"3":{"start":{"line":27,"column":6},"end":{"line":27,"column":59}},"4":{"start":{"line":29,"column":6},"end":{"line":29,"column":65}},"5":{"start":{"line":31,"column":6},"end":{"line":31,"column":59}},"6":{"start":{"line":33,"column":6},"end":{"line":33,"column":63}},"7":{"start":{"line":35,"column":6},"end":{"line":35,"column":65}},"8":{"start":{"line":41,"column":17},"end":{"line":41,"column":28}},"9":{"start":{"line":42,"column":71},"end":{"line":42,"column":83}},"10":{"start":{"line":44,"column":2},"end":{"line":46,"column":9}},"11":{"start":{"line":45,"column":4},"end":{"line":45,"column":16}},"12":{"start":{"line":48,"column":27},"end":{"line":62,"column":3}},"13":{"start":{"line":49,"column":4},"end":{"line":61,"column":13}},"14":{"start":{"line":50,"column":6},"end":{"line":50,"column":40}},"15":{"start":{"line":52,"column":4},"end":{"line":60,"column":16}},"16":{"start":{"line":56,"column":54},"end":{"line":56,"column":87}},"17":{"start":{"line":64,"column":24},"end":{"line":64,"column":42}},"18":{"start":{"line":66,"column":2},"end":{"line":115,"column":4}},"19":{"start":{"line":69,"column":62},"end":{"line":69,"column":90}},"20":{"start":{"line":73,"column":69},"end":{"line":73,"column":96}},"21":{"start":{"line":81,"column":12},"end":{"line":110,"column":19}},"22":{"start":{"line":97,"column":88},"end":{"line":97,"column":114}},"23":{"start":{"line":103,"column":33},"end":{"line":103,"column":58}},"24":{"start":{"line":118,"column":15},"end":{"line":298,"column":2}}},"fnMap":{"0":{"name":"(anonymous_0)","decl":{"start":{"line":24,"column":20},"end":{"line":24,"column":21}},"loc":{"start":{"line":24,"column":42},"end":{"line":37,"column":1}},"line":24},"1":{"name":"PaymentMethod","decl":{"start":{"line":40,"column":24},"end":{"line":40,"column":37}},"loc":{"start":{"line":40,"column":40},"end":{"line":116,"column":1}},"line":40},"2":{"name":"(anonymous_2)","decl":{"start":{"line":44,"column":12},"end":{"line":44,"column":13}},"loc":{"start":{"line":44,"column":18},"end":{"line":46,"column":3}},"line":44},"3":{"name":"(anonymous_3)","decl":{"start":{"line":48,"column":27},"end":{"line":48,"column":28}},"loc":{"start":{"line":48,"column":53},"end":{"line":62,"column":3}},"line":48},"4":{"name":"(anonymous_4)","decl":{"start":{"line":56,"column":42},"end":{"line":56,"column":43}},"loc":{"start":{"line":56,"column":54},"end":{"line":56,"column":87}},"line":56},"5":{"name":"(anonymous_5)","decl":{"start":{"line":69,"column":56},"end":{"line":69,"column":57}},"loc":{"start":{"line":69,"column":62},"end":{"line":69,"column":90}},"line":69},"6":{"name":"(anonymous_6)","decl":{"start":{"line":73,"column":63},"end":{"line":73,"column":64}},"loc":{"start":{"line":73,"column":69},"end":{"line":73,"column":96}},"line":73},"7":{"name":"(anonymous_7)","decl":{"start":{"line":80,"column":34},"end":{"line":80,"column":35}},"loc":{"start":{"line":81,"column":12},"end":{"line":110,"column":19}},"line":81},"8":{"name":"(anonymous_8)","decl":{"start":{"line":97,"column":82},"end":{"line":97,"column":83}},"loc":{"start":{"line":97,"column":88},"end":{"line":97,"column":114}},"line":97},"9":{"name":"(anonymous_9)","decl":{"start":{"line":103,"column":27},"end":{"line":103,"column":28}},"loc":{"start":{"line":103,"column":33},"end":{"line":103,"column":58}},"line":103}},"branchMap":{"0":{"loc":{"start":{"line":21,"column":2},"end":{"line":21,"column":66}},"type":"binary-expr","locations":[{"start":{"line":21,"column":2},"end":{"line":21,"column":51}},{"start":{"line":21,"column":55},"end":{"line":21,"column":66}}],"line":21},"1":{"loc":{"start":{"line":25,"column":2},"end":{"line":36,"column":3}},"type":"switch","locations":[{"start":{"line":26,"column":4},"end":{"line":27,"column":59}},{"start":{"line":28,"column":4},"end":{"line":29,"column":65}},{"start":{"line":30,"column":4},"end":{"line":31,"column":59}},{"start":{"line":32,"column":4},"end":{"line":33,"column":63}},{"start":{"line":34,"column":4},"end":{"line":35,"column":65}}],"line":25},"2":{"loc":{"start":{"line":49,"column":4},"end":{"line":61,"column":13}},"type":"if","locations":[{"start":{"line":49,"column":4},"end":{"line":61,"column":13}},{"start":{"line":51,"column":11},"end":{"line":61,"column":13}}],"line":49},"3":{"loc":{"start":{"line":89,"column":70},"end":{"line":89,"column":94}},"type":"binary-expr","locations":[{"start":{"line":89,"column":70},"end":{"line":89,"column":84}},{"start":{"line":89,"column":88},"end":{"line":89,"column":94}}],"line":89},"4":{"loc":{"start":{"line":98,"column":19},"end":{"line":98,"column":69}},"type":"binary-expr","locations":[{"start":{"line":98,"column":19},"end":{"line":98,"column":34}},{"start":{"line":98,"column":38},"end":{"line":98,"column":69}}],"line":98},"5":{"loc":{"start":{"line":104,"column":54},"end":{"line":104,"column":94}},"type":"binary-expr","locations":[{"start":{"line":104,"column":54},"end":{"line":104,"column":69}},{"start":{"line":104,"column":73},"end":{"line":104,"column":94}}],"line":104}},"s":{"0":1,"1":1,"2":20,"3":15,"4":5,"5":0,"6":0,"7":0,"8":6,"9":6,"10":6,"11":6,"12":6,"13":1,"14":0,"15":1,"16":1,"17":6,"18":6,"19":1,"20":1,"21":20,"22":1,"23":1,"24":1},"f":{"0":20,"1":6,"2":6,"3":1,"4":1,"5":1,"6":1,"7":20,"8":1,"9":1},"b":{"0":[1,1],"1":[15,5,0,0,0],"2":[0,1],"3":[20,0],"4":[20,0],"5":[20,0]},"_coverageSchema":"1a1c01bbd47fc00a2c39e90264f33305004495a9","hash":"96e607d92a0835195e338b2587e2ec8208d548e2"}
,"C:\\Users\\holma\\git\\sep2025-project-team_004\\mobile\\app\\register.tsx": {"path":"C:\\Users\\holma\\git\\sep2025-project-team_004\\mobile\\app\\register.tsx","statementMap":{"0":{"start":{"line":17,"column":21},"end":{"line":17,"column":72}},"1":{"start":{"line":18,"column":33},"end":{"line":18,"column":46}},"2":{"start":{"line":20,"column":2},"end":{"line":20,"column":66}},"3":{"start":{"line":23,"column":36},"end":{"line":23,"column":48}},"4":{"start":{"line":24,"column":34},"end":{"line":24,"column":46}},"5":{"start":{"line":25,"column":34},"end":{"line":25,"column":46}},"6":{"start":{"line":26,"column":28},"end":{"line":26,"column":40}},"7":{"start":{"line":27,"column":34},"end":{"line":27,"column":46}},"8":{"start":{"line":28,"column":48},"end":{"line":28,"column":60}},"9":{"start":{"line":29,"column":32},"end":{"line":29,"column":47}},"10":{"start":{"line":30,"column":28},"end":{"line":30,"column":40}},"11":{"start":{"line":32,"column":25},"end":{"line":86,"column":3}},"12":{"start":{"line":34,"column":4},"end":{"line":37,"column":5}},"13":{"start":{"line":35,"column":6},"end":{"line":35,"column":46}},"14":{"start":{"line":36,"column":6},"end":{"line":36,"column":13}},"15":{"start":{"line":38,"column":4},"end":{"line":41,"column":5}},"16":{"start":{"line":39,"column":6},"end":{"line":39,"column":42}},"17":{"start":{"line":40,"column":6},"end":{"line":40,"column":13}},"18":{"start":{"line":42,"column":4},"end":{"line":42,"column":17}},"19":{"start":{"line":44,"column":4},"end":{"line":44,"column":21}},"20":{"start":{"line":46,"column":4},"end":{"line":85,"column":5}},"21":{"start":{"line":48,"column":23},"end":{"line":58,"column":8}},"22":{"start":{"line":60,"column":19},"end":{"line":60,"column":40}},"23":{"start":{"line":61,"column":6},"end":{"line":61,"column":45}},"24":{"start":{"line":63,"column":6},"end":{"line":79,"column":7}},"25":{"start":{"line":64,"column":8},"end":{"line":64,"column":25}},"26":{"start":{"line":65,"column":8},"end":{"line":65,"column":24}},"27":{"start":{"line":66,"column":8},"end":{"line":66,"column":24}},"28":{"start":{"line":67,"column":8},"end":{"line":67,"column":21}},"29":{"start":{"line":68,"column":8},"end":{"line":68,"column":24}},"30":{"start":{"line":69,"column":8},"end":{"line":69,"column":31}},"31":{"start":{"line":70,"column":8},"end":{"line":70,"column":61}},"32":{"start":{"line":71,"column":8},"end":{"line":71,"column":36}},"33":{"start":{"line":74,"column":27},"end":{"line":74,"column":48}},"34":{"start":{"line":75,"column":8},"end":{"line":77,"column":9}},"35":{"start":{"line":76,"column":10},"end":{"line":76,"column":70}},"36":{"start":{"line":78,"column":8},"end":{"line":78,"column":31}},"37":{"start":{"line":81,"column":6},"end":{"line":81,"column":50}},"38":{"start":{"line":82,"column":6},"end":{"line":82,"column":58}},"39":{"start":{"line":84,"column":6},"end":{"line":84,"column":24}},"40":{"start":{"line":88,"column":2},"end":{"line":158,"column":4}},"41":{"start":{"line":153,"column":23},"end":{"line":153,"column":42}},"42":{"start":{"line":161,"column":15},"end":{"line":203,"column":2}},"43":{"start":{"line":205,"column":2},"end":{"line":205,"column":47}}},"fnMap":{"0":{"name":"RegisterScreen","decl":{"start":{"line":16,"column":24},"end":{"line":16,"column":38}},"loc":{"start":{"line":16,"column":41},"end":{"line":159,"column":1}},"line":16},"1":{"name":"(anonymous_1)","decl":{"start":{"line":32,"column":25},"end":{"line":32,"column":26}},"loc":{"start":{"line":32,"column":37},"end":{"line":86,"column":3}},"line":32},"2":{"name":"(anonymous_2)","decl":{"start":{"line":153,"column":17},"end":{"line":153,"column":18}},"loc":{"start":{"line":153,"column":23},"end":{"line":153,"column":42}},"line":153},"3":{"name":"setErrorMessage","decl":{"start":{"line":204,"column":9},"end":{"line":204,"column":24}},"loc":{"start":{"line":204,"column":39},"end":{"line":206,"column":1}},"line":204}},"branchMap":{"0":{"loc":{"start":{"line":20,"column":2},"end":{"line":20,"column":66}},"type":"binary-expr","locations":[{"start":{"line":20,"column":2},"end":{"line":20,"column":51}},{"start":{"line":20,"column":55},"end":{"line":20,"column":66}}],"line":20},"1":{"loc":{"start":{"line":34,"column":4},"end":{"line":37,"column":5}},"type":"if","locations":[{"start":{"line":34,"column":4},"end":{"line":37,"column":5}},{"start":{},"end":{}}],"line":34},"2":{"loc":{"start":{"line":34,"column":8},"end":{"line":34,"column":87}},"type":"binary-expr","locations":[{"start":{"line":34,"column":8},"end":{"line":34,"column":18}},{"start":{"line":34,"column":22},"end":{"line":34,"column":31}},{"start":{"line":34,"column":35},"end":{"line":34,"column":44}},{"start":{"line":34,"column":48},"end":{"line":34,"column":54}},{"start":{"line":34,"column":58},"end":{"line":34,"column":67}},{"start":{"line":34,"column":71},"end":{"line":34,"column":87}}],"line":34},"3":{"loc":{"start":{"line":38,"column":4},"end":{"line":41,"column":5}},"type":"if","locations":[{"start":{"line":38,"column":4},"end":{"line":41,"column":5}},{"start":{},"end":{}}],"line":38},"4":{"loc":{"start":{"line":63,"column":6},"end":{"line":79,"column":7}},"type":"if","locations":[{"start":{"line":63,"column":6},"end":{"line":79,"column":7}},{"start":{"line":72,"column":13},"end":{"line":79,"column":7}}],"line":63},"5":{"loc":{"start":{"line":75,"column":8},"end":{"line":77,"column":9}},"type":"if","locations":[{"start":{"line":75,"column":8},"end":{"line":77,"column":9}},{"start":{},"end":{}}],"line":75},"6":{"loc":{"start":{"line":93,"column":7},"end":{"line":93,"column":67}},"type":"cond-expr","locations":[{"start":{"line":93,"column":15},"end":{"line":93,"column":60}},{"start":{"line":93,"column":63},"end":{"line":93,"column":67}}],"line":93},"7":{"loc":{"start":{"line":148,"column":41},"end":{"line":148,"column":80}},"type":"cond-expr","locations":[{"start":{"line":148,"column":51},"end":{"line":148,"column":67}},{"start":{"line":148,"column":70},"end":{"line":148,"column":80}}],"line":148}},"s":{"0":30,"1":30,"2":30,"3":30,"4":30,"5":30,"6":30,"7":30,"8":30,"9":30,"10":30,"11":30,"12":4,"13":1,"14":1,"15":3,"16":1,"17":1,"18":2,"19":2,"20":2,"21":2,"22":2,"23":2,"24":2,"25":1,"26":1,"27":1,"28":1,"29":1,"30":1,"31":1,"32":1,"33":1,"34":1,"35":1,"36":1,"37":0,"38":0,"39":2,"40":30,"41":1,"42":1,"43":0},"f":{"0":30,"1":4,"2":1,"3":0},"b":{"0":[30,30],"1":[1,3],"2":[4,3,3,3,3,3],"3":[1,2],"4":[1,1],"5":[1,0],"6":[3,27],"7":[2,28]},"_coverageSchema":"1a1c01bbd47fc00a2c39e90264f33305004495a9","hash":"2803e60403ae5093a8763ac30e21f9ef6dc7741b"}
,"C:\\Users\\holma\\git\\sep2025-project-team_004\\mobile\\app\\(tabs)\\_layout.tsx": {"path":"C:\\Users\\holma\\git\\sep2025-project-team_004\\mobile\\app\\(tabs)\\_layout.tsx","statementMap":{"0":{"start":{"line":11,"column":22},"end":{"line":11,"column":38}},"1":{"start":{"line":13,"column":2},"end":{"line":61,"column":4}},"2":{"start":{"line":32,"column":37},"end":{"line":32,"column":93}},"3":{"start":{"line":40,"column":37},"end":{"line":40,"column":91}},"4":{"start":{"line":48,"column":37},"end":{"line":48,"column":90}},"5":{"start":{"line":56,"column":37},"end":{"line":56,"column":89}}},"fnMap":{"0":{"name":"TabLayout","decl":{"start":{"line":10,"column":24},"end":{"line":10,"column":33}},"loc":{"start":{"line":10,"column":36},"end":{"line":62,"column":1}},"line":10},"1":{"name":"(anonymous_1)","decl":{"start":{"line":32,"column":22},"end":{"line":32,"column":23}},"loc":{"start":{"line":32,"column":37},"end":{"line":32,"column":93}},"line":32},"2":{"name":"(anonymous_2)","decl":{"start":{"line":40,"column":22},"end":{"line":40,"column":23}},"loc":{"start":{"line":40,"column":37},"end":{"line":40,"column":91}},"line":40},"3":{"name":"(anonymous_3)","decl":{"start":{"line":48,"column":22},"end":{"line":48,"column":23}},"loc":{"start":{"line":48,"column":37},"end":{"line":48,"column":90}},"line":48},"4":{"name":"(anonymous_4)","decl":{"start":{"line":56,"column":22},"end":{"line":56,"column":23}},"loc":{"start":{"line":56,"column":37},"end":{"line":56,"column":89}},"line":56}},"branchMap":{"0":{"loc":{"start":{"line":16,"column":38},"end":{"line":16,"column":60}},"type":"binary-expr","locations":[{"start":{"line":16,"column":38},"end":{"line":16,"column":49}},{"start":{"line":16,"column":53},"end":{"line":16,"column":60}}],"line":16}},"s":{"0":0,"1":0,"2":0,"3":0,"4":0,"5":0},"f":{"0":0,"1":0,"2":0,"3":0,"4":0},"b":{"0":[0,0]}}
,"C:\\Users\\holma\\git\\sep2025-project-team_004\\mobile\\app\\(tabs)\\home.tsx": {"path":"C:\\Users\\holma\\git\\sep2025-project-team_004\\mobile\\app\\(tabs)\\home.tsx","statementMap":{"0":{"start":{"line":18,"column":30},"end":{"line":160,"column":1}},"1":{"start":{"line":19,"column":21},"end":{"line":19,"column":72}},"2":{"start":{"line":20,"column":40},"end":{"line":20,"column":55}},"3":{"start":{"line":21,"column":24},"end":{"line":21,"column":61}},"4":{"start":{"line":22,"column":42},"end":{"line":22,"column":57}},"5":{"start":{"line":23,"column":25},"end":{"line":23,"column":37}},"6":{"start":{"line":26,"column":2},"end":{"line":34,"column":9}},"7":{"start":{"line":27,"column":22},"end":{"line":32,"column":5}},"8":{"start":{"line":28,"column":20},"end":{"line":28,"column":59}},"9":{"start":{"line":29,"column":6},"end":{"line":31,"column":7}},"10":{"start":{"line":30,"column":8},"end":{"line":30,"column":68}},"11":{"start":{"line":33,"column":4},"end":{"line":33,"column":16}},"12":{"start":{"line":37,"column":27},"end":{"line":52,"column":3}},"13":{"start":{"line":38,"column":4},"end":{"line":51,"column":5}},"14":{"start":{"line":39,"column":6},"end":{"line":43,"column":44}},"15":{"start":{"line":43,"column":21},"end":{"line":43,"column":42}},"16":{"start":{"line":45,"column":6},"end":{"line":45,"column":27}},"17":{"start":{"line":46,"column":6},"end":{"line":50,"column":17}},"18":{"start":{"line":55,"column":23},"end":{"line":69,"column":3}},"19":{"start":{"line":56,"column":4},"end":{"line":68,"column":5}},"20":{"start":{"line":57,"column":6},"end":{"line":57,"column":28}},"21":{"start":{"line":59,"column":6},"end":{"line":67,"column":12}},"22":{"start":{"line":63,"column":44},"end":{"line":63,"column":59}},"23":{"start":{"line":71,"column":24},"end":{"line":82,"column":3}},"24":{"start":{"line":72,"column":4},"end":{"line":72,"column":53}},"25":{"start":{"line":73,"column":4},"end":{"line":81,"column":5}},"26":{"start":{"line":74,"column":6},"end":{"line":74,"column":49}},"27":{"start":{"line":75,"column":6},"end":{"line":75,"column":48}},"28":{"start":{"line":76,"column":6},"end":{"line":76,"column":19}},"29":{"start":{"line":77,"column":6},"end":{"line":77,"column":35}},"30":{"start":{"line":78,"column":6},"end":{"line":78,"column":29}},"31":{"start":{"line":80,"column":6},"end":{"line":80,"column":49}},"32":{"start":{"line":84,"column":2},"end":{"line":159,"column":4}},"33":{"start":{"line":87,"column":6},"end":{"line":87,"column":45}},"34":{"start":{"line":87,"column":23},"end":{"line":87,"column":45}},"35":{"start":{"line":88,"column":6},"end":{"line":88,"column":25}},"36":{"start":{"line":117,"column":45},"end":{"line":117,"column":75}},"37":{"start":{"line":120,"column":45},"end":{"line":120,"column":79}},"38":{"start":{"line":123,"column":46},"end":{"line":123,"column":74}},"39":{"start":{"line":124,"column":14},"end":{"line":124,"column":36}},"40":{"start":{"line":150,"column":47},"end":{"line":150,"column":69}},"41":{"start":{"line":162,"column":15},"end":{"line":251,"column":2}}},"fnMap":{"0":{"name":"(anonymous_0)","decl":{"start":{"line":18,"column":30},"end":{"line":18,"column":31}},"loc":{"start":{"line":18,"column":36},"end":{"line":160,"column":1}},"line":18},"1":{"name":"(anonymous_1)","decl":{"start":{"line":26,"column":12},"end":{"line":26,"column":13}},"loc":{"start":{"line":26,"column":18}
[...]
loc":{"start":{"line":35,"column":2},"end":{"line":37,"column":3}},"type":"if","locations":[{"start":{"line":35,"column":2},"end":{"line":37,"column":3}},{"start":{},"end":{}}],"line":35},"2":{"loc":{"start":{"line":54,"column":2},"end":{"line":56,"column":3}},"type":"if","locations":[{"start":{"line":54,"column":2},"end":{"line":56,"column":3}},{"start":{},"end":{}}],"line":54},"3":{"loc":{"start":{"line":55,"column":76},"end":{"line":55,"column":107}},"type":"cond-expr","locations":[{"start":{"line":55,"column":100},"end":{"line":55,"column":102}},{"start":{"line":55,"column":105},"end":{"line":55,"column":107}}],"line":55},"4":{"loc":{"start":{"line":66,"column":4},"end":{"line":73,"column":5}},"type":"if","locations":[{"start":{"line":66,"column":4},"end":{"line":73,"column":5}},{"start":{},"end":{}}],"line":66},"5":{"loc":{"start":{"line":85,"column":11},"end":{"line":89,"column":11}},"type":"binary-expr","locations":[{"start":{"line":85,"column":11},"end":{"line":85,"column":26}},{"start":{"line":86,"column":12},"end":{"line":88,"column":19}}],"line":85},"6":{"loc":{"start":{"line":101,"column":13},"end":{"line":105,"column":11}},"type":"binary-expr","locations":[{"start":{"line":101,"column":13},"end":{"line":101,"column":35}},{"start":{"line":102,"column":14},"end":{"line":104,"column":32}}],"line":101},"7":{"loc":{"start":{"line":116,"column":27},"end":{"line":116,"column":107}},"type":"cond-expr","locations":[{"start":{"line":116,"column":40},"end":{"line":116,"column":59}},{"start":{"line":116,"column":62},"end":{"line":116,"column":107}}],"line":116},"8":{"loc":{"start":{"line":134,"column":13},"end":{"line":160,"column":13}},"type":"binary-expr","locations":[{"start":{"line":134,"column":13},"end":{"line":134,"column":28}},{"start":{"line":135,"column":14},"end":{"line":159,"column":17}}],"line":134},"9":{"loc":{"start":{"line":136,"column":31},"end":{"line":136,"column":133}},"type":"cond-expr","locations":[{"start":{"line":136,"column":55},"end":{"line":136,"column":85}},{"start":{"line":136,"column":88},"end":{"line":136,"column":133}}],"line":136},"10":{"loc":{"start":{"line":173,"column":16},"end":{"line":173,"column":47}},"type":"cond-expr","locations":[{"start":{"line":173,"column":40},"end":{"line":173,"column":42}},{"start":{"line":173,"column":45},"end":{"line":173,"column":47}}],"line":173},"11":{"loc":{"start":{"line":244,"column":12},"end":{"line":244,"column":42}},"type":"cond-expr","locations":[{"start":{"line":244,"column":36},"end":{"line":244,"column":38}},{"start":{"line":244,"column":40},"end":{"line":244,"column":42}}],"line":244},"12":{"loc":{"start":{"line":245,"column":11},"end":{"line":245,"column":43}},"type":"cond-expr","locations":[{"start":{"line":245,"column":35},"end":{"line":245,"column":38}},{"start":{"line":245,"column":41},"end":{"line":245,"column":43}}],"line":245}},"s":{"0":1,"1":15,"2":14,"3":14,"4":14,"5":18,"6":14,"7":14,"8":14,"9":14,"10":14,"11":14,"12":0,"13":14,"14":14,"15":0,"16":14,"17":5,"18":5,"19":5,"20":5,"21":0,"22":0,"23":14,"24":5,"25":9,"26":2,"27":2,"28":2,"29":9,"30":1,"31":1,"32":1,"33":1,"34":9,"35":1,"36":0,"37":28,"38":18,"39":2,"40":0,"41":1,"42":0,"43":1},"f":{"0":15,"1":18,"2":0,"3":5,"4":5,"5":5,"6":0,"7":2,"8":1,"9":1,"10":0,"11":28,"12":18,"13":2,"14":0,"15":1,"16":0},"b":{"0":[1,1],"1":[0,14],"2":[5,9],"3":[0,5],"4":[1,0],"5":[9,0],"6":[9,0],"7":[18,0],"8":[9,4],"9":[4,0],"10":[0,1],"11":[0,1],"12":[0,1]},"_coverageSchema":"1a1c01bbd47fc00a2c39e90264f33305004495a9","hash":"9abc191602d5f2b2c31a701c4ecb3fec1154fbb9"}
,"C:\\Users\\holma\\git\\sep2025-project-team_004\\mobile\\app\\context\\CartContext.tsx": {"path":"C:\\Users\\holma\\git\\sep2025-project-team_004\\mobile\\app\\context\\CartContext.tsx","statementMap":{"0":{"start":{"line":23,"column":27},"end":{"line":23,"column":80}},"1":{"start":{"line":25,"column":69},"end":{"line":80,"column":1}},"2":{"start":{"line":26,"column":26},"end":{"line":26,"column":50}},"3":{"start":{"line":29,"column":2},"end":{"line":37,"column":9}},"4":{"start":{"line":30,"column":21},"end":{"line":35,"column":5}},"5":{"start":{"line":31,"column":25},"end":{"line":31,"column":59}},"6":{"start":{"line":32,"column":6},"end":{"line":34,"column":7}},"7":{"start":{"line":33,"column":8},"end":{"line":33,"column":40}},"8":{"start":{"line":36,"column":4},"end":{"line":36,"column":15}},"9":{"start":{"line":40,"column":2},"end":{"line":42,"column":13}},"10":{"start":{"line":41,"column":4},"end":{"line":41,"column":55}},"11":{"start":{"line":45,"column":20},"end":{"line":56,"column":3}},"12":{"start":{"line":46,"column":4},"end":{"line":55,"column":7}},"13":{"start":{"line":47,"column":27},"end":{"line":47,"column":74}},"14":{"start":{"line":47,"column":51},"end":{"line":47,"column":73}},"15":{"start":{"line":48,"column":6},"end":{"line":54,"column":7}},"16":{"start":{"line":49,"column":8},"end":{"line":51,"column":10}},"17":{"start":{"line":50,"column":10},"end":{"line":50,"column":89}},"18":{"start":{"line":53,"column":8},"end":{"line":53,"column":55}},"19":{"start":{"line":59,"column":25},"end":{"line":61,"column":3}},"20":{"start":{"line":60,"column":4},"end":{"line":60,"column":69}},"21":{"start":{"line":60,"column":26},"end":{"line":60,"column":67}},"22":{"start":{"line":60,"column":52},"end":{"line":60,"column":66}},"23":{"start":{"line":64,"column":29},"end":{"line":68,"column":3}},"24":{"start":{"line":65,"column":4},"end":{"line":67,"column":6}},"25":{"start":{"line":66,"column":6},"end":{"line":66,"column":77}},"26":{"start":{"line":66,"column":30},"end":{"line":66,"column":75}},"27":{"start":{"line":71,"column":20},"end":{"line":73,"column":3}},"28":{"start":{"line":72,"column":4},"end":{"line":72,"column":16}},"29":{"start":{"line":75,"column":2},"end":{"line":79,"column":4}}},"fnMap":{"0":{"name":"(anonymous_0)","decl":{"start":{"line":25,"column":69},"end":{"line":25,"column":70}},"loc":{"start":{"line":25,"column":87},"end":{"line":80,"column":1}},"line":25},"1":{"name":"(anonymous_1)","decl":{"start":{"line":29,"column":12},"end":{"line":29,"column":13}},"loc":{"start":{"line":29,"column":18},"end":{"line":37,"column":3}},"line":29},"2":{"name":"(anonymous_2)","decl":{"start":{"line":30,"column":21},"end":{"line":30,"column":22}},"loc":{"start":{"line":30,"column":33},"end":{"line":35,"column":5}},"line":30},"3":{"name":"(anonymous_3)","decl":{"start":{"line":40,"column":12},"end":{"line":40,"column":13}},"loc":{"start":{"line":40,"column":18},"end":{"line":42,"column":3}},"line":40},"4":{"name":"(anonymous_4)","decl":{"start":{"line":45,"column":20},"end":{"line":45,"column":21}},"loc":{"start":{"line":45,"column":61},"end":{"line":56,"column":3}},"line":45},"5":{"name":"(anonymous_5)","decl":{"start":{"line":46,"column":12},"end":{"line":46,"column":13}},"loc":{"start":{"line":46,"column":26},"end":{"line":55,"column":5}},"line":46},"6":{"name":"(anonymous_6)","decl":{"start":{"line":47,"column":41},"end":{"line":47,"column":42}},"loc":{"start":{"line":47,"column":51},"end":{"line":47,"column":73}},"line":47},"7":{"name":"(anonymous_7)","decl":{"start":{"line":49,"column":28},"end":{"line":49,"column":29}},"loc":{"start":{"line":50,"column":10},"end":{"line":50,"column":89}},"line":50},"8":{"name":"(anonymous_8)","decl":{"start":{"line":59,"column":25},"end":{"line":59,"column":26}},"loc":{"start":{"line":59,"column":41},"end":{"line":61,"column":3}},"line":59},"9":{"name":"(anonymous_9)","decl":{"start":{"line":60,"column":12},"end":{"line":60,"column":13}},"loc":{"start":{"line":60,"column":26},"end":{"line":60,"column":67}},"line":60},"10":{"name":"(anonymous_10)","decl":{"start":{"line":60,"column":42},"end":{"line":60,"column":43}},"loc":{"start":{"line":60,"column":52},"end":{"line":60,"column":66}},"line":60},"11":{"name":"(anonymous_11)","decl":{"start":{"line":64,"column":29},"end":{"line":64,"column":30}},"loc":{"start":{"line":64,"column":63},"end":{"line":68,"column":3}},"line":64},"12":{"name":"(anonymous_12)","decl":{"start":{"line":65,"column":12},"end":{"line":65,"column":13}},"loc":{"start":{"line":66,"column":6},"end":{"line":66,"column":77}},"line":66},"13":{"name":"(anonymous_13)","decl":{"start":{"line":66,"column":19},"end":{"line":66,"column":20}},"loc":{"start":{"line":66,"column":30},"end":{"line":66,"column":75}},"line":66},"14":{"name":"(anonymous_14)","decl":{"start":{"line":71,"column":20},"end":{"line":71,"column":21}},"loc":{"start":{"line":71,"column":26},"end":{"line":73,"column":3}},"line":71}},"branchMap":{"0":{"loc":{"start":{"line":32,"column":6},"end":{"line":34,"column":7}},"type":"if","locations":[{"start":{"line":32,"column":6},"end":{"line":34,"column":7}},{"start":{},"end":{}}],"line":32},"1":{"loc":{"start":{"line":48,"column":6},"end":{"line":54,"column":7}},"type":"if","locations":[{"start":{"line":48,"column":6},"end":{"line":54,"column":7}},{"start":{"line":52,"column":13},"end":{"line":54,"column":7}}],"line":48},"2":{"loc":{"start":{"line":50,"column":10},"end":{"line":50,"column":89}},"type":"cond-expr","locations":[{"start":{"line":50,"column":35},"end":{"line":50,"column":82}},{"start":{"line":50,"column":85},"end":{"line":50,"column":89}}],"line":50},"3":{"loc":{"start":{"line":66,"column":30},"end":{"line":66,"column":75}},"type":"cond-expr","locations":[{"start":{"line":66,"column":47},"end":{"line":66,"column":68}},{"start":{"line":66,"column":71},"end":{"line":66,"column":75}}],"line":66}},"s":{"0":3,"1":3,"2":16,"3":16,"4":6,"5":6,"6":6,"7":1,"8":6,"9":16,"10":16,"11":16,"12":6,"13":6,"14":1,"15":6,"16":1,"17":1,"18":5,"19":16,"20":1,"21":1,"22":1,"23":16,"24":1,"25":1,"26":1,"27":16,"28":1,"29":16},"f":{"0":16,"1":6,"2":6,"3":16,"4":6,"5":6,"6":1,"7":1,"8":1,"9":1,"10":1,"11":1,"12":1,"13":1,"14":1},"b":{"0":[1,5],"1":[1,5],"2":[1,0],"3":[1,0]},"_coverageSchema":"1a1c01bbd47fc00a2c39e90264f33305004495a9","hash":"17b9d335a5a6871ec8549ab0304dee945c85b4e8"}
,"C:\\Users\\holma\\git\\sep2025-project-team_004\\mobile\\app\\context\\PaymentContext.tsx": {"path":"C:\\Users\\holma\\git\\sep2025-project-team_004\\mobile\\app\\context\\PaymentContext.tsx","statementMap":{"0":{"start":{"line":6,"column":2},"end":{"line":6,"column":66}},"1":{"start":{"line":17,"column":23},"end":{"line":17,"column":79}},"2":{"start":{"line":19,"column":26},"end":{"line":25,"column":1}},"3":{"start":{"line":20,"column":18},"end":{"line":20,"column":44}},"4":{"start":{"line":21,"column":2},"end":{"line":23,"column":3}},"5":{"start":{"line":22,"column":4},"end":{"line":22,"column":72}},"6":{"start":{"line":24,"column":2},"end":{"line":24,"column":17}},"7":{"start":{"line":28,"column":72},"end":{"line":158,"column":1}},"8":{"start":{"line":29,"column":28},"end":{"line":29,"column":47}},"9":{"start":{"line":31,"column":20},"end":{"line":54,"column":3}},"10":{"start":{"line":32,"column":4},"end":{"line":53,"column":5}},"11":{"start":{"line":33,"column":24},"end":{"line":33,"column":63}},"12":{"start":{"line":34,"column":6},"end":{"line":37,"column":7}},"13":{"start":{"line":35,"column":8},"end":{"line":35,"column":49}},"14":{"start":{"line":36,"column":8},"end":{"line":36,"column":15}},"15":{"start":{"line":39,"column":23},"end":{"line":45,"column":8}},"16":{"start":{"line":47,"column":6},"end":{"line":47,"column":76}},"17":{"start":{"line":47,"column":24},"end":{"line":47,"column":76}},"18":{"start":{"line":49,"column":19},"end":{"line":49,"column":40}},"19":{"start":{"line":50,"column":6},"end":{"line":50,"column":21}},"20":{"start":{"line":52,"column":6},"end":{"line":52,"column":61}},"21":{"start":{"line":56,"column":18},"end":{"line":83,"column":3}},"22":{"start":{"line":57,"column":4},"end":{"line":82,"column":5}},"23":{"start":{"line":58,"column":24},"end":{"line":58,"column":63}},"24":{"start":{"line":59,"column":6},"end":{"line":62,"column":7}},"25":{"start":{"line":60,"column":8},"end":{"line":60,"column":49}},"26":{"start":{"line":61,"column":8},"end":{"line":61,"column":15}},"27":{"start":{"line":64,"column":6},"end":{"line":64,"column":55}},"28":{"start":{"line":64,"column":30},"end":{"line":64,"column":53}},"29":{"start":{"line":66,"column":23},"end":{"line":73,"column":8}},"30":{"start":{"line":75,"column":6},"end":{"line":75,"column":73}},"31":{"start":{"line":75,"column":24},"end":{"line":75,"column":73}},"32":{"start":{"line":77,"column":24},"end":{"line":77,"column":45}},"33":{"start":{"line":80,"column":6},"end":{"line":80,"column":59}},"34":{"start":{"line":81,"column":6},"end":{"line":81,"column":67}},"35":{"start":{"line":86,"column":28},"end":{"line":116,"column":3}},"36":{"start":{"line":87,"column":4},"end":{"line":114,"column":5}},"37":{"start":{"line":88,"column":24},"end":{"line":88,"column":63}},"38":{"start":{"line":89,"column":6},"end":{"line":92,"column":7}},"39":{"start":{"line":90,"column":8},"end":{"line":90,"column":49}},"40":{"start":{"line":91,"column":8},"end":{"line":91,"column":15}},"41":{"start":{"line":94,"column":6},"end":{"line":99,"column":8}},"42":{"start":{"line":95,"column":8},"end":{"line":98,"column":11}},"43":{"start":{"line":95,"column":33},"end":{"line":98,"column":9}},"44":{"start":{"line":101,"column":23},"end":{"line":107,"column":8}},"45":{"start":{"line":109,"column":6},"end":{"line":109,"column":81}},"46":{"start":{"line":109,"column":24},"end":{"line":109,"column":81}},"47":{"start":{"line":113,"column":6},"end":{"line":113,"column":68}},"48":{"start":{"line":115,"column":4},"end":{"line":115,"column":16}},"49":{"start":{"line":118,"column":30},"end":{"line":143,"column":3}},"50":{"start":{"line":119,"column":4},"end":{"line":141,"column":5}},"51":{"start":{"line":120,"column":24},"end":{"line":120,"column":63}},"52":{"start":{"line":121,"column":6},"end":{"line":124,"column":7}},"53":{"start":{"line":122,"column":8},"end":{"line":122,"column":49}},"54":{"start":{"line":123,"column":8},"end":{"line":123,"column":15}},"55":{"start":{"line":126,"column":6},"end":{"line":126,"column":78}},"56":{"start":{"line":126,"column":30},"end":{"line":126,"column":76}},"57":{"start":{"line":126,"column":57},"end":{"line":126,"column":75}},"58":{"start":{"line":128,"column":23},"end":{"line":134,"column":8}},"59":{"start":{"line":136,"column":6},"end":{"line":136,"column":76}},"60":{"start":{"line":136,"column":24},"end":{"line":136,"column":76}},"61":{"start":{"line":140,"column":6},"end":{"line":140,"column":61}},"62":{"start":{"line":142,"column":4},"end":{"line":142,"column":16}},"63":{"start":{"line":145,"column":21},"end":{"line":147,"column":3}},"64":{"start":{"line":146,"column":4},"end":{"line":146,"column":17}},"65":{"start":{"line":149,"column":2},"end":{"line":151,"column":9}},"66":{"start":{"line":150,"column":4},"end":{"line":150,"column":16}},"67":{"start":{"line":153,"column":2},"end":{"line":157,"column":4}}},"fnMap":{"0":{"name":"(anonymous_0)","decl":{"start":{"line":19,"column":26},"end":{"line":19,"column":27}},"loc":{"start":{"line":19,"column":32},"end":{"line":25,"column":1}},"line":19},"1":{"name":"(anonymous_1)","decl":{"start":{"line":28,"column":72},"end":{"line":28,"column":73}},"loc":{"start":{"line":28,"column":90},"end":{"line":158,"column":1}},"line":28},"2":{"name":"(anonymous_2)","decl":{"start":{"line":31,"column":20},"end":{"line":31,"column":21}},"loc":{"start":{"line":31,"column":32},"end":{"line":54,"column":3}},"line":31},"3":{"name":"(anonymous_3)","decl":{"start":{"line":56,"column":18},"end":{"line":56,"column":19}},"loc":{"start":{"line":56,"column":42},"end":{"line":83,"column":3}},"line":56},"4":{"name":"(anonymous_4)","decl":{"start":{"line":64,"column":15},"end":{"line":64,"column":16}},"loc":{"start":{"line":64,"column":30},"end":{"line":64,"column":53}},"line":64},"5":{"name":"(anonymous_5)","decl":{"start":{"line":86,"column":28},"end":{"line":86,"column":29}},"loc":{"start":{"line":86,"column":54},"end":{"line":116,"column":3}},"line":86},"6":{"name":"(anonymous_6)","decl":{"start":{"line":94,"column":15},"end":{"line":94,"column":16}},"loc":{"start":{"line":95,"column":8},"end":{"line":98,"column":11}},"line":95},"7":{"name":"(anonymous_7)","decl":{"start":{"line":95,"column":22},"end":{"line":95,"column":23}},"loc":{"start":{"line":95,"column":33},"end":{"line":98,"column":9}},"line":95},"8":{"name":"(anonymous_8)","decl":{"start":{"line":118,"column":30},"end":{"line":118,"column":31}},"loc":{"start":{"line":118,"column":56},"end":{"line":143,"column":3}},"line":118},"9":{"name":"(anonymous_9)","decl":{"start":{"line":126,"column":15},"end":{"line":126,"column":16}},"loc":{"start":{"line":126,"column":30},"end":{"line":126,"column":76}},"line":126},"10":{"name":"(anonymous_10)","decl":{"start":{"line":126,"column":47},"end":{"line":126,"column":48}},"loc":{"start":{"line":126,"column":57},"end":{"line":126,"column":75}},"line":126},"11":{"name":"(anonymous_11)","decl":{"start":{"line":145,"column":21},"end":{"line":145,"column":22}},"loc":{"start":{"line":145,"column":27},"end":{"line":147,"column":3}},"line":145},"12":{"name":"(anonymous_12)","decl":{"start":{"line":149,"column":12},"end":{"line":149,"column":13}},"loc":{"start":{"line":149,"column":18},"end":{"line":151,"column":3}},"line":149}},"branchMap":{"0":{"loc":{"start":{"line":6,"column":2},"end":{"line":6,"column":66}},"type":"binary-expr","locations":[{"start":{"line":6,"column":2},"end":{"line":6,"column":51}},{"start":{"line":6,"column":55},"end":{"line":6,"column":66}}],"line":6},"1":{"loc":{"start":{"line":21,"column":2},"end":{"line":23,"column":3}},"type":"if","locations":[{"start":{"line":21,"column":2},"end":{"line":23,"column":3}},{"start":{},"end":{}}],"line":21},"2":{"loc":{"start":{"line":34,"column":6},"end":{"line":37,"column":7}},"type":"if","locations":[{"start":{"line":34,"column":6},"end":{"line":37,"column":7}},{"start":{},"end":{}}],"line":34},"3":{"loc":{"start":{"line":47,"column":6},"end":{"line":47,"column":76}},"type":"if","locations":[{"start":{"line":47,"column":6},"end":{"line":47,"column":76}},{"start":{},"end":{}}],"line":47},"4":{"loc":{"start":{"line":59,"column":6},"end":{"line":62,"column":7}},"type":"if","locations":[{"start":{"line":59,"column":6},"end":{"line":62,"column":7}},{"start":{},"end":{}}],"line":59},"5":{"loc":{"start":{"line":75,"column":6},"end":{"line":75,"column":73}},"type":"if","locations":[{"start":{"line":75,"column":6},"end":{"line":75,"column":73}},{"start":{},"end":{}}],"line":75},"6":{"loc":{"start":{"line":89,"column":6},"end":{"line":92,"column":7}},"type":"if","locations":[{"start":{"line":89,"column":6},"end":{"line":92,"column":7}},{"start":{},"end":{}}],"line":89},"7":{"loc":{"start":{"line":109,"column":6},"end":{"line":109,"column":81}},"type":"if","locations":[{"start":{"line":109,"column":6},"end":{"line":109,"column":81}},{"start":{},"end":{}}],"line":109},"8":{"loc":{"start":{"line":121,"column":6},"end":{"line":124,"column":7}},"type":"if","locations":[{"start":{"line":121,"column":6},"end":{"line":124,"column":7}},{"start":{},"end":{}}],"line":121},"9":{"loc":{"start":{"line":136,"column":6},"end":{"line":136,"column":76}},"type":"if","locations":[{"start":{"line":136,"column":6},"end":{"line":136,"column":76}},{"start":{},"end":{}}],"line":136}},"s":{"0":3,"1":3,"2":3,"3":44,"4":44,"5":0,"6":44,"7":3,"8":44,"9":44,"10":20,"11":20,"12":20,"13":1,"14":1,"15":19,"16":19,"17":0,"18":19,"19":19,"20":0,"21":44,"22":4,"23":4,"24":4,"25":0,"26":0,"27":4,"28":4,"29":4,"30":4,"31":1,"32":3,"33":1,"34":1,"35":44,"36":0,"37":0,"38":0,"39":0,"40":0,"41":0,"42":0,"43":0,"44":0,"45":0,"46":0,"47":0,"48":0,"49":44,"50":0,"51":0,"52":0,"53":0,"54":0,"55":0,"56":0,"57":0,"58":0,"59":0,"60":0,"61":0,"62":0,"63":44,"64":1,"65":44,"66":20,"67":44},"f":{"0":44,"1":44,"2":20,"3":4,"4":4,"5":0,"6":0,"7":0,"8":0,"9":0,"10":0,"11":1,"12":20},"b":{"0":[3,3],"1":[0,44],"2":[1,19],"3":[0,19],"4":[0,4],"5":[1,3],"6":[0,0],"7":[0,0],"8":[0,0],"9":[0,0]},"_coverageSchema":"1a1c01bbd47fc00a2c39e90264f33305004495a9","hash":"4f545391cbd7b7ecc6585f4df97a5c742209a91a"}
}
