{"C:\\Users\\brenn\\SEP2025\\sep2025-project-team_004\\mobile\\app\\+not-found.tsx": {"path":"C:\\Users\\brenn\\SEP2025\\sep2025-project-team_004\\mobile\\app\\+not-found.tsx","statementMap":{"0":{"start":{"line":8,"column":2},"end":{"line":18,"column":4}},"1":{"start":{"line":21,"column":15},"end":{"line":32,"column":2}}},"fnMap":{"0":{"name":"NotFoundScreen","decl":{"start":{"line":7,"column":24},"end":{"line":7,"column":38}},"loc":{"start":{"line":7,"column":41},"end":{"line":19,"column":1}},"line":7}},"branchMap":{},"s":{"0":0,"1":0},"f":{"0":0},"b":{}}
,"C:\\Users\\brenn\\SEP2025\\sep2025-project-team_004\\mobile\\app\\Chat.tsx": {"path":"C:\\Users\\brenn\\SEP2025\\sep2025-project-team_004\\mobile\\app\\Chat.tsx","statementMap":{"0":{"start":{"line":6,"column":2},"end":{"line":10,"column":4}}},"fnMap":{"0":{"name":"chat","decl":{"start":{"line":5,"column":24},"end":{"line":5,"column":28}},"loc":{"start":{"line":5,"column":31},"end":{"line":11,"column":1}},"line":5}},"branchMap":{},"s":{"0":0},"f":{"0":0},"b":{}}
,"C:\\Users\\brenn\\SEP2025\\sep2025-project-team_004\\mobile\\app\\Profile.tsx": {"path":"C:\\Users\\brenn\\SEP2025\\sep2025-project-team_004\\mobile\\app\\Profile.tsx","statementMap":{"0":{"start":{"line":25,"column":2},"end":{"line":25,"column":66}},"1":{"start":{"line":28,"column":33},"end":{"line":33,"column":1}},"2":{"start":{"line":31,"column":4},"end":{"line":31,"column":61}},"3":{"start":{"line":36,"column":21},"end":{"line":36,"column":72}},"4":{"start":{"line":37,"column":26},"end":{"line":37,"column":80}},"5":{"start":{"line":38,"column":42},"end":{"line":38,"column":57}},"6":{"start":{"line":39,"column":40},"end":{"line":39,"column":59}},"7":{"start":{"line":40,"column":25},"end":{"line":40,"column":37}},"8":{"start":{"line":42,"column":2},"end":{"line":50,"column":9}},"9":{"start":{"line":43,"column":22},"end":{"line":48,"column":5}},"10":{"start":{"line":44,"column":20},"end":{"line":44,"column":59}},"11":{"start":{"line":45,"column":6},"end":{"line":47,"column":7}},"12":{"start":{"line":46,"column":8},"end":{"line":46,"column":68}},"13":{"start":{"line":49,"column":4},"end":{"line":49,"column":16}},"14":{"start":{"line":53,"column":2},"end":{"line":93,"column":4}},"15":{"start":{"line":55,"column":28},"end":{"line":60,"column":7}},"16":{"start":{"line":56,"column":31},"end":{"line":56,"column":69}},"17":{"start":{"line":57,"column":8},"end":{"line":59,"column":9}},"18":{"start":{"line":58,"column":10},"end":{"line":58,"column":46}},"19":{"start":{"line":62,"column":31},"end":{"line":88,"column":7}},"20":{"start":{"line":63,"column":8},"end":{"line":87,"column":9}},"21":{"start":{"line":64,"column":28},"end":{"line":64,"column":67}},"22":{"start":{"line":65,"column":10},"end":{"line":67,"column":11}},"23":{"start":{"line":66,"column":12},"end":{"line":66,"column":19}},"24":{"start":{"line":69,"column":27},"end":{"line":75,"column":12}},"25":{"start":{"line":77,"column":10},"end":{"line":79,"column":11}},"26":{"start":{"line":78,"column":12},"end":{"line":78,"column":64}},"27":{"start":{"line":81,"column":23},"end":{"line":81,"column":44}},"28":{"start":{"line":82,"column":30},"end":{"line":82,"column":71}},"29":{"start":{"line":82,"column":55},"end":{"line":82,"column":70}},"30":{"start":{"line":84,"column":10},"end":{"line":84,"column":46}},"31":{"start":{"line":86,"column":10},"end":{"line":86,"column":73}},"32":{"start":{"line":90,"column":6},"end":{"line":90,"column":22}},"33":{"start":{"line":91,"column":6},"end":{"line":91,"column":25}},"34":{"start":{"line":95,"column":23},"end":{"line":105,"column":3}},"35":{"start":{"line":96,"column":4},"end":{"line":104,"column":16}},"36":{"start":{"line":100,"column":48},"end":{"line":100,"column":63}},"37":{"start":{"line":107,"column":24},"end":{"line":118,"column":3}},"38":{"start":{"line":108,"column":4},"end":{"line":108,"column":53}},"39":{"start":{"line":109,"column":4},"end":{"line":117,"column":5}},"40":{"start":{"line":110,"column":6},"end":{"line":110,"column":49}},"41":{"start":{"line":111,"column":6},"end":{"line":111,"column":48}},"42":{"start":{"line":112,"column":6},"end":{"line":112,"column":19}},"43":{"start":{"line":113,"column":6},"end":{"line":113,"column":66}},"44":{"start":{"line":114,"column":6},"end":{"line":114,"column":29}},"45":{"start":{"line":116,"column":6},"end":{"line":116,"column":49}},"46":{"start":{"line":120,"column":2},"end":{"line":286,"column":4}},"47":{"start":{"line":127,"column":33},"end":{"line":127,"column":120}},"48":{"start":{"line":209,"column":25},"end":{"line":209,"column":62}},"49":{"start":{"line":278,"column":47},"end":{"line":278,"column":69}},"50":{"start":{"line":291,"column":15},"end":{"line":418,"column":2}}},"fnMap":{"0":{"name":"(anonymous_0)","decl":{"start":{"line":30,"column":14},"end":{"line":30,"column":15}},"loc":{"start":{"line":31,"column":4},"end":{"line":31,"column":61}},"line":31},"1":{"name":"Profile","decl":{"start":{"line":35,"column":24},"end":{"line":35,"column":31}},"loc":{"start":{"line":35,"column":34},"end":{"line":287,"column":1}},"line":35},"2":{"name":"(anonymous_2)","decl":{"start":{"line":42,"column":12},"end":{"line":42,"column":13}},"loc":{"start":{"line":42,"column":18},"end":{"line":50,"column":3}},"line":42},"3":{"name":"(anonymous_3)","decl":{"start":{"line":43,"column":22},"end":{"line":43,"column":23}},"loc":{"start":{"line":43,"column":34},"end":{"line":48,"column":5}},"line":43},"4":{"name":"(anonymous_4)","decl":{"start":{"line":54,"column":16},"end":{"line":54,"column":17}},"loc":{"start":{"line":54,"column":22},"end":{"line":92,"column":5}},"line":54},"5":{"name":"(anonymous_5)","decl":{"start":{"line":55,"column":28},"end":{"line":55,"column":29}},"loc":{"start":{"line":55,"column":40},"end":{"line":60,"column":7}},"line":55},"6":{"name":"(anonymous_6)","decl":{"start":{"line":62,"column":31},"end":{"line":62,"column":32}},"loc":{"start":{"line":62,"column":43},"end":{"line":88,"column":7}},"line":62},"7":{"name":"(anonymous_7)","decl":{"start":{"line":82,"column":40},"end":{"line":82,"column":41}},"loc":{"start":{"line":82,"column":55},"end":{"line":82,"column":70}},"line":82},"8":{"name":"(anonymous_8)","decl":{"start":{"line":95,"column":23},"end":{"line":95,"column":24}},"loc":{"start":{"line":95,"column":29},"end":{"line":105,"column":3}},"line":95},"9":{"name":"(anonymous_9)","decl":{"start":{"line":100,"column":42},"end":{"line":100,"column":43}},"loc":{"start":{"line":100,"column":48},"end":{"line":100,"column":63}},"line":100},"10":{"name":"(anonymous_10)","decl":{"start":{"line":107,"column":24},"end":{"line":107,"column":25}},"loc":{"start":{"line":107,"column":36},"end":{"line":118,"column":3}},"line":107},"11":{"name":"(anonymous_11)","decl":{"start":{"line":127,"column":27},"end":{"line":127,"column":28}},"loc":{"start":{"line":127,"column":33},"end":{"line":127,"column":120}},"line":127},"12":{"name":"(anonymous_12)","decl":{"start":{"line":169,"column":19},"end":{"line":169,"column":20}},"loc":{"start":{"line":169,"column":25},"end":{"line":171,"column":11}},"line":169},"13":{"name":"(anonymous_13)","decl":{"start":{"line":188,"column":19},"end":{"line":188,"column":20}},"loc":{"start":{"line":188,"column":25},"end":{"line":190,"column":11}},"line":188},"14":{"name":"(anonymous_14)","decl":{"start":{"line":209,"column":19},"end":{"line":209,"column":20}},"loc":{"start":{"line":209,"column":25},"end":{"line":209,"column":62}},"line":209},"15":{"name":"(anonymous_15)","decl":{"start":{"line":230,"column":19},"end":{"line":230,"column":20}},"loc":{"start":{"line":230,"column":25},"end":{"line":232,"column":11}},"line":230},"16":{"name":"(anonymous_16)","decl":{"start":{"line":249,"column":19},"end":{"line":249,"column":20}},"loc":{"start":{"line":249,"column":25},"end":{"line":251,"column":11}},"line":249},"17":{"name":"(anonymous_17)","decl":{"start":{"line":278,"column":41},"end":{"line":278,"column":42}},"loc":{"start":{"line":278,"column":47},"end":{"line":278,"column":69}},"line":278}},"branchMap":{"0":{"loc":{"start":{"line":25,"column":2},"end":{"line":25,"column":66}},"type":"binary-expr","locations":[{"start":{"line":25,"column":2},"end":{"line":25,"column":51}},{"start":{"line":25,"column":55},"end":{"line":25,"column":66}}],"line":25},"1":{"loc":{"start":{"line":45,"column":6},"end":{"line":47,"column":7}},"type":"if","locations":[{"start":{"line":45,"column":6},"end":{"line":47,"column":7}},{"start":{},"end":{}}],"line":45},"2":{"loc":{"start":{"line":57,"column":8},"end":{"line":59,"column":9}},"type":"if","locations":[{"start":{"line":57,"column":8},"end":{"line":59,"column":9}},{"start":{},"end":{}}],"line":57},"3":{"loc":{"start":{"line":65,"column":10},"end":{"line":67,"column":11}},"type":"if","locations":[{"start":{"line":65,"column":10},"end":{"line":67,"column":11}},{"start":{},"end":{}}],"line":65},"4":{"loc":{"start":{"line":77,"column":10},"end":{"line":79,"column":11}},"type":"if","locations":[{"start":{"line":77,"column":10},"end":{"line":79,"column":11}},{"start":{},"end":{}}],"line":77},"5":{"loc":{"start":{"line":84,"column":25},"end":{"line":84,"column":44}},"type":"binary-expr","locations":[{"start":{"line":84,"column":25},"end":{"line":84,"column":36}},{"start":{"line":84,"column":40},"end":{"line":84,"column":44}}],"line":84},"6":{"loc":{"start":{"line":96,"column":4},"end":{"line":104,"column":15}},"type":"cond-expr","locations":[{"start":{"line":96,"column":28},"end":{"line":96,"column":49}},{"start":{"line":96,"column":52},"end":{"line":104,"column":15}}],"line":96},"7":{"loc":{"start":{"line":160,"column":15},"end":{"line":160,"column":75}},"type":"cond-expr","locations":[{"start":{"line":160,"column":22},"end":{"line":160,"column":60}},{"start":{"line":160,"column":63},"end":{"line":160,"column":75}}],"line":160},"8":{"loc":{"start":{"line":162,"column":40},"end":{"line":162,"column":72}},"type":"cond-expr","locations":[{"start":{"line":162,"column":47},"end":{"line":162,"column":57}},{"start":{"line":162,"column":60},"end":{"line":162,"column":72}}],"line":162},"9":{"loc":{"start":{"line":215,"column":17},"end":{"line":217,"column":44}},"type":"cond-expr","locations":[{"start":{"line":216,"column":20},"end":{"line":216,"column":77}},{"start":{"line":217,"column":20},"end":{"line":217,"column":44}}],"line":215}},"s":{"0":0,"1":0,"2":0,"3":0,"4":0,"5":0,"6":0,"7":0,"8":0,"9":0,"10":0,"11":0,"12":0,"13":0,"14":0,"15":0,"16":0,"17":0,"18":0,"19":0,"20":0,"21":0,"22":0,"23":0,"24":0,"25":0,"26":0,"27":0,"28":0,"29":0,"30":0,"31":0,"32":0,"33":0,"34":0,"35":0,"36":0,"37":0,"38":0,"39":0,"40":0,"41":0,"42":0,"43":0,"44":0,"45":0,"46":0,"47":0,"48":0,"49":0,"50":0},"f":{"0":0,"1":0,"2":0,"3":0,"4":0,"5":0,"6":0,"7":0,"8":0,"9":0,"10":0,"11":0,"12":0,"13":0,"14":0,"15":0,"16":0,"17":0},"b":{"0":[0,0],"1":[0,0],"2":[0,0],"3":[0,0],"4":[0,0],"5":[0,0],"6":[0,0],"7":[0,0],"8":[0,0],"9":[0,0]}}
,"C:\\Users\\brenn\\SEP2025\\sep2025-project-team_004\\mobile\\app\\_layout.tsx": {"path":"C:\\Users\\brenn\\SEP2025\\sep2025-project-team_004\\mobile\\app\\_layout.tsx","statementMap":{"0":{"start":{"line":15,"column":0},"end":{"line":15,"column":36}},"1":{"start":{"line":17,"column":22},"end":{"line":17,"column":38}},"2":{"start":{"line":18,"column":19},"end":{"line":23,"column":4}},"3":{"start":{"line":25,"column":48},"end":{"line":25,"column":78}},"4":{"start":{"line":29,"column":2},"end":{"line":36,"column":9}},"5":{"start":{"line":30,"column":22},"end":{"line":34,"column":5}},"6":{"start":{"line":31,"column":20},"end":{"line":31,"column":59}},"7":{"start":{"line":32,"column":6},"end":{"line":32,"column":34}},"8":{"start":{"line":33,"column":6},"end":{"line":33,"column":37}},"9":{"start":{"line":35,"column":4},"end":{"line":35,"column":16}},"10":{"start":{"line":39,"column":2},"end":{"line":41,"column":3}},"11":{"start":{"line":40,"column":4},"end":{"line":40,"column":16}},"12":{"start":{"line":43,"column":2},"end":{"line":57,"column":4}}},"fnMap":{"0":{"name":"RootLayout","decl":{"start":{"line":16,"column":24},"end":{"line":16,"column":34}},"loc":{"start":{"line":16,"column":37},"end":{"line":58,"column":1}},"line":16},"1":{"name":"(anonymous_1)","decl":{"start":{"line":29,"column":12},"end":{"line":29,"column":13}},"loc":{"start":{"line":29,"column":18},"end":{"line":36,"column":3}},"line":29},"2":{"name":"(anonymous_2)","decl":{"start":{"line":30,"column":22},"end":{"line":30,"column":23}},"loc":{"start":{"line":30,"column":34},"end":{"line":34,"column":5}},"line":30}},"branchMap":{"0":{"loc":{"start":{"line":39,"column":2},"end":{"line":41,"column":3}},"type":"if","locations":[{"start":{"line":39,"column":2},"end":{"line":41,"column":3}},{"start":{},"end":{}}],"line":39},"1":{"loc":{"start":{"line":39,"column":6},"end":{"line":39,"column":41}},"type":"binary-expr","locations":[{"start":{"line":39,"column":6},"end":{"line":39,"column":13}},{"start":{"line":39,"column":17},"end":{"line":39,"column":41}}],"line":39},"2":{"loc":{"start":{"line":46,"column":30},"end":{"line":46,"column":79}},"type":"cond-expr","locations":[{"start":{"line":46,"column":55},"end":{"line":46,"column":64}},{"start":{"line":46,"column":67},"end":{"line":46,"column":79}}],"line":46},"3":{"loc":{"start":{"line":49,"column":19},"end":{"line":49,"column":55}},"type":"cond-expr","locations":[{"start":{"line":49,"column":37},"end":{"line":49,"column":45}},{"start":{"line":49,"column":48},"end":{"line":49,"column":55}}],"line":49}},"s":{"0":0,"1":0,"2":0,"3":0,"4":0,"5":0,"6":0,"7":0,"8":0,"9":0,"10":0,"11":0,"12":0},"f":{"0":0,"1":0,"2":0},"b":{"0":[0,0],"1":[0,0],"2":[0,0],"3":[0,0]}}
,"C:\\Users\\brenn\\SEP2025\\sep2025-project-team_004\\mobile\\app\\add-payment.tsx": {"path":"C:\\Users\\brenn\\SEP2025\\sep2025-project-team_004\\mobile\\app\\add-payment.tsx","statementMap":{"0":{"start":{"line":25,"column":2},"end":{"line":25,"column":66}},"1":{"start":{"line":28,"column":21},"end":{"line":28,"column":72}},"2":{"start":{"line":29,"column":31},"end":{"line":29,"column":44}},"3":{"start":{"line":30,"column":17},"end":{"line":30,"column":28}},"4":{"start":{"line":31,"column":22},"end":{"line":31,"column":34}},"5":{"start":{"line":32,"column":38},"end":{"line":32,"column":50}},"6":{"start":{"line":33,"column":38},"end":{"line":33,"column":50}},"7":{"start":{"line":34,"column":30},"end":{"line":34,"column":42}},"8":{"start":{"line":36,"column":22},"end":{"line":46,"column":3}},"9":{"start":{"line":37,"column":22},"end":{"line":37,"column":47}},"10":{"start":{"line":38,"column":4},"end":{"line":44,"column":5}},"11":{"start":{"line":40,"column":6},"end":{"line":40,"column":57}},"12":{"start":{"line":40,"column":37},"end":{"line":40,"column":57}},"13":{"start":{"line":41,"column":6},"end":{"line":41,"column":59}},"14":{"start":{"line":41,"column":41},"end":{"line":41,"column":59}},"15":{"start":{"line":42,"column":6},"end":{"line":42,"column":50}},"16":{"start":{"line":42,"column":36},"end":{"line":42,"column":50}},"17":{"start":{"line":43,"column":6},"end":{"line":43,"column":46}},"18":{"start":{"line":43,"column":32},"end":{"line":43,"column":46}},"19":{"start":{"line":45,"column":4},"end":{"line":45,"column":14}},"20":{"start":{"line":48,"column":44},"end":{"line":53,"column":3}},"21":{"start":{"line":57,"column":22},"end":{"line":57,"column":24}},"22":{"start":{"line":58,"column":30},"end":{"line":58,"column":59}},"23":{"start":{"line":60,"column":4},"end":{"line":61,"column":69}},"24":{"start":{"line":63,"column":4},"end":{"line":63,"column":50}},"25":{"start":{"line":65,"column":33},"end":{"line":73,"column":3}},"26":{"start":{"line":67,"column":19},"end":{"line":67,"column":55}},"27":{"start":{"line":70,"column":22},"end":{"line":70,"column":62}},"28":{"start":{"line":72,"column":4},"end":{"line":72,"column":29}},"29":{"start":{"line":75,"column":29},"end":{"line":85,"column":3}},"30":{"start":{"line":76,"column":19},"end":{"line":76,"column":42}},"31":{"start":{"line":77,"column":20},"end":{"line":77,"column":26}},"32":{"start":{"line":78,"column":4},"end":{"line":80,"column":5}},"33":{"start":{"line":79,"column":6},"end":{"line":79,"column":64}},"34":{"start":{"line":81,"column":4},"end":{"line":83,"column":5}},"35":{"start":{"line":82,"column":6},"end":{"line":82,"column":40}},"36":{"start":{"line":84,"column":4},"end":{"line":84,"column":25}},"37":{"start":{"line":87,"column":27},"end":{"line":87,"column":59}},"38":{"start":{"line":89,"column":24},"end":{"line":105,"column":3}},"39":{"start":{"line":90,"column":20},"end":{"line":96,"column":5}},"40":{"start":{"line":98,"column":4},"end":{"line":104,"column":5}},"41":{"start":{"line":99,"column":6},"end":{"line":99,"column":29}},"42":{"start":{"line":100,"column":6},"end":{"line":100,"column":65}},"43":{"start":{"line":101,"column":6},"end":{"line":101,"column":40}},"44":{"start":{"line":103,"column":6},"end":{"line":103,"column":59}},"45":{"start":{"line":108,"column":2},"end":{"line":207,"column":4}},"46":{"start":{"line":114,"column":64},"end":{"line":114,"column":83}},"47":{"start":{"line":210,"column":15},"end":{"line":342,"column":2}}},"fnMap":{"0":{"name":"PaymentMethod","decl":{"start":{"line":27,"column":24},"end":{"line":27,"column":37}},"loc":{"start":{"line":27,"column":40},"end":{"line":208,"column":1}},"line":27},"1":{"name":"(anonymous_1)","decl":{"start":{"line":36,"column":22},"end":{"line":36,"column":23}},"loc":{"start":{"line":36,"column":42},"end":{"line":46,"column":3}},"line":36},"2":{"name":"(anonymous_2)","decl":{"start":{"line":65,"column":33},"end":{"line":65,"column":34}},"loc":{"start":{"line":65,"column":51},"end":{"line":73,"column":3}},"line":65},"3":{"name":"(anonymous_3)","decl":{"start":{"line":75,"column":29},"end":{"line":75,"column":30}},"loc":{"start":{"line":75,"column":47},"end":{"line":85,"column":3}},"line":75},"4":{"name":"(anonymous_4)","decl":{"start":{"line":89,"column":24},"end":{"line":89,"column":25}},"loc":{"start":{"line":89,"column":36},"end":{"line":105,"column":3}},"line":89},"5":{"name":"(anonymous_5)","decl":{"start":{"line":114,"column":58},"end":{"line":114,"column":59}},"loc":{"start":{"line":114,"column":64},"end":{"line":114,"column":83}},"line":114}},"branchMap":{"0":{"loc":{"start":{"line":25,"column":2},"end":{"line":25,"column":66}},"type":"binary-expr","locations":[{"start":{"line":25,"column":2},"end":{"line":25,"column":51}},{"start":{"line":25,"column":55},"end":{"line":25,"column":66}}],"line":25},"1":{"loc":{"start":{"line":38,"column":4},"end":{"line":44,"column":5}},"type":"if","locations":[{"start":{"line":38,"column":4},"end":{"line":44,"column":5}},{"start":{},"end":{}}],"line":38},"2":{"loc":{"start":{"line":40,"column":6},"end":{"line":40,"column":57}},"type":"if","locations":[{"start":{"line":40,"column":6},"end":{"line":40,"column":57}},{"start":{},"end":{}}],"line":40},"3":{"loc":{"start":{"line":41,"column":6},"end":{"line":41,"column":59}},"type":"if","locations":[{"start":{"line":41,"column":6},"end":{"line":41,"column":59}},{"start":{},"end":{}}],"line":41},"4":{"loc":{"start":{"line":42,"column":6},"end":{"line":42,"column":50}},"type":"if","locations":[{"start":{"line":42,"column":6},"end":{"line":42,"column":50}},{"start":{},"end":{}}],"line":42},"5":{"loc":{"start":{"line":43,"column":6},"end":{"line":43,"column":46}},"type":"if","locations":[{"start":{"line":43,"column":6},"end":{"line":43,"column":46}},{"start":{},"end":{}}],"line":43},"6":{"loc":{"start":{"line":63,"column":4},"end":{"line":63,"column":50}},"type":"binary-expr","locations":[{"start":{"line":63,"column":4},"end":{"line":63,"column":44}},{"start":{"line":63,"column":48},"end":{"line":63,"column":50}}],"line":63},"7":{"loc":{"start":{"line":70,"column":22},"end":{"line":70,"column":62}},"type":"binary-expr","locations":[{"start":{"line":70,"column":22},"end":{"line":70,"column":56}},{"start":{"line":70,"column":60},"end":{"line":70,"column":62}}],"line":70},"8":{"loc":{"start":{"line":78,"column":4},"end":{"line":80,"column":5}},"type":"if","locations":[{"start":{"line":78,"column":4},"end":{"line":80,"column":5}},{"start":{},"end":{}}],"line":78},"9":{"loc":{"start":{"line":81,"column":4},"end":{"line":83,"column":5}},"type":"if","locations":[{"start":{"line":81,"column":4},"end":{"line":83,"column":5}},{"start":{},"end":{}}],"line":81},"10":{"loc":{"start":{"line":138,"column":17},"end":{"line":144,"column":24}},"type":"cond-expr","locations":[{"start":{"line":139,"column":18},"end":{"line":143,"column":20}},{"start":{"line":144,"column":20},"end":{"line":144,"column":24}}],"line":138}},"s":{"0":1,"1":20,"2":20,"3":20,"4":20,"5":20,"6":20,"7":20,"8":20,"9":20,"10":20,"11":8,"12":0,"13":8,"14":0,"15":8,"16":0,"17":8,"18":8,"19":12,"20":20,"21":20,"22":20,"23":20,"24":20,"25":20,"26":3,"27":3,"28":3,"29":20,"30":2,"31":2,"32":2,"33":2,"34":2,"35":0,"36":2,"37":20,"38":20,"39":4,"40":4,"41":4,"42":4,"43":4,"44":0,"45":20,"46":1,"47":1},"f":{"0":20,"1":20,"2":3,"3":2,"4":4,"5":1},"b":{"0":[1,1],"1":[8,12],"2":[0,8],"3":[0,8],"4":[0,8],"5":[8,0],"6":[20,0],"7":[3,0],"8":[2,0],"9":[0,2],"10":[8,12]},"_coverageSchema":"1a1c01bbd47fc00a2c39e90264f33305004495a9","hash":"a1bfa5618587726a9a3338f59d8cad92043c63dc"}
,"C:\\Users\\brenn\\SEP2025\\sep2025-project-team_004\\mobile\\app\\cart.tsx": {"path":"C:\\Users\\brenn\\SEP2025\\sep2025-project-team_004\\mobile\\app\\cart.tsx","statementMap":{"0":{"start":{"line":8,"column":17},"end":{"line":8,"column":28}},"1":{"start":{"line":9,"column":22},"end":{"line":9,"column":45}},"2":{"start":{"line":11,"column":2},"end":{"line":13,"column":3}},"3":{"start":{"line":12,"column":4},"end":{"line":12,"column":35}},"4":{"start":{"line":15,"column":55},"end":{"line":15,"column":66}},"5":{"start":{"line":18,"column":2},"end":{"line":70,"column":4}},"6":{"start":{"line":22,"column":49},"end":{"line":22,"column":62}},"7":{"start":{"line":33,"column":34},"end":{"line":33,"column":52}},"8":{"start":{"line":35,"column":12},"end":{"line":58,"column":19}},"9":{"start":{"line":45,"column":51},"end":{"line":45,"column":110}},"10":{"start":{"line":49,"column":51},"end":{"line":49,"column":97}},"11":{"start":{"line":55,"column":47},"end":{"line":55,"column":70}},"12":{"start":{"line":66,"column":51},"end":{"line":66,"column":85}},"13":{"start":{"line":73,"column":15},"end":{"line":117,"column":2}}},"fnMap":{"0":{"name":"CartScreen","decl":{"start":{"line":7,"column":24},"end":{"line":7,"column":34}},"loc":{"start":{"line":7,"column":37},"end":{"line":71,"column":1}},"line":7},"1":{"name":"(anonymous_1)","decl":{"start":{"line":22,"column":43},"end":{"line":22,"column":44}},"loc":{"start":{"line":22,"column":49},"end":{"line":22,"column":62}},"line":22},"2":{"name":"(anonymous_2)","decl":{"start":{"line":33,"column":24},"end":{"line":33,"column":25}},"loc":{"start":{"line":33,"column":34},"end":{"line":33,"column":52}},"line":33},"3":{"name":"(anonymous_3)","decl":{"start":{"line":34,"column":22},"end":{"line":34,"column":23}},"loc":{"start":{"line":35,"column":12},"end":{"line":58,"column":19}},"line":35},"4":{"name":"(anonymous_4)","decl":{"start":{"line":45,"column":45},"end":{"line":45,"column":46}},"loc":{"start":{"line":45,"column":51},"end":{"line":45,"column":110}},"line":45},"5":{"name":"(anonymous_5)","decl":{"start":{"line":49,"column":45},"end":{"line":49,"column":46}},"loc":{"start":{"line":49,"column":51},"end":{"line":49,"column":97}},"line":49},"6":{"name":"(anonymous_6)","decl":{"start":{"line":55,"column":41},"end":{"line":55,"column":42}},"loc":{"start":{"line":55,"column":47},"end":{"line":55,"column":70}},"line":55},"7":{"name":"(anonymous_7)","decl":{"start":{"line":66,"column":34},"end":{"line":66,"column":35}},"loc":{"start":{"line":66,"column":51},"end":{"line":66,"column":85}},"line":66}},"branchMap":{"0":{"loc":{"start":{"line":11,"column":2},"end":{"line":13,"column":3}},"type":"if","locations":[{"start":{"line":11,"column":2},"end":{"line":13,"column":3}},{"start":{},"end":{}}],"line":11},"1":{"loc":{"start":{"line":28,"column":7},"end":{"line":61,"column":7}},"type":"cond-expr","locations":[{"start":{"line":29,"column":8},"end":{"line":29,"column":65}},{"start":{"line":31,"column":8},"end":{"line":60,"column":10}}],"line":28},"2":{"loc":{"start":{"line":38,"column":24},"end":{"line":38,"column":101}},"type":"cond-expr","locations":[{"start":{"line":38,"column":37},"end":{"line":38,"column":56}},{"start":{"line":38,"column":59},"end":{"line":38,"column":101}}],"line":38}},"s":{"0":6,"1":6,"2":6,"3":0,"4":6,"5":6,"6":1,"7":15,"8":10,"9":1,"10":1,"11":1,"12":10,"13":1},"f":{"0":6,"1":1,"2":15,"3":10,"4":1,"5":1,"6":1,"7":10},"b":{"0":[0,6],"1":[1,5],"2":[10,0]},"_coverageSchema":"1a1c01bbd47fc00a2c39e90264f33305004495a9","hash":"44b2588d46e50147309fc180271ef0659dfaa6c9"}
,"C:\\Users\\brenn\\SEP2025\\sep2025-project-team_004\\mobile\\app\\editProfile.tsx": {"path":"C:\\Users\\brenn\\SEP2025\\sep2025-project-team_004\\mobile\\app\\editProfile.tsx","statementMap":{"0":{"start":{"line":10,"column":2},"end":{"line":10,"column":66}},"1":{"start":{"line":14,"column":34},"end":{"line":213,"column":1}},"2":{"start":{"line":15,"column":21},"end":{"line":15,"column":72}},"3":{"start":{"line":16,"column":33},"end":{"line":16,"column":46}},"4":{"start":{"line":18,"column":34},"end":{"line":18,"column":46}},"5":{"start":{"line":19,"column":36},"end":{"line":19,"column":48}},"6":{"start":{"line":20,"column":34},"end":{"line":20,"column":46}},"7":{"start":{"line":21,"column":28},"end":{"line":21,"column":40}},"8":{"start":{"line":22,"column":32},"end":{"line":22,"column":44}},"9":{"start":{"line":23,"column":26},"end":{"line":23,"column":38}},"10":{"start":{"line":24,"column":28},"end":{"line":24,"column":40}},"11":{"start":{"line":25,"column":32},"end":{"line":25,"column":44}},"12":{"start":{"line":26,"column":32},"end":{"line":26,"column":47}},"13":{"start":{"line":28,"column":27},"end":{"line":69,"column":1}},"14":{"start":{"line":29,"column":4},"end":{"line":68,"column":5}},"15":{"start":{"line":30,"column":22},"end":{"line":30,"column":61}},"16":{"start":{"line":32,"column":8},"end":{"line":35,"column":9}},"17":{"start":{"line":33,"column":12},"end":{"line":33,"column":63}},"18":{"start":{"line":34,"column":12},"end":{"line":34,"column":19}},"19":{"start":{"line":37,"column":25},"end":{"line":43,"column":10}},"20":{"start":{"line":45,"column":8},"end":{"line":49,"column":9}},"21":{"start":{"line":46,"column":12},"end":{"line":46,"column":70}},"22":{"start":{"line":47,"column":12},"end":{"line":47,"column":88}},"23":{"start":{"line":48,"column":12},"end":{"line":48,"column":19}},"24":{"start":{"line":51,"column":8},"end":{"line":53,"column":9}},"25":{"start":{"line":52,"column":12},"end":{"line":52,"column":79}},"26":{"start":{"line":55,"column":25},"end":{"line":55,"column":46}},"27":{"start":{"line":57,"column":8},"end":{"line":57,"column":39}},"28":{"start":{"line":58,"column":8},"end":{"line":58,"column":42}},"29":{"start":{"line":59,"column":8},"end":{"line":59,"column":40}},"30":{"start":{"line":60,"column":8},"end":{"line":60,"column":40}},"31":{"start":{"line":61,"column":8},"end":{"line":61,"column":37}},"32":{"start":{"line":62,"column":8},"end":{"line":62,"column":31}},"33":{"start":{"line":63,"column":8},"end":{"line":63,"column":33}},"34":{"start":{"line":64,"column":8},"end":{"line":64,"column":38}},"35":{"start":{"line":66,"column":8},"end":{"line":66,"column":61}},"36":{"start":{"line":67,"column":8},"end":{"line":67,"column":78}},"37":{"start":{"line":72,"column":2},"end":{"line":74,"column":9}},"38":{"start":{"line":73,"column":4},"end":{"line":73,"column":23}},"39":{"start":{"line":76,"column":28},"end":{"line":118,"column":1}},"40":{"start":{"line":77,"column":4},"end":{"line":117,"column":5}},"41":{"start":{"line":78,"column":22},"end":{"line":78,"column":61}},"42":{"start":{"line":80,"column":8},"end":{"line":83,"column":9}},"43":{"start":{"line":81,"column":12},"end":{"line":81,"column":63}},"44":{"start":{"line":82,"column":12},"end":{"line":82,"column":19}},"45":{"start":{"line":85,"column":25},"end":{"line":100,"column":10}},"46":{"start":{"line":102,"column":8},"end":{"line":107,"column":9}},"47":{"start":{"line":103,"column":30},"end":{"line":103,"column":51}},"48":{"start":{"line":104,"column":12},"end":{"line":104,"column":55}},"49":{"start":{"line":105,"column":12},"end":{"line":105,"column":82}},"50":{"start":{"line":106,"column":12},"end":{"line":106,"column":19}},"51":{"start":{"line":109,"column":28},"end":{"line":109,"column":49}},"52":{"start":{"line":111,"column":8},"end":{"line":111,"column":62}},"53":{"start":{"line":112,"column":8},"end":{"line":112,"column":28}},"54":{"start":{"line":115,"column":8},"end":{"line":115,"column":56}},"55":{"start":{"line":116,"column":8},"end":{"line":116,"column":58}},"56":{"start":{"line":121,"column":2},"end":{"line":212,"column":4}},"57":{"start":{"line":125,"column":31},"end":{"line":125,"column":118}},"58":{"start":{"line":215,"column":15},"end":{"line":267,"column":2}}},"fnMap":{"0":{"name":"(anonymous_0)","decl":{"start":{"line":14,"column":34},"end":{"line":14,"column":35}},"loc":{"start":{"line":14,"column":40},"end":{"line":213,"column":1}},"line":14},"1":{"name":"(anonymous_1)","decl":{"start":{"line":28,"column":27},"end":{"line":28,"column":28}},"loc":{"start":{"line":28,"column":39},"end":{"line":69,"column":1}},"line":28},"2":{"name":"(anonymous_2)","decl":{"start":{"line":72,"column":12},"end":{"line":72,"column":13}},"loc":{"start":{"line":72,"column":18},"end":{"line":74,"column":3}},"line":72},"3":{"name":"(anonymous_3)","decl":{"start":{"line":76,"column":28},"end":{"line":76,"column":29}},"loc":{"start":{"line":76,"column":40},"end":{"line":118,"column":1}},"line":76},"4":{"name":"(anonymous_4)","decl":{"start":{"line":125,"column":25},"end":{"line":125,"column":26}},"loc":{"start":{"line":125,"column":31},"end":{"line":125,"column":118}},"line":125}},"branchMap":{"0":{"loc":{"start":{"line":10,"column":2},"end":{"line":10,"column":66}},"type":"binary-expr","locations":[{"start":{"line":10,"column":2},"end":{"line":10,"column":51}},{"start":{"line":10,"column":55},"end":{"line":10,"column":66}}],"line":10},"1":{"loc":{"start":{"line":32,"column":8},"end":{"line":35,"column":9}},"type":"if","locations":[{"start":{"line":32,"column":8},"end":{"line":35,"column":9}},{"start":{},"end":{}}],"line":32},"2":{"loc":{"start":{"line":45,"column":8},"end":{"line":49,"column":9}},"type":"if","locations":[{"start":{"line":45,"column":8},"end":{"line":49,"column":9}},{"start":{},"end":{}}],"line":45},"3":{"loc":{"start":{"line":51,"column":8},"end":{"line":53,"column":9}},"type":"if","locations":[{"start":{"line":51,"column":8},"end":{"line":53,"column":9}},{"start":{},"end":{}}],"line":51},"4":{"loc":{"start":{"line":80,"column":8},"end":{"line":83,"column":9}},"type":"if","locations":[{"start":{"line":80,"column":8},"end":{"line":83,"column":9}},{"start":{},"end":{}}],"line":80},"5":{"loc":{"start":{"line":102,"column":8},"end":{"line":107,"column":9}},"type":"if","locations":[{"start":{"line":102,"column":8},"end":{"line":107,"column":9}},{"start":{},"end":{}}],"line":102},"6":{"loc":{"start":{"line":105,"column":33},"end":{"line":105,"column":80}},"type":"binary-expr","locations":[{"start":{"line":105,"column":33},"end":{"line":105,"column":49}},{"start":{"line":105,"column":53},"end":{"line":105,"column":80}}],"line":105},"7":{"loc":{"start":{"line":208,"column":11},"end":{"line":208,"column":53}},"type":"cond-expr","locations":[{"start":{"line":208,"column":21},"end":{"line":208,"column":34}},{"start":{"line":208,"column":37},"end":{"line":208,"column":53}}],"line":208},"8":{"loc":{"start":{"line":219,"column":16},"end":{"line":219,"column":47}},"type":"cond-expr","locations":[{"start":{"line":219,"column":40},"end":{"line":219,"column":42}},{"start":{"line":219,"column":45},"end":{"line":219,"column":47}}],"line":219},"9":{"loc":{"start":{"line":236,"column":9},"end":{"line":236,"column":40}},"type":"cond-expr","locations":[{"start":{"line":236,"column":33},"end":{"line":236,"column":35}},{"start":{"line":236,"column":38},"end":{"line":236,"column":40}}],"line":236}},"s":{"0":1,"1":1,"2":6,"3":6,"4":6,"5":6,"6":6,"7":6,"8":6,"9":6,"10":6,"11":6,"12":6,"13":6,"14":3,"15":3,"16":3,"17":0,"18":0,"19":3,"20":3,"21":0,"22":0,"23":0,"24":3,"25":0,"26":3,"27":3,"28":3,"29":3,"30":3,"31":3,"32":3,"33":3,"34":3,"35":0,"36":0,"37":6,"38":3,"39":6,"40":1,"41":1,"42":1,"43":0,"44":0,"45":1,"46":1,"47":0,"48":0,"49":0,"50":0,"51":1,"52":1,"53":1,"54":0,"55":0,"56":6,"57":1,"58":1},"f":{"0":6,"1":3,"2":3,"3":1,"4":1},"b":{"0":[1,1],"1":[0,3],"2":[0,3],"3":[0,3],"4":[0,1],"5":[0,1],"6":[0,0],"7":[0,6],"8":[1,0],"9":[1,0]},"_coverageSchema":"1a1c01bbd47fc00a2c39e90264f33305004495a9","hash":"a67748bdb0754f76403ec509800b7a8f704df7c9"}
,"C:\\Users\\brenn\\SEP2025\\sep2025-project-team_004\\mobile\\app\\forgot.tsx": {"path":"C:\\Users\\brenn\\SEP2025\\sep2025-project-team_004\\mobile\\app\\forgot.tsx","statementMap":{"0":{"start":{"line":8,"column":21},"end":{"line":8,"column":36}},"1":{"start":{"line":10,"column":28},"end":{"line":10,"column":40}},"2":{"start":{"line":11,"column":40},"end":{"line":11,"column":52}},"3":{"start":{"line":12,"column":54},"end":{"line":12,"column":66}},"4":{"start":{"line":13,"column":50},"end":{"line":13,"column":62}},"5":{"start":{"line":14,"column":28},"end":{"line":14,"column":40}},"6":{"start":{"line":16,"column":23},"end":{"line":35,"column":3}},"7":{"start":{"line":17,"column":4},"end":{"line":20,"column":5}},"8":{"start":{"line":18,"column":6},"end":{"line":18,"column":37}},"9":{"start":{"line":19,"column":6},"end":{"line":19,"column":13}},"10":{"start":{"line":21,"column":4},"end":{"line":24,"column":5}},"11":{"start":{"line":22,"column":6},"end":{"line":22,"column":44}},"12":{"start":{"line":23,"column":6},"end":{"line":23,"column":13}},"13":{"start":{"line":25,"column":4},"end":{"line":28,"column":5}},"14":{"start":{"line":26,"column":6},"end":{"line":26,"column":52}},"15":{"start":{"line":27,"column":6},"end":{"line":27,"column":13}},"16":{"start":{"line":29,"column":4},"end":{"line":32,"column":5}},"17":{"start":{"line":30,"column":6},"end":{"line":30,"column":42}},"18":{"start":{"line":31,"column":6},"end":{"line":31,"column":13}},"19":{"start":{"line":33,"column":4},"end":{"line":33,"column":17}},"20":{"start":{"line":37,"column":2},"end":{"line":73,"column":4}},"21":{"start":{"line":76,"column":15},"end":{"line":115,"column":2}}},"fnMap":{"0":{"name":"ForgotScreen","decl":{"start":{"line":7,"column":24},"end":{"line":7,"column":36}},"loc":{"start":{"line":7,"column":39},"end":{"line":74,"column":1}},"line":7},"1":{"name":"(anonymous_1)","decl":{"start":{"line":16,"column":23},"end":{"line":16,"column":24}},"loc":{"start":{"line":16,"column":29},"end":{"line":35,"column":3}},"line":16}},"branchMap":{"0":{"loc":{"start":{"line":17,"column":4},"end":{"line":20,"column":5}},"type":"if","locations":[{"start":{"line":17,"column":4},"end":{"line":20,"column":5}},{"start":{},"end":{}}],"line":17},"1":{"loc":{"start":{"line":21,"column":4},"end":{"line":24,"column":5}},"type":"if","locations":[{"start":{"line":21,"column":4},"end":{"line":24,"column":5}},{"start":{},"end":{}}],"line":21},"2":{"loc":{"start":{"line":25,"column":4},"end":{"line":28,"column":5}},"type":"if","locations":[{"start":{"line":25,"column":4},"end":{"line":28,"column":5}},{"start":{},"end":{}}],"line":25},"3":{"loc":{"start":{"line":29,"column":4},"end":{"line":32,"column":5}},"type":"if","locations":[{"start":{"line":29,"column":4},"end":{"line":32,"column":5}},{"start":{},"end":{}}],"line":29},"4":{"loc":{"start":{"line":42,"column":7},"end":{"line":42,"column":63}},"type":"cond-expr","locations":[{"start":{"line":42,"column":15},"end":{"line":42,"column":56}},{"start":{"line":42,"column":59},"end":{"line":42,"column":63}}],"line":42}},"s":{"0":29,"1":29,"2":29,"3":29,"4":29,"5":29,"6":29,"7":5,"8":1,"9":1,"10":4,"11":1,"12":1,"13":3,"14":1,"15":1,"16":2,"17":1,"18":1,"19":1,"20":29,"21":1},"f":{"0":29,"1":5},"b":{"0":[1,4],"1":[1,3],"2":[1,2],"3":[1,1],"4":[4,25]},"_coverageSchema":"1a1c01bbd47fc00a2c39e90264f33305004495a9","hash":"27cdd4355992e6bc5711da128d1515fc1d2d1344"}
,"C:\\Users\\brenn\\SEP2025\\sep2025-project-team_004\\mobile\\app\\index.tsx": {"path":"C:\\Users\\brenn\\SEP2025\\sep2025-project-team_004\\mobile\\app\\index.tsx","statementMap":{"0":{"start":{"line":17,"column":2},"end":{"line":17,"column":66}},"1":{"start":{"line":21,"column":21},"end":{"line":21,"column":72}},"2":{"start":{"line":22,"column":28},"end":{"line":22,"column":40}},"3":{"start":{"line":23,"column":34},"end":{"line":23,"column":46}},"4":{"start":{"line":24,"column":28},"end":{"line":24,"column":40}},"5":{"start":{"line":25,"column":32},"end":{"line":25,"column":47}},"6":{"start":{"line":27,"column":22},"end":{"line":74,"column":3}},"7":{"start":{"line":28,"column":4},"end":{"line":31,"column":5}},"8":{"start":{"line":29,"column":6},"end":{"line":29,"column":44}},"9":{"start":{"line":30,"column":6},"end":{"line":30,"column":13}},"10":{"start":{"line":33,"column":4},"end":{"line":33,"column":21}},"11":{"start":{"line":35,"column":4},"end":{"line":71,"column":5}},"12":{"start":{"line":36,"column":23},"end":{"line":45,"column":8}},"13":{"start":{"line":47,"column":19},"end":{"line":47,"column":40}},"14":{"start":{"line":48,"column":6},"end":{"line":48,"column":41}},"15":{"start":{"line":50,"column":6},"end":{"line":67,"column":7}},"16":{"start":{"line":51,"column":8},"end":{"line":51,"column":60}},"17":{"start":{"line":53,"column":29},"end":{"line":56,"column":10}},"18":{"start":{"line":58,"column":25},"end":{"line":58,"column":50}},"19":{"start":{"line":59,"column":8},"end":{"line":64,"column":9}},"20":{"start":{"line":60,"column":10},"end":{"line":60,"column":75}},"21":{"start":{"line":61,"column":10},"end":{"line":61,"column":99}},"22":{"start":{"line":63,"column":10},"end":{"line":63,"column":67}},"23":{"start":{"line":66,"column":8},"end":{"line":66,"column":59}},"24":{"start":{"line":69,"column":6},"end":{"line":69,"column":41}},"25":{"start":{"line":70,"column":6},"end":{"line":70,"column":64}},"26":{"start":{"line":72,"column":4},"end":{"line":72,"column":22}},"27":{"start":{"line":73,"column":4},"end":{"line":73,"column":20}},"28":{"start":{"line":76,"column":2},"end":{"line":130,"column":4}},"29":{"start":{"line":114,"column":25},"end":{"line":114,"column":56}},"30":{"start":{"line":124,"column":23},"end":{"line":124,"column":52}},"31":{"start":{"line":133,"column":15},"end":{"line":185,"column":2}}},"fnMap":{"0":{"name":"HomeScreen","decl":{"start":{"line":20,"column":24},"end":{"line":20,"column":34}},"loc":{"start":{"line":20,"column":37},"end":{"line":131,"column":1}},"line":20},"1":{"name":"(anonymous_1)","decl":{"start":{"line":27,"column":22},"end":{"line":27,"column":23}},"loc":{"start":{"line":27,"column":34},"end":{"line":74,"column":3}},"line":27},"2":{"name":"(anonymous_2)","decl":{"start":{"line":114,"column":19},"end":{"line":114,"column":20}},"loc":{"start":{"line":114,"column":25},"end":{"line":114,"column":56}},"line":114},"3":{"name":"(anonymous_3)","decl":{"start":{"line":124,"column":17},"end":{"line":124,"column":18}},"loc":{"start":{"line":124,"column":23},"end":{"line":124,"column":52}},"line":124}},"branchMap":{"0":{"loc":{"start":{"line":17,"column":2},"end":{"line":17,"column":66}},"type":"binary-expr","locations":[{"start":{"line":17,"column":2},"end":{"line":17,"column":51}},{"start":{"line":17,"column":55},"end":{"line":17,"column":66}}],"line":17},"1":{"loc":{"start":{"line":28,"column":4},"end":{"line":31,"column":5}},"type":"if","locations":[{"start":{"line":28,"column":4},"end":{"line":31,"column":5}},{"start":{},"end":{}}],"line":28},"2":{"loc":{"start":{"line":28,"column":8},"end":{"line":28,"column":27}},"type":"binary-expr","locations":[{"start":{"line":28,"column":8},"end":{"line":28,"column":14}},{"start":{"line":28,"column":18},"end":{"line":28,"column":27}}],"line":28},"3":{"loc":{"start":{"line":50,"column":6},"end":{"line":67,"column":7}},"type":"if","locations":[{"start":{"line":50,"column":6},"end":{"line":67,"column":7}},{"start":{"line":65,"column":13},"end":{"line":67,"column":7}}],"line":50},"4":{"loc":{"start":{"line":50,"column":10},"end":{"line":50,"column":35}},"type":"binary-expr","locations":[{"start":{"line":50,"column":10},"end":{"line":50,"column":21}},{"start":{"line":50,"column":25},"end":{"line":50,"column":35}}],"line":50},"5":{"loc":{"start":{"line":59,"column":8},"end":{"line":64,"column":9}},"type":"if","locations":[{"start":{"line":59,"column":8},"end":{"line":64,"column":9}},{"start":{"line":62,"column":15},"end":{"line":64,"column":9}}],"line":59},"6":{"loc":{"start":{"line":79,"column":7},"end":{"line":79,"column":63}},"type":"cond-expr","locations":[{"start":{"line":79,"column":15},"end":{"line":79,"column":56}},{"start":{"line":79,"column":59},"end":{"line":79,"column":63}}],"line":79},"7":{"loc":{"start":{"line":108,"column":43},"end":{"line":108,"column":75}},"type":"cond-expr","locations":[{"start":{"line":108,"column":53},"end":{"line":108,"column":65}},{"start":{"line":108,"column":68},"end":{"line":108,"column":75}}],"line":108},"8":{"loc":{"start":{"line":148,"column":11},"end":{"line":148,"column":81}},"type":"cond-expr","locations":[{"start":{"line":148,"column":35},"end":{"line":148,"column":73}},{"start":{"line":148,"column":76},"end":{"line":148,"column":81}}],"line":148},"9":{"loc":{"start":{"line":167,"column":11},"end":{"line":167,"column":80}},"type":"cond-expr","locations":[{"start":{"line":167,"column":35},"end":{"line":167,"column":72}},{"start":{"line":167,"column":75},"end":{"line":167,"column":80}}],"line":167}},"s":{"0":1,"1":21,"2":21,"3":20,"4":20,"5":20,"6":20,"7":4,"8":1,"9":1,"10":3,"11":3,"12":3,"13":2,"14":2,"15":2,"16":1,"17":1,"18":1,"19":1,"20":1,"21":1,"22":0,"23":1,"24":1,"25":1,"26":3,"27":3,"28":20,"29":1,"30":0,"31":1},"f":{"0":21,"1":4,"2":1,"3":0},"b":{"0":[1,1],"1":[1,3],"2":[4,3],"3":[1,1],"4":[2,1],"5":[1,0],"6":[3,17],"7":[1,19],"8":[0,1],"9":[0,1]},"_coverageSchema":"1a1c01bbd47fc00a2c39e90264f33305004495a9","hash":"1cfc92fdf11f25f83b698643c7a3767dc56f1948"}
,"C:\\Users\\brenn\\SEP2025\\sep2025-project-team_004\\mobile\\app\\payment-method.tsx": {"path":"C:\\Users\\brenn\\SEP2025\\sep2025-project-team_004\\mobile\\app\\payment-method.tsx","statementMap":{"0":{"start":{"line":22,"column":2},"end":{"line":22,"column":66}},"1":{"start":{"line":25,"column":20},"end":{"line":38,"column":1}},"2":{"start":{"line":26,"column":2},"end":{"line":37,"column":3}},"3":{"start":{"line":28,"column":6},"end":{"line":28,"column":59}},"4":{"start":{"line":30,"column":6},"end":{"line":30,"column":65}},"5":{"start":{"line":32,"column":6},"end":{"line":32,"column":59}},"6":{"start":{"line":34,"column":6},"end":{"line":34,"column":63}},"7":{"start":{"line":36,"column":6},"end":{"line":36,"column":65}},"8":{"start":{"line":42,"column":17},"end":{"line":42,"column":28}},"9":{"start":{"line":43,"column":71},"end":{"line":43,"column":83}},"10":{"start":{"line":45,"column":2},"end":{"line":47,"column":9}},"11":{"start":{"line":46,"column":4},"end":{"line":46,"column":16}},"12":{"start":{"line":49,"column":27},"end":{"line":63,"column":3}},"13":{"start":{"line":50,"column":4},"end":{"line":62,"column":13}},"14":{"start":{"line":51,"column":6},"end":{"line":51,"column":40}},"15":{"start":{"line":53,"column":4},"end":{"line":61,"column":16}},"16":{"start":{"line":57,"column":54},"end":{"line":57,"column":87}},"17":{"start":{"line":65,"column":24},"end":{"line":65,"column":42}},"18":{"start":{"line":67,"column":2},"end":{"line":115,"column":4}},"19":{"start":{"line":70,"column":62},"end":{"line":70,"column":90}},"20":{"start":{"line":74,"column":69},"end":{"line":74,"column":96}},"21":{"start":{"line":82,"column":12},"end":{"line":110,"column":19}},"22":{"start":{"line":97,"column":88},"end":{"line":97,"column":114}},"23":{"start":{"line":103,"column":33},"end":{"line":103,"column":58}},"24":{"start":{"line":118,"column":15},"end":{"line":287,"column":2}}},"fnMap":{"0":{"name":"(anonymous_0)","decl":{"start":{"line":25,"column":20},"end":{"line":25,"column":21}},"loc":{"start":{"line":25,"column":42},"end":{"line":38,"column":1}},"line":25},"1":{"name":"PaymentMethod","decl":{"start":{"line":41,"column":24},"end":{"line":41,"column":37}},"loc":{"start":{"line":41,"column":40},"end":{"line":116,"column":1}},"line":41},"2":{"name":"(anonymous_2)","decl":{"start":{"line":45,"column":12},"end":{"line":45,"column":13}},"loc":{"start":{"line":45,"column":18},"end":{"line":47,"column":3}},"line":45},"3":{"name":"(anonymous_3)","decl":{"start":{"line":49,"column":27},"end":{"line":49,"column":28}},"loc":{"start":{"line":49,"column":53},"end":{"line":63,"column":3}},"line":49},"4":{"name":"(anonymous_4)","decl":{"start":{"line":57,"column":42},"end":{"line":57,"column":43}},"loc":{"start":{"line":57,"column":54},"end":{"line":57,"column":87}},"line":57},"5":{"name":"(anonymous_5)","decl":{"start":{"line":70,"column":56},"end":{"line":70,"column":57}},"loc":{"start":{"line":70,"column":62},"end":{"line":70,"column":90}},"line":70},"6":{"name":"(anonymous_6)","decl":{"start":{"line":74,"column":63},"end":{"line":74,"column":64}},"loc":{"start":{"line":74,"column":69},"end":{"line":74,"column":96}},"line":74},"7":{"name":"(anonymous_7)","decl":{"start":{"line":81,"column":34},"end":{"line":81,"column":35}},"loc":{"start":{"line":82,"column":12},"end":{"line":110,"column":19}},"line":82},"8":{"name":"(anonymous_8)","decl":{"start":{"line":97,"column":82},"end":{"line":97,"column":83}},"loc":{"start":{"line":97,"column":88},"end":{"line":97,"column":114}},"line":97},"9":{"name":"(anonymous_9)","decl":{"start":{"line":103,"column":27},"end":{"line":103,"column":28}},"loc":{"start":{"line":103,"column":33},"end":{"line":103,"column":58}},"line":103}},"branchMap":{"0":{"loc":{"start":{"line":22,"column":2},"end":{"line":22,"column":66}},"type":"binary-expr","locations":[{"start":{"line":22,"column":2},"end":{"line":22,"column":51}},{"start":{"line":22,"column":55},"end":{"line":22,"column":66}}],"line":22},"1":{"loc":{"start":{"line":26,"column":2},"end":{"line":37,"column":3}},"type":"switch","locations":[{"start":{"line":27,"column":4},"end":{"line":28,"column":59}},{"start":{"line":29,"column":4},"end":{"line":30,"column":65}},{"start":{"line":31,"column":4},"end":{"line":32,"column":59}},{"start":{"line":33,"column":4},"end":{"line":34,"column":63}},{"start":{"line":35,"column":4},"end":{"line":36,"column":65}}],"line":26},"2":{"loc":{"start":{"line":50,"column":4},"end":{"line":62,"column":13}},"type":"if","locations":[{"start":{"line":50,"column":4},"end":{"line":62,"column":13}},{"start":{"line":52,"column":11},"end":{"line":62,"column":13}}],"line":50},"3":{"loc":{"start":{"line":89,"column":70},"end":{"line":89,"column":94}},"type":"binary-expr","locations":[{"start":{"line":89,"column":70},"end":{"line":89,"column":84}},{"start":{"line":89,"column":88},"end":{"line":89,"column":94}}],"line":89},"4":{"loc":{"start":{"line":98,"column":19},"end":{"line":98,"column":69}},"type":"binary-expr","locations":[{"start":{"line":98,"column":19},"end":{"line":98,"column":34}},{"start":{"line":98,"column":38},"end":{"line":98,"column":69}}],"line":98},"5":{"loc":{"start":{"line":104,"column":54},"end":{"line":104,"column":94}},"type":"binary-expr","locations":[{"start":{"line":104,"column":54},"end":{"line":104,"column":69}},{"start":{"line":104,"column":73},"end":{"line":104,"column":94}}],"line":104}},"s":{"0":1,"1":1,"2":20,"3":15,"4":5,"5":0,"6":0,"7":0,"8":6,"9":6,"10":6,"11":6,"12":6,"13":1,"14":0,"15":1,"16":1,"17":6,"18":6,"19":1,"20":1,"21":20,"22":1,"23":1,"24":1},"f":{"0":20,"1":6,"2":6,"3":1,"4":1,"5":1,"6":1,"7":20,"8":1,"9":1},"b":{"0":[1,1],"1":[15,5,0,0,0],"2":[0,1],"3":[20,0],"4":[20,0],"5":[20,0]},"_coverageSchema":"1a1c01bbd47fc00a2c39e90264f33305004495a9","hash":"cab8f1e8acdac3edd5a9e0b480d432e98405345a"}
,"C:\\Users\\brenn\\SEP2025\\sep2025-project-team_004\\mobile\\app\\register.tsx": {"path":"C:\\Users\\brenn\\SEP2025\\sep2025-project-team_004\\mobile\\app\\register.tsx","statementMap":{"0":{"start":{"line":17,"column":21},"end":{"line":17,"column":72}},"1":{"start":{"line":18,"column":33},"end":{"line":18,"column":46}},"2":{"start":{"line":20,"column":2},"end":{"line":20,"column":66}},"3":{"start":{"line":23,"column":36},"end":{"line":23,"column":48}},"4":{"start":{"line":24,"column":34},"end":{"line":24,"column":46}},"5":{"start":{"line":25,"column":34},"end":{"line":25,"column":46}},"6":{"start":{"line":26,"column":28},"end":{"line":26,"column":40}},"7":{"start":{"line":27,"column":34},"end":{"line":27,"column":46}},"8":{"start":{"line":28,"column":48},"end":{"line":28,"column":60}},"9":{"start":{"line":29,"column":32},"end":{"line":29,"column":47}},"10":{"start":{"line":30,"column":28},"end":{"line":30,"column":40}},"11":{"start":{"line":32,"column":25},"end":{"line":86,"column":3}},"12":{"start":{"line":34,"column":4},"end":{"line":37,"column":5}},"13":{"start":{"line":35,"column":6},"end":{"line":35,"column":46}},"14":{"start":{"line":36,"column":6},"end":{"line":36,"column":13}},"15":{"start":{"line":38,"column":4},"end":{"line":41,"column":5}},"16":{"start":{"line":39,"column":6},"end":{"line":39,"column":42}},"17":{"start":{"line":40,"column":6},"end":{"line":40,"column":13}},"18":{"start":{"line":42,"column":4},"end":{"line":42,"column":17}},"19":{"start":{"line":44,"column":4},"end":{"line":44,"column":21}},"20":{"start":{"line":46,"column":4},"end":{"line":85,"column":5}},"21":{"start":{"line":48,"column":23},"end":{"line":58,"column":8}},"22":{"start":{"line":60,"column":19},"end":{"line":60,"column":40}},"23":{"start":{"line":61,"column":6},"end":{"line":61,"column":45}},"24":{"start":{"line":63,"column":6},"end":{"line":79,"column":7}},"25":{"start":{"line":64,"column":8},"end":{"line":64,"column":25}},"26":{"start":{"line":65,"column":8},"end":{"line":65,"column":24}},"27":{"start":{"line":66,"column":8},"end":{"line":66,"column":24}},"28":{"start":{"line":67,"column":8},"end":{"line":67,"column":21}},"29":{"start":{"line":68,"column":8},"end":{"line":68,"column":24}},"30":{"start":{"line":69,"column":8},"end":{"line":69,"column":31}},"31":{"start":{"line":70,"column":8},"end":{"line":70,"column":61}},"32":{"start":{"line":71,"column":8},"end":{"line":71,"column":36}},"33":{"start":{"line":74,"column":27},"end":{"line":74,"column":48}},"34":{"start":{"line":75,"column":8},"end":{"line":77,"column":9}},"35":{"start":{"line":76,"column":10},"end":{"line":76,"column":70}},"36":{"start":{"line":78,"column":8},"end":{"line":78,"column":31}},"37":{"start":{"line":81,"column":6},"end":{"line":81,"column":50}},"38":{"start":{"line":82,"column":6},"end":{"line":82,"column":58}},"39":{"start":{"line":84,"column":6},"end":{"line":84,"column":24}},"40":{"start":{"line":88,"column":2},"end":{"line":158,"column":4}},"41":{"start":{"line":153,"column":23},"end":{"line":153,"column":42}},"42":{"start":{"line":161,"column":15},"end":{"line":203,"column":2}},"43":{"start":{"line":205,"column":2},"end":{"line":205,"column":47}}},"fnMap":{"0":{"name":"RegisterScreen","decl":{"start":{"line":16,"column":24},"end":{"line":16,"column":38}},"loc":{"start":{"line":16,"column":41},"end":{"line":159,"column":1}},"line":16},"1":{"name":"(anonymous_1)","decl":{"start":{"line":32,"column":25},"end":{"line":32,"column":26}},"loc":{"start":{"line":32,"column":37},"end":{"line":86,"column":3}},"line":32},"2":{"name":"(anonymous_2)","decl":{"start":{"line":153,"column":17},"end":{"line":153,"column":18}},"loc":{"start":{"line":153,"column":23},"end":{"line":153,"column":42}},"line":153},"3":{"name":"setErrorMessage","decl":{"start":{"line":204,"column":9},"end":{"line":204,"column":24}},"loc":{"start":{"line":204,"column":39},"end":{"line":206,"column":1}},"line":204}},"branchMap":{"0":{"loc":{"start":{"line":20,"column":2},"end":{"line":20,"column":66}},"type":"binary-expr","locations":[{"start":{"line":20,"column":2},"end":{"line":20,"column":51}},{"start":{"line":20,"column":55},"end":{"line":20,"column":66}}],"line":20},"1":{"loc":{"start":{"line":34,"column":4},"end":{"line":37,"column":5}},"type":"if","locations":[{"start":{"line":34,"column":4},"end":{"line":37,"column":5}},{"start":{},"end":{}}],"line":34},"2":{"loc":{"start":{"line":34,"column":8},"end":{"line":34,"column":87}},"type":"binary-expr","locations":[{"start":{"line":34,"column":8},"end":{"line":34,"column":18}},{"start":{"line":34,"column":22},"end":{"line":34,"column":31}},{"start":{"line":34,"column":35},"end":{"line":34,"column":44}},{"start":{"line":34,"column":48},"end":{"line":34,"column":54}},{"start":{"line":34,"column":58},"end":{"line":34,"column":67}},{"start":{"line":34,"column":71},"end":{"line":34,"column":87}}],"line":34},"3":{"loc":{"start":{"line":38,"column":4},"end":{"line":41,"column":5}},"type":"if","locations":[{"start":{"line":38,"column":4},"end":{"line":41,"column":5}},{"start":{},"end":{}}],"line":38},"4":{"loc":{"start":{"line":63,"column":6},"end":{"line":79,"column":7}},"type":"if","locations":[{"start":{"line":63,"column":6},"end":{"line":79,"column":7}},{"start":{"line":72,"column":13},"end":{"line":79,"column":7}}],"line":63},"5":{"loc":{"start":{"line":75,"column":8},"end":{"line":77,"column":9}},"type":"if","locations":[{"start":{"line":75,"column":8},"end":{"line":77,"column":9}},{"start":{},"end":{}}],"line":75},"6":{"loc":{"start":{"line":93,"column":7},"end":{"line":93,"column":67}},"type":"cond-expr","locations":[{"start":{"line":93,"column":15},"end":{"line":93,"column":60}},{"start":{"line":93,"column":63},"end":{"line":93,"column":67}}],"line":93},"7":{"loc":{"start":{"line":148,"column":41},"end":{"line":148,"column":80}},"type":"cond-expr","locations":[{"start":{"line":148,"column":51},"end":{"line":148,"column":67}},{"start":{"line":148,"column":70},"end":{"line":148,"column":80}}],"line":148}},"s":{"0":31,"1":31,"2":31,"3":31,"4":30,"5":30,"6":30,"7":30,"8":30,"9":30,"10":30,"11":30,"12":4,"13":1,"14":1,"15":3,"16":1,"17":1,"18":2,"19":2,"20":2,"21":2,"22":2,"23":2,"24":2,"25":1,"26":1,"27":1,"28":1,"29":1,"30":1,"31":1,"32":1,"33":1,"34":1,"35":1,"36":1,"37":0,"38":0,"39":2,"40":30,"41":1,"42":1,"43":0},"f":{"0":31,"1":4,"2":1,"3":0},"b":{"0":[31,31],"1":[1,3],"2":[4,3,3,3,3,3],"3":[1,2],"4":[1,1],"5":[1,0],"6":[3,27],"7":[2,28]},"_coverageSchema":"1a1c01bbd47fc00a2c39e90264f33305004495a9","hash":"2ce0fed71857158878d53dfab0e206f36c5f42f4"}
,"C:\\Users\\brenn\\SEP2025\\sep2025-project-team_004\\mobile\\app\\(tabs)\\_layout.tsx": {"path":"C:\\Users\\brenn\\SEP2025\\sep2025-project-team_004\\mobile\\app\\(tabs)\\_layout.tsx","statementMap":{"0":{"start":{"line":11,"column":22},"end":{"line":11,"column":38}},"1":{"start":{"line":13,"column":2},"end":{"line":47,"column":4}},"2":{"start":{"line":34,"column":39},"end":{"line":34,"column":95}},"3":{"start":{"line":42,"column":39},"end":{"line":42,"column":93}}},"fnMap":{"0":{"name":"TabLayout","decl":{"start":{"line":10,"column":24},"end":{"line":10,"column":33}},"loc":{"start":{"line":10,"column":36},"end":{"line":48,"column":1}},"line":10},"1":{"name":"(anonymous_1)","decl":{"start":{"line":34,"column":24},"end":{"line":34,"column":25}},"loc":{"start":{"line":34,"column":39},"end":{"line":34,"column":95}},"line":34},"2":{"name":"(anonymous_2)","decl":{"start":{"line":42,"column":24},"end":{"line":42,"column":25}},"loc":{"start":{"line":42,"column":39},"end":{"line":42,"column":93}},"line":42}},"branchMap":{"0":{"loc":{"start":{"line":17,"column":40},"end":{"line":17,"column":62}},"type":"binary-expr","locations":[{"start":{"line":17,"column":40},"end":{"line":17,"column":51}},{"start":{"line":17,"column":55},"end":{"line":17,"column":62}}],"line":17}},"s":{"0":0,"1":0,"2":0,"3":0},"f":{"0":0,"1":0,"2":0},"b":{"0":[0,0]}}
,"C:\\Users\\brenn\\SEP2025\\sep2025-project-team_004\\mobile\\app\\(tabs)\\home.tsx": {"path":"C:\\Users\\brenn\\SEP2025\\sep2025-project-team_004\\mobile\\app\\(tabs)\\home.tsx","statementMap":{"0":{"start":{"line":18,"column":30},"end":{"line":160,"column":1}},"1":{"start":{"line":19,"column":21},"end":{"line":19,"column":72}},"2":{"start":{"line":20,"column":40},"end":{"line":20,"column":55}},"3":{"start":{"line":21,"column":24},"end":{"line":21,"column":61}},"4":{"start":{"line":22,"column":42},"end":{"line":22,"column":57}},"5":{"start":{"line":23,"column":25},"end":{"line":23,"column":37}},"6":{"start":{"line":26,"column":2},"end":{"line":34,"column":9}},"7":{"start":{"line":27,"column":22},"end":{"line":32,"column":5}},"8":{"start":{"line":28,"column":20},"end":{"line":28,"column":59}},"9":{"start":{"line":29,"column":6},"end":{"line":31,"column":7}},"10":{"start":{"line":30,"column":8},"end":{"line":30,"column":68}},"11":{"start":{"line":33,"column":4},"end":{"line":33,"column":16}},"12":{"start":{"line":37,"column":27},"end":{"line":52,"column":3}},"13":{"start":{"line":38,"column":4},"end":{"line":51,"column":5}},"14":{"start":{"line":39,"column":6},"end":{"line":43,"column":44}},"15":{"start":{"line":43,"column":21},"end":{"line":43,"column":42}},"16":{"start":{"line":45,"column":6},"end":{"line":45,"column":27}},"17":{"start":{"line":46,"column":6},"end":{"line":50,"column":17}},"18":{"start":{"line":55,"column":23},"end":{"line":69,"column":3}},"19":{"start":{"line":56,"column":4},"end":{"line":68,"column":5}},"20":{"start":{"line":57,"column":6},"end":{"line":57,"column":28}},"21":{"start":{"line":59,"column":6},"end":{"line":67,"column":12}},"22":{"start":{"line":63,"column":44},"end":{"line":63,"column":59}},"23":{"start":{"line":71,"column":24},"end":{"line":82,"column":3}},"24":{"start":{"line":72,"column":4},"end":{"line":72,"column":53}},"25":{"start":{"line":73,"column":4},"end":{"line":81,"column":5}},"26":{"start":{"line":74,"column":6},"end":{"line":74,"column":49}},"27":{"start":{"line":75,"column":6},"end":{"line":75,"column":48}},"28":{"start":{"line":76,"column":6},"end":{"line":76,"column":19}},"29":{"start":{"line":77,"column":6},"end":{"line":77,"column":35}},"30":{"start":{"line":78,"column":6},"end":{"line":78,"column":29}},"31":{"start":{"line":80,"column":6},"end":{"line":80,"column":49}},"32":{"start":{"line":84,"column":2},"end":{"line":159,"column":4}},"33":{"start":{"line":87,"column":6},"end":{"line":87,"column":45}},"34":{"start":{"line":87,"column":23},"end":{"line":87,"column":45}},"35":{"start":{"line":88,"column":6},"end":{"line":88,"column":25}},"36":{"start":{"line":117,"column":45},"end":{"line":117,"column":75}},"37":{"start":{"line":120,"column":45},"end":{"line":120,"column":79}},"38":{"start":{"line":123,"column":46},"end":{"line":123,"column":74}},"39":{"start":{"line":124,"column":14},"end":{"line":124,"column":36}},"40":{"start":{"line":150,"column":47},"end":{"line":150,"column":69}},"41":{"start":{"line":162,"column":15},"end":{"line":250,"column":2}}},"fnMap":{"0":{"name":"(anonymous_0)","decl":{"start":{"line":18,"column":30},"end":{"line":18,"column":31}},"loc":{"start":{"line":18,"column":36},"end":{"line":160,"column":1}},"line":18},"1":{"name":"(anonymous_1)","decl":{"start":{"line":26,"column":12},"end":{"line":26,"column":13}},"loc":{"start":{"line":26,"column":18},"end":{"line":34,"column":3}},"line":26},"2":{"name":"(anonymous_2)","decl":{"start":{"line":27,"column":22},"end":{"line":27,"column":23}},"loc":{"start":{"line":27,"column":34},"end":{"line":32,"column":5}},"line":27},"3":{"name":"(anonymous_3)","decl":{"start":{"line":37,"column":27},"end":{"line":37,"column":28}},"loc":{"start":{"line":37,"column":33},"end":{"line":52,"column":3}},"line":37},"4":{"name":"(anonymous_4)","decl":{"start":{"line":43,"column":15},"end":{"line":43,"column":16}},"loc":{"start":{"line":43,"column":21},"end":{"line":43,"column":42}},"line":43},"5":{"name":"(anonymous_5)","decl":{"start":{"line":55,"column":23},"end":{"line":55,"column":24}},"loc":{"start":{"line":55,"column":35},"end":{"line":69,"column":3}},"line":55},"6":{"name":"(anonymous_6)","decl":{"start":{"line":63,"column":38},"end":{"line":63,"column":39}},"loc":{"start":{"line":63,"column":44},"end":{"line":63,"column":59}},"line":63},"7":{"name":"(anonymous_7)","decl":{"start":{"line":71,"column":24},"end":{"line":71,"column":25}},"loc":{"start":{"line":71,"column":36},"end":{"line":82,"column":3}},"line":71},"8":{"name":"(anonymous_8)","decl":{"start":{"line":86,"column":13},"end":{"line":86,"column":14}},"loc":{"start":{"line":86,"column":19},"end":{"line":89,"column":5}},"line":86},"9":{"name":"(anonymous_9)","decl":{"start":{"line":117,"column":39},"end":{"line":117,"column":40}},"loc":{"start":{"line":117,"column":45},"end":{"line":117,"column":75}},"line":117},"10":{"name":"(anonymous_10)","decl":{"start":{"line":120,"column":39},"end":{"line":120,"column":40}},"loc":{"start":{"line":120,"column":45},"end":{"line":120,"column":79}},"line":120},"11":{"name":"(anonymous_11)","decl":{"start":{"line":123,"column":39},"end":{"line":123,"column":40}},"loc":{"start":{"line":123,"column":45},"end":{"line":125,"column":13}},"line":123},"12":{"name":"(anonymous_12)","decl":{"start":{"line":150,"column":41},"end":{"line":150,"column":42}},"loc":{"start":{"line":150,"column":47},"end":{"line":150,"column":69}},"line":150}},"branchMap":{"0":{"loc":{"start":{"line":29,"column":6},"end":{"line":31,"column":7}},"type":"if","locations":[{"start":{"line":29,"column":6},"end":{"line":31,"column":7}},{"start":{},"end":{}}],"line":29},"1":{"loc":{"start":{"line":38,"column":4},"end":{"line":51,"column":5}},"type":"if","locations":[{"start":{"line":38,"column":4},"end":{"line":51,"column":5}},{"start":{"line":44,"column":11},"end":{"line":51,"column":5}}],"line":38},"2":{"loc":{"start":{"line":56,"column":4},"end":{"line":68,"column":5}},"type":"if","locations":[{"start":{"line":56,"column":4},"end":{"line":68,"column":5}},{"start":{"line":58,"column":11},"end":{"line":68,"column":5}}],"line":56},"3":{"loc":{"start":{"line":87,"column":6},"end":{"line":87,"column":45}},"type":"if","locations":[{"start":{"line":87,"column":6},"end":{"line":87,"column":45}},{"start":{},"end":{}}],"line":87},"4":{"loc":{"start":{"line":99,"column":9},"end":{"line":133,"column":9}},"type":"binary-expr","locations":[{"start":{"line":99,"column":9},"end":{"line":99,"column":20}},{"start":{"line":100,"column":10},"end":{"line":132,"column":26}}],"line":99},"5":{"loc":{"start":{"line":113,"column":31},"end":{"line":113,"column":60}},"type":"cond-expr","locations":[{"start":{"line":113,"column":45},"end":{"line":113,"column":51}},{"start":{"line":113,"column":54},"end":{"line":113,"column":60}}],"line":113},"6":{"loc":{"start":{"line":168,"column":12},"end":{"line":168,"column":44}},"type":"cond-expr","locations":[{"start":{"line":168,"column":36},"end":{"line":168,"column":38}},{"start":{"line":168,"column":41},"end":{"line":168,"column":44}}],"line":168},"7":{"loc":{"start":{"line":173,"column":16},"end":{"line":173,"column":46}},"type":"cond-expr","locations":[{"start":{"line":173,"column":40},"end":{"line":173,"column":41}},{"start":{"line":173,"column":44},"end":{"line":173,"column":46}}],"line":173}},"s":{"0":1,"1":24,"2":24,"3":24,"4":24,"5":24,"6":24,"7":7,"8":7,"9":7,"10":1,"11":7,"12":24,"13":6,"14":1,"15":1,"16":5,"17":5,"18":24,"19":2,"20":2,"21":0,"22":0,"23":24,"24":1,"25":1,"26":1,"27":1,"28":1,"29":1,"30":1,"31":0,"32":24,"33":0,"34":0,"35":0,"36":0,"37":1,"38":1,"39":1,"40":1,"41":1},"f":{"0":24,"1":7,"2":7,"3":6,"4":1,"5":2,"6":0,"7":1,"8":0,"9":0,"10":1,"11":1,"12":1},"b":{"0":[1,6],"1":[1,5],"2":[2,0],"3":[0,0],"4":[24,12],"5":[12,0],"6":[0,1],"7":[0,1]},"_coverageSchema":"1a1c01bbd47fc00a2c39e90264f33305004495a9","hash":"84e4afdc82b8cc29c59ffb993d0c3455b8e4b102"}
,"C:\\Users\\brenn\\SEP2025\\sep2025-project-team_004\\mobile\\app\\(tabs)\\store.tsx": {"path":"C:\\Users\\brenn\\SEP2025\\sep2025-project-team_004\\mobile\\app\\(tabs)\\store.tsx","statementMap":{"0":{"start":{"line":9,"column":2},"end":{"line":9,"column":66}},"1":{"start":{"line":23,"column":34},"end":{"line":23,"column":57}},"2":{"start":{"line":24,"column":32},"end":{"line":24,"column":46}},"3":{"start":{"line":25,"column":40},"end":{"line":25,"column":52}},"4":{"start":{"line":26,"column":27},"end":{"line":28,"column":3}},"5":{"start":{"line":27,"column":4},"end":{"line":27,"column":66}},"6":{"start":{"line":29,"column":48},"end":{"line":29,"column":78}},"7":{"start":{"line":30,"column":34},"end":{"line":30,"column":45}},"8":{"start":{"line":31,"column":42},"end":{"line":31,"column":57}},"9":{"start":{"line":33,"column":17},"end":{"line":33,"column":28}},"10":{"start":{"line":34,"column":22},"end":{"line":34,"column":45}},"11":{"start":{"line":35,"column":2},"end":{"line":37,"column":3}},"12":{"start":{"line":36,"column":4},"end":{"line":36,"column":70}},"13":{"start":{"line":38,"column":30},"end":{"line":38,"column":41}},"14":{"start":{"line":39,"column":21},"end":{"line":39,"column":71}},"15":{"start":{"line":39,"column":48},"end":{"line":39,"column":67}},"16":{"start":{"line":41,"column":2},"end":{"line":52,"column":9}},"17":{"start":{"line":42,"column":4},"end":{"line":51,"column":9}},"18":{"start":{"line":43,"column":26},"end":{"line":43,"column":41}},"19":{"start":{"line":45,"column":8},"end":{"line":45,"column":26}},"20":{"start":{"line":46,"column":8},"end":{"line":46,"column":26}},"21":{"start":{"line":49,"column":8},"end":{"line":49,"column":57}},"22":{"start":{"line":50,"column":8},"end":{"line":50,"column":26}},"23":{"start":{"line":54,"column":2},"end":{"line":56,"column":3}},"24":{"start":{"line":55,"column":4},"end":{"line":55,"column":114}},"25":{"start":{"line":58,"column":20},"end":{"line":62,"column":3}},"26":{"start":{"line":59,"column":4},"end":{"line":59,"column":69}},"27":{"start":{"line":60,"column":4},"end":{"line":60,"column":19}},"28":{"start":{"line":61,"column":4},"end":{"line":61,"column":26}},"29":{"start":{"line":65,"column":26},"end":{"line":74,"column":3}},"30":{"start":{"line":66,"column":4},"end":{"line":73,"column":5}},"31":{"start":{"line":67,"column":23},"end":{"line":70,"column":7}},"32":{"start":{"line":71,"column":6},"end":{"line":71,"column":36}},"33":{"start":{"line":72,"column":6},"end":{"line":72,"column":29}},"34":{"start":{"line":77,"column":2},"end":{"line":165,"column":4}},"35":{"start":{"line":83,"column":25},"end":{"line":83,"column":45}},"36":{"start":{"line":102,"column":47},"end":{"line":102,"column":65}},"37":{"start":{"line":112,"column":32},"end":{"line":112,"column":50}},"38":{"start":{"line":115,"column":10},"end":{"line":126,"column":17}},"39":{"start":{"line":122,"column":29},"end":{"line":122,"column":44}},"40":{"start":{"line":143,"column":51},"end":{"line":143,"column":89}},"41":{"start":{"line":147,"column":72},"end":{"line":147,"column":97}},"42":{"start":{"line":155,"column":101},"end":{"line":155,"column":123}},"43":{"start":{"line":169,"column":15},"end":{"line":358,"column":2}}},"fnMap":{"0":{"name":"StoreScreen","decl":{"start":{"line":22,"column":24},"end":{"line":22,"column":35}},"loc":{"start":{"line":22,"column":38},"end":{"line":166,"column":1}},"line":22},"1":{"name":"(anonymous_1)","decl":{"start":{"line":26,"column":43},"end":{"line":26,"column":44}},"loc":{"start":{"line":27,"column":4},"end":{"line":27,"column":66}},"line":27},"2":{"name":"(anonymous_2)","decl":{"start":{"line":39,"column":33},"end":{"line":39,"column":34}},"loc":{"start":{"line":39,"column":48},"end":{"line":39,"column":67}},"line":39},"3":{"name":"(anonymous_3)","decl":{"start":{"line":41,"column":12},"end":{"line":41,"column":13}},"loc":{"start":{"line":41,"column":18},"end":{"line":52,"column":3}},"line":41},"4":{"name":"(anonymous_4)","decl":{"start":{"line":43,"column":12},"end":{"line":43,"column":13}},"loc":{"start":{"line":43,"column":26},"end":{"line":43,"column":41}},"line":43},"5":{"name":"(anonymous_5)","decl":{"start":{"line":44,"column":12},"end":{"line":44,"column":13}},"loc":{"start":{"line":44,"column":33},"end":{"line":47,"column":7}},"line":44},"6":{"name":"(anonymous_6)","decl":{"start":{"line":48,"column":13},"end":{"line":48,"column":14}},"loc":{"start":{"line":48,"column":24},"end":{"line":51,"column":7}},"line":48},"7":{"name":"(anonymous_7)","decl":{"start":{"line":58,"column":20},"end":{"line":58,"column":21}},"loc":{"start":{"line":58,"column":42},"end":{"line":62,"column":3}},"line":58},"8":{"name":"(anonymous_8)","decl":{"start":{"line":65,"column":26},"end":{"line":65,"column":27}},"loc":{"start":{"line":65,"column":32},"end":{"line":74,"column":3}},"line":65},"9":{"name":"(anonymous_9)","decl":{"start":{"line":83,"column":19},"end":{"line":83,"column":20}},"loc":{"start":{"line":83,"column":25},"end":{"line":83,"column":45}},"line":83},"10":{"name":"(anonymous_10)","decl":{"start":{"line":102,"column":41},"end":{"line":102,"column":42}},"loc":{"start":{"line":102,"column":47},"end":{"line":102,"column":65}},"line":102},"11":{"name":"(anonymous_11)","decl":{"start":{"line":112,"column":22},"end":{"line":112,"column":23}},"loc":{"start":{"line":112,"column":32},"end":{"line":112,"column":50}},"line":112},"12":{"name":"(anonymous_12)","decl":{"start":{"line":114,"column":20},"end":{"line":114,"column":21}},"loc":{"start":{"line":115,"column":10},"end":{"line":126,"column":17}},"line":115},"13":{"name":"(anonymous_13)","decl":{"start":{"line":122,"column":23},"end":{"line":122,"column":24}},"loc":{"start":{"line":122,"column":29},"end":{"line":122,"column":44}},"line":122},"14":{"name":"(anonymous_14)","decl":{"start":{"line":143,"column":45},"end":{"line":143,"column":46}},"loc":{"start":{"line":143,"column":51},"end":{"line":143,"column":89}},"line":143},"15":{"name":"(anonymous_15)","decl":{"start":{"line":147,"column":66},"end":{"line":147,"column":67}},"loc":{"start":{"line":147,"column":72},"end":{"line":147,"column":97}},"line":147},"16":{"name":"(anonymous_16)","decl":{"start":{"line":155,"column":95},"end":{"line":155,"column":96}},"loc":{"start":{"line":155,"column":101},"end":{"line":155,"column":123}},"line":155}},"branchMap":{"0":{"loc":{"start":{"line":9,"column":2},"end":{"line":9,"column":66}},"type":"binary-expr","locations":[{"start":{"line":9,"column":2},"end":{"line":9,"column":51}},{"start":{"line":9,"column":55},"end":{"line":9,"column":66}}],"line":9},"1":{"loc":{"start":{"line":35,"column":2},"end":{"line":37,"column":3}},"type":"if","locations":[{"start":{"line":35,"column":2},"end":{"line":37,"column":3}},{"start":{},"end":{}}],"line":35},"2":{"loc":{"start":{"line":54,"column":2},"end":{"line":56,"column":3}},"type":"if","locations":[{"start":{"line":54,"column":2},"end":{"line":56,"column":3}},{"start":{},"end":{}}],"line":54},"3":{"loc":{"start":{"line":55,"column":76},"end":{"line":55,"column":107}},"type":"cond-expr","locations":[{"start":{"line":55,"column":100},"end":{"line":55,"column":102}},{"start":{"line":55,"column":105},"end":{"line":55,"column":107}}],"line":55},"4":{"loc":{"start":{"line":66,"column":4},"end":{"line":73,"column":5}},"type":"if","locations":[{"start":{"line":66,"column":4},"end":{"line":73,"column":5}},{"start":{},"end":{}}],"line":66},"5":{"loc":{"start":{"line":85,"column":11},"end":{"line":89,"column":11}},"type":"binary-expr","locations":[{"start":{"line":85,"column":11},"end":{"line":85,"column":26}},{"start":{"line":86,"column":12},"end":{"line":88,"column":19}}],"line":85},"6":{"loc":{"start":{"line":101,"column":13},"end":{"line":105,"column":11}},"type":"binary-expr","locations":[{"start":{"line":101,"column":13},"end":{"line":101,"column":35}},{"start":{"line":102,"column":14},"end":{"line":104,"column":32}}],"line":101},"7":{"loc":{"start":{"line":116,"column":27},"end":{"line":116,"column":107}},"type":"cond-expr","locations":[{"start":{"line":116,"column":40},"end":{"line":116,"column":59}},{"start":{"line":116,"column":62},"end":{"line":116,"column":107}}],"line":116},"8":{"loc":{"start":{"line":134,"column":13},"end":{"line":160,"column":13}},"type":"binary-expr","locations":[{"start":{"line":134,"column":13},"end":{"line":134,"column":28}},{"start":{"line":135,"column":14},"end":{"line":159,"column":17}}],"line":134},"9":{"loc":{"start":{"line":136,"column":31},"end":{"line":136,"column":133}},"type":"cond-expr","locations":[{"start":{"line":136,"column":55},"end":{"line":136,"column":85}},{"start":{"line":136,"column":88},"end":{"line":136,"column":133}}],"line":136},"10":{"loc":{"start":{"line":173,"column":16},"end":{"line":173,"column":47}},"type":"cond-expr","locations":[{"start":{"line":173,"column":40},"end":{"line":173,"column":42}},{"start":{"line":173,"column":45},"end":{"line":173,"column":47}}],"line":173},"11":{"loc":{"start":{"line":244,"column":12},"end":{"line":244,"column":42}},"type":"cond-expr","locations":[{"start":{"line":244,"column":36},"end":{"line":244,"column":38}},{"start":{"line":244,"column":40},"end":{"line":244,"column":42}}],"line":244},"12":{"loc":{"start":{"line":245,"column":11},"end":{"line":245,"column":43}},"type":"cond-expr","locations":[{"start":{"line":245,"column":35},"end":{"line":245,"column":38}},{"start":{"line":245,"column":41},"end":{"line":245,"column":43}}],"line":245}},"s":{"0":1,"1":15,"2":14,"3":14,"4":14,"5":18,"6":14,"7":14,"8":14,"9":14,"10":14,"11":14,"12":0,"13":14,"14":14,"15":0,"16":14,"17":5,"18":5,"19":5,"20":5,"21":0,"22":0,"23":14,"24":5,"25":9,"26":2,"27":2,"28":2,"29":9,"30":1,"31":1,"32":1,"33":1,"34":9,"35":1,"36":0,"37":28,"38":18,"39":2,"40":0,"41":1,"42":0,"43":1},"f":{"0":15,"1":18,"2":0,"3":5,"4":5,"5":5,"6":0,"7":2,"8":1,"9":1,"10":0,"11":28,"12":18,"13":2,"14":0,"15":1,"16":0},"b":{"0":[1,1],"1":[0,14],"2":[5,9],"3":[0,5],"4":[1,0],"5":[9,0],"6":[9,0],"7":[18,0],"8":[9,4],"9":[4,0],"10":[0,1],"11":[0,1],"12":[0,1]},"_coverageSchema":"1a1c01bbd47fc00a2c39e90264f33305004495a9","hash":"983070510a0dc51e2ed2f1d928a75d89e89a4faa"}
,"C:\\Users\\brenn\\SEP2025\\sep2025-project-team_004\\mobile\\app\\context\\CartContext.tsx": {"path":"C:\\Users\\brenn\\SEP2025\\sep2025-project-team_004\\mobile\\app\\context\\CartContext.tsx","statementMap":{"0":{"start":{"line":23,"column":27},"end":{"line":23,"column":80}},"1":{"start":{"line":25,"column":69},"end":{"line":80,"column":1}},"2":{"start":{"line":26,"column":26},"end":{"line":26,"column":50}},"3":{"start":{"line":29,"column":2},"end":{"line":37,"column":9}},"4":{"start":{"line":30,"column":21},"end":{"line":35,"column":5}},"5":{"start":{"line":31,"column":25},"end":{"line":31,"column":59}},"6":{"start":{"line":32,"column":6},"end":{"line":34,"column":7}},"7":{"start":{"line":33,"column":8},"end":{"line":33,"column":40}},"8":{"start":{"line":36,"column":4},"end":{"line":36,"column":15}},"9":{"start":{"line":40,"column":2},"end":{"line":42,"column":13}},"10":{"start":{"line":41,"column":4},"end":{"line":41,"column":55}},"11":{"start":{"line":45,"column":20},"end":{"line":56,"column":3}},"12":{"start":{"line":46,"column":4},"end":{"line":55,"column":7}},"13":{"start":{"line":47,"column":27},"end":{"line":47,"column":74}},"14":{"start":{"line":47,"column":51},"end":{"line":47,"column":73}},"15":{"start":{"line":48,"column":6},"end":{"line":54,"column":7}},"16":{"start":{"line":49,"column":8},"end":{"line":51,"column":10}},"17":{"start":{"line":50,"column":10},"end":{"line":50,"column":89}},"18":{"start":{"line":53,"column":8},"end":{"line":53,"column":55}},"19":{"start":{"line":59,"column":25},"end":{"line":61,"column":3}},"20":{"start":{"line":60,"column":4},"end":{"line":60,"column":69}},"21":{"start":{"line":60,"column":26},"end":{"line":60,"column":67}},"22":{"start":{"line":60,"column":52},"end":{"line":60,"column":66}},"23":{"start":{"line":64,"column":29},"end":{"line":68,"column":3}},"24":{"start":{"line":65,"column":4},"end":{"line":67,"column":6}},"25":{"start":{"line":66,"column":6},"end":{"line":66,"column":77}},"26":{"start":{"line":66,"column":30},"end":{"line":66,"column":75}},"27":{"start":{"line":71,"column":20},"end":{"line":73,"column":3}},"28":{"start":{"line":72,"column":4},"end":{"line":72,"column":16}},"29":{"start":{"line":75,"column":2},"end":{"line":79,"column":4}}},"fnMap":{"0":{"name":"(anonymous_0)","decl":{"start":{"line":25,"column":69},"end":{"line":25,"column":70}},"loc":{"start":{"line":25,"column":87},"end":{"line":80,"column":1}},"line":25},"1":{"name":"(anonymous_1)","decl":{"start":{"line":29,"column":12},"end":{"line":29,"column":13}},"loc":{"start":{"line":29,"column":18},"end":{"line":37,"column":3}},"line":29},"2":{"name":"(anonymous_2)","decl":{"start":{"line":30,"column":21},"end":{"line":30,"column":22}},"loc":{"start":{"line":30,"column":33},"end":{"line":35,"column":5}},"line":30},"3":{"name":"(anonymous_3)","decl":{"start":{"line":40,"column":12},"end":{"line":40,"column":13}},"loc":{"start":{"line":40,"column":18},"end":{"line":42,"column":3}},"line":40},"4":{"name":"(anonymous_4)","decl":{"start":{"line":45,"column":20},"end":{"line":45,"column":21}},"loc":{"start":{"line":45,"column":61},"end":{"line":56,"column":3}},"line":45},"5":{"name":"(anonymous_5)","decl":{"start":{"line":46,"column":12},"end":{"line":46,"column":13}},"loc":{"start":{"line":46,"column":26},"end":{"line":55,"column":5}},"line":46},"6":{"name":"(anonymous_6)","decl":{"start":{"line":47,"column":41},"end":{"line":47,"column":42}},"loc":{"start":{"line":47,"column":51},"end":{"line":47,"column":73}},"line":47},"7":{"name":"(anonymous_7)","decl":{"start":{"line":49,"column":28},"end":{"line":49,"column":29}},"loc":{"start":{"line":50,"column":10},"end":{"line":50,"column":89}},"line":50},"8":{"name":"(anonymous_8)","decl":{"start":{"line":59,"column":25},"end":{"line":59,"column":26}},"loc":{"start":{"line":59,"column":41},"end":{"line":61,"column":3}},"line":59},"9":{"name":"(anonymous_9)","decl":{"start":{"line":60,"column":12},"end":{"line":60,"column":13}},"loc":{"start":{"line":60,"column":26},"end":{"line":60,"column":67}},"line":60},"10":{"name":"(anonymous_10)","decl":{"start":{"line":60,"column":42},"end":{"line":60,"column":43}},"loc":{"start":{"line":60,"column":52},"end":{"line":60,"column":66}},"line":60},"11":{"name":"(anonymous_11)","decl":{"start":{"line":64,"column":29},"end":{"line":64,"column":30}},"loc":{"start":{"line":64,"column":63},"end":{"line":68,"column":3}},"line":64},"12":{"name":"(anonymous_12)","decl":{"start":{"line":65,"column":12},"end":{"line":65,"column":13}},"loc":{"start":{"line":66,"column":6},"end":{"line":66,"column":77}},"line":66},"13":{"name":"(anonymous_13)","decl":{"start":{"line":66,"column":19},"end":{"line":66,"column":20}},"loc":{"start":{"line":66,"column":30},"end":{"line":66,"column":75}},"line":66},"14":{"name":"(anonymous_14)","decl":{"start":{"line":71,"column":20},"end":{"line":71,"column":21}},"loc":{"start":{"line":71,"column":26},"end":{"line":73,"column":3}},"line":71}},"branchMap":{"0":{"loc":{"start":{"line":32,"column":6},"end":{"line":34,"column":7}},"type":"if","locations":[{"start":{"line":32,"column":6},"end":{"line":34,"column":7}},{"start":{},"end":{}}],"line":32},"1":{"loc":{"start":{"line":48,"column":6},"end":{"line":54,"column":7}},"type":"if","locations":[{"start":{"line":48,"column":6},"end":{"line":54,"column":7}},{"start":{"line":52,"column":13},"end":{"line":54,"column":7}}],"line":48},"2":{"loc":{"start":{"line":50,"column":10},"end":{"line":50,"column":89}},"type":"cond-expr","locations":[{"start":{"line":50,"column":35},"end":{"line":50,"column":82}},{"start":{"line":50,"column":85},"end":{"line":50,"column":89}}],"line":50},"3":{"loc":{"start":{"line":66,"column":30},"end":{"line":66,"column":75}},"type":"cond-expr","locations":[{"start":{"line":66,"column":47},"end":{"line":66,"column":68}},{"start":{"line":66,"column":71},"end":{"line":66,"column":75}}],"line":66}},"s":{"0":3,"1":3,"2":16,"3":16,"4":6,"5":6,"6":6,"7":1,"8":6,"9":16,"10":16,"11":16,"12":6,"13":6,"14":1,"15":6,"16":1,"17":1,"18":5,"19":16,"20":1,"21":1,"22":1,"23":16,"24":1,"25":1,"26":1,"27":16,"28":1,"29":16},"f":{"0":16,"1":6,"2":6,"3":16,"4":6,"5":6,"6":1,"7":1,"8":1,"9":1,"10":1,"11":1,"12":1,"13":1,"14":1},"b":{"0":[1,5],"1":[1,5],"2":[1,0],"3":[1,0]},"_coverageSchema":"1a1c01bbd47fc00a2c39e90264f33305004495a9","hash":"06e9e107937bdc75411eaf50cedd4bd5bdffdb76"}
,"C:\\Users\\brenn\\SEP2025\\sep2025-project-team_004\\mobile\\app\\context\\PaymentContext.tsx": {"path":"C:\\Users\\brenn\\SEP2025\\sep2025-project-team_004\\mobile\\app\\context\\PaymentContext.tsx","statementMap":{"0":{"start":{"line":6,"column":2},"end":{"line":6,"column":66}},"1":{"start":{"line":17,"column":23},"end":{"line":17,"column":79}},"2":{"start":{"line":19,"column":26},"end":{"line":25,"column":1}},"3":{"start":{"line":20,"column":18},"end":{"line":20,"column":44}},"4":{"start":{"line":21,"column":2},"end":{"line":23,"column":3}},"5":{"start":{"line":22,"column":4},"end":{"line":22,"column":72}},"6":{"start":{"line":24,"column":2},"end":{"line":24,"column":17}},"7":{"start":{"line":28,"column":72},"end":{"line":159,"column":1}},"8":{"start":{"line":29,"column":28},"end":{"line":29,"column":47}},"9":{"start":{"line":31,"column":20},"end":{"line":54,"column":3}},"10":{"start":{"line":32,"column":4},"end":{"line":53,"column":5}},"11":{"start":{"line":33,"column":24},"end":{"line":33,"column":63}},"12":{"start":{"line":34,"column":6},"end":{"line":37,"column":7}},"13":{"start":{"line":35,"column":8},"end":{"line":35,"column":49}},"14":{"start":{"line":36,"column":8},"end":{"line":36,"column":15}},"15":{"start":{"line":39,"column":23},"end":{"line":45,"column":8}},"16":{"start":{"line":47,"column":6},"end":{"line":47,"column":76}},"17":{"start":{"line":47,"column":24},"end":{"line":47,"column":76}},"18":{"start":{"line":49,"column":19},"end":{"line":49,"column":40}},"19":{"start":{"line":50,"column":6},"end":{"line":50,"column":21}},"20":{"start":{"line":52,"column":6},"end":{"line":52,"column":61}},"21":{"start":{"line":56,"column":18},"end":{"line":83,"column":3}},"22":{"start":{"line":57,"column":4},"end":{"line":82,"column":5}},"23":{"start":{"line":58,"column":24},"end":{"line":58,"column":63}},"24":{"start":{"line":59,"column":6},"end":{"line":62,"column":7}},"25":{"start":{"line":60,"column":8},"end":{"line":60,"column":49}},"26":{"start":{"line":61,"column":8},"end":{"line":61,"column":15}},"27":{"start":{"line":64,"column":6},"end":{"line":64,"column":55}},"28":{"start":{"line":64,"column":30},"end":{"line":64,"column":53}},"29":{"start":{"line":66,"column":23},"end":{"line":73,"column":8}},"30":{"start":{"line":75,"column":6},"end":{"line":75,"column":73}},"31":{"start":{"line":75,"column":24},"end":{"line":75,"column":73}},"32":{"start":{"line":77,"column":24},"end":{"line":77,"column":45}},"33":{"start":{"line":80,"column":6},"end":{"line":80,"column":59}},"34":{"start":{"line":81,"column":6},"end":{"line":81,"column":67}},"35":{"start":{"line":86,"column":28},"end":{"line":117,"column":3}},"36":{"start":{"line":87,"column":4},"end":{"line":115,"column":5}},"37":{"start":{"line":88,"column":24},"end":{"line":88,"column":63}},"38":{"start":{"line":89,"column":6},"end":{"line":92,"column":7}},"39":{"start":{"line":90,"column":8},"end":{"line":90,"column":49}},"40":{"start":{"line":91,"column":8},"end":{"line":91,"column":15}},"41":{"start":{"line":93,"column":6},"end":{"line":93,"column":72}},"42":{"start":{"line":95,"column":6},"end":{"line":100,"column":8}},"43":{"start":{"line":96,"column":8},"end":{"line":99,"column":11}},"44":{"start":{"line":96,"column":33},"end":{"line":99,"column":9}},"45":{"start":{"line":102,"column":23},"end":{"line":108,"column":8}},"46":{"start":{"line":110,"column":6},"end":{"line":110,"column":81}},"47":{"start":{"line":110,"column":24},"end":{"line":110,"column":81}},"48":{"start":{"line":114,"column":6},"end":{"line":114,"column":68}},"49":{"start":{"line":116,"column":4},"end":{"line":116,"column":16}},"50":{"start":{"line":119,"column":30},"end":{"line":144,"column":3}},"51":{"start":{"line":120,"column":4},"end":{"line":142,"column":5}},"52":{"start":{"line":121,"column":24},"end":{"line":121,"column":63}},"53":{"start":{"line":122,"column":6},"end":{"line":125,"column":7}},"54":{"start":{"line":123,"column":8},"end":{"line":123,"column":49}},"55":{"start":{"line":124,"column":8},"end":{"line":124,"column":15}},"56":{"start":{"line":127,"column":6},"end":{"line":127,"column":78}},"57":{"start":{"line":127,"column":30},"end":{"line":127,"column":76}},"58":{"start":{"line":127,"column":57},"end":{"line":127,"column":75}},"59":{"start":{"line":129,"column":23},"end":{"line":135,"column":8}},"60":{"start":{"line":137,"column":6},"end":{"line":137,"column":76}},"61":{"start":{"line":137,"column":24},"end":{"line":137,"column":76}},"62":{"start":{"line":141,"column":6},"end":{"line":141,"column":61}},"63":{"start":{"line":143,"column":4},"end":{"line":143,"column":16}},"64":{"start":{"line":146,"column":21},"end":{"line":148,"column":3}},"65":{"start":{"line":147,"column":4},"end":{"line":147,"column":17}},"66":{"start":{"line":150,"column":2},"end":{"line":152,"column":9}},"67":{"start":{"line":151,"column":4},"end":{"line":151,"column":16}},"68":{"start":{"line":154,"column":2},"end":{"line":158,"column":4}}},"fnMap":{"0":{"name":"(anonymous_0)","decl":{"start":{"line":19,"column":26},"end":{"line":19,"column":27}},"loc":{"start":{"line":19,"column":32},"end":{"line":25,"column":1}},"line":19},"1":{"name":"(anonymous_1)","decl":{"start":{"line":28,"column":72},"end":{"line":28,"column":73}},"loc":{"start":{"line":28,"column":90},"end":{"line":159,"column":1}},"line":28},"2":{"name":"(anonymous_2)","decl":{"start":{"line":31,"column":20},"end":{"line":31,"column":21}},"loc":{"start":{"line":31,"column":32},"end":{"line":54,"column":3}},"line":31},"3":{"name":"(anonymous_3)","decl":{"start":{"line":56,"column":18},"end":{"line":56,"column":19}},"loc":{"start":{"line":56,"column":42},"end":{"line":83,"column":3}},"line":56},"4":{"name":"(anonymous_4)","decl":{"start":{"line":64,"column":15},"end":{"line":64,"column":16}},"loc":{"start":{"line":64,"column":30},"end":{"line":64,"column":53}},"line":64},"5":{"name":"(anonymous_5)","decl":{"start":{"line":86,"column":28},"end":{"line":86,"column":29}},"loc":{"start":{"line":86,"column":54},"end":{"line":117,"column":3}},"line":86},"6":{"name":"(anonymous_6)","decl":{"start":{"line":95,"column":15},"end":{"line":95,"column":16}},"loc":{"start":{"line":96,"column":8},"end":{"line":99,"column":11}},"line":96},"7":{"name":"(anonymous_7)","decl":{"start":{"line":96,"column":22},"end":{"line":96,"column":23}},"loc":{"start":{"line":96,"column":33},"end":{"line":99,"column":9}},"line":96},"8":{"name":"(anonymous_8)","decl":{"start":{"line":119,"column":30},"end":{"line":119,"column":31}},"loc":{"start":{"line":119,"column":56},"end":{"line":144,"column":3}},"line":119},"9":{"name":"(anonymous_9)","decl":{"start":{"line":127,"column":15},"end":{"line":127,"column":16}},"loc":{"start":{"line":127,"column":30},"end":{"line":127,"column":76}},"line":127},"10":{"name":"(anonymous_10)","decl":{"start":{"line":127,"column":47},"end":{"line":127,"column":48}},"loc":{"start":{"line":127,"column":57},"end":{"line":127,"column":75}},"line":127},"11":{"name":"(anonymous_11)","decl":{"start":{"line":146,"column":21},"end":{"line":146,"column":22}},"loc":{"start":{"line":146,"column":27},"end":{"line":148,"column":3}},"line":146},"12":{"name":"(anonymous_12)","decl":{"start":{"line":150,"column":12},"end":{"line":150,"column":13}},"loc":{"start":{"line":150,"column":18},"end":{"line":152,"column":3}},"line":150}},"branchMap":{"0":{"loc":{"start":{"line":6,"column":2},"end":{"line":6,"column":66}},"type":"binary-expr","locations":[{"start":{"line":6,"column":2},"end":{"line":6,"column":51}},{"start":{"line":6,"column":55},"end":{"line":6,"column":66}}],"line":6},"1":{"loc":{"start":{"line":21,"column":2},"end":{"line":23,"column":3}},"type":"if","locations":[{"start":{"line":21,"column":2},"end":{"line":23,"column":3}},{"start":{},"end":{}}],"line":21},"2":{"loc":{"start":{"line":34,"column":6},"end":{"line":37,"column":7}},"type":"if","locations":[{"start":{"line":34,"column":6},"end":{"line":37,"column":7}},{"start":{},"end":{}}],"line":34},"3":{"loc":{"start":{"line":47,"column":6},"end":{"line":47,"column":76}},"type":"if","locations":[{"start":{"line":47,"column":6},"end":{"line":47,"column":76}},{"start":{},"end":{}}],"line":47},"4":{"loc":{"start":{"line":59,"column":6},"end":{"line":62,"column":7}},"type":"if","locations":[{"start":{"line":59,"column":6},"end":{"line":62,"column":7}},{"start":{},"end":{}}],"line":59},"5":{"loc":{"start":{"line":75,"column":6},"end":{"line":75,"column":73}},"type":"if","locations":[{"start":{"line":75,"column":6},"end":{"line":75,"column":73}},{"start":{},"end":{}}],"line":75},"6":{"loc":{"start":{"line":89,"column":6},"end":{"line":92,"column":7}},"type":"if","locations":[{"start":{"line":89,"column":6},"end":{"line":92,"column":7}},{"start":{},"end":{}}],"line":89},"7":{"loc":{"start":{"line":110,"column":6},"end":{"line":110,"column":81}},"type":"if","locations":[{"start":{"line":110,"column":6},"end":{"line":110,"column":81}},{"start":{},"end":{}}],"line":110},"8":{"loc":{"start":{"line":122,"column":6},"end":{"line":125,"column":7}},"type":"if","locations":[{"start":{"line":122,"column":6},"end":{"line":125,"column":7}},{"start":{},"end":{}}],"line":122},"9":{"loc":{"start":{"line":137,"column":6},"end":{"line":137,"column":76}},"type":"if","locations":[{"start":{"line":137,"column":6},"end":{"line":137,"column":76}},{"start":{},"end":{}}],"line":137}},"s":{"0":3,"1":3,"2":3,"3":44,"4":44,"5":0,"6":44,"7":3,"8":44,"9":44,"10":20,"11":20,"12":20,"13":1,"14":1,"15":19,"16":19,"17":0,"18":19,"19":19,"20":0,"21":44,"22":4,"23":4,"24":4,"25":0,"26":0,"27":4,"28":4,"29":4,"30":4,"31":1,"32":3,"33":1,"34":1,"35":44,"36":0,"37":0,"38":0,"39":0,"40":0,"41":0,"42":0,"43":0,"44":0,"45":0,"46":0,"47":0,"48":0,"49":0,"50":44,"51":0,"52":0,"53":0,"54":0,"55":0,"56":0,"57":0,"58":0,"59":0,"60":0,"61":0,"62":0,"63":0,"64":44,"65":1,"66":44,"67":20,"68":44},"f":{"0":44,"1":44,"2":20,"3":4,"4":4,"5":0,"6":0,"7":0,"8":0,"9":0,"10":0,"11":1,"12":20},"b":{"0":[3,3],"1":[0,44],"2":[1,19],"3":[0,19],"4":[0,4],"5":[1,3],"6":[0,0],"7":[0,0],"8":[0,0],"9":[0,0]},"_coverageSchema":"1a1c01bbd47fc00a2c39e90264f33305004495a9","hash":"a7eeded5aba42942b3cc04e9724bc3dbe69750e7"}
}
