TN:
SF:app\forgot.tsx
FN:7,ForgotScreen
FN:16,(anonymous_1)
FNF:2
FNH:2
FNDA:29,ForgotScreen
FNDA:5,(anonymous_1)
DA:8,29
DA:10,29
DA:11,29
DA:12,29
DA:13,29
DA:14,29
DA:16,29
DA:17,5
DA:18,1
DA:19,1
DA:21,4
DA:22,1
DA:23,1
DA:25,3
DA:26,1
DA:27,1
DA:29,2
DA:30,1
DA:31,1
DA:33,1
DA:37,29
DA:76,1
LF:22
LH:22
BRDA:17,0,0,1
BRDA:17,0,1,4
BRDA:21,1,0,1
BRDA:21,1,1,3
BRDA:25,2,0,1
BRDA:25,2,1,2
BRDA:29,3,0,1
BRDA:29,3,1,1
BRDA:42,4,0,4
BRDA:42,4,1,25
BRF:10
BRH:10
end_of_record
TN:
SF:app\register.tsx
FN:12,RegisterScreen
FN:23,(anonymous_1)
FN:102,(anonymous_2)
FNF:3
FNH:3
FNDA:20,RegisterScreen
FNDA:3,(anonymous_1)
FNDA:1,(anonymous_2)
DA:13,20
DA:15,20
DA:16,20
DA:17,20
DA:18,20
DA:19,20
DA:20,20
DA:21,20
DA:23,20
DA:24,3
DA:25,1
DA:26,1
DA:28,2
DA:29,1
DA:30,1
DA:32,1
DA:34,1
DA:37,20
DA:102,1
DA:110,1
LF:20
LH:20
BRDA:24,0,0,1
BRDA:24,0,1,2
BRDA:24,1,0,3
BRDA:24,1,1,2
BRDA:24,1,2,2
BRDA:24,1,3,2
BRDA:24,1,4,2
BRDA:24,1,5,2
BRDA:28,2,0,1
BRDA:28,2,1,1
BRDA:42,3,0,2
BRDA:42,3,1,18
BRF:12
BRH:12
end_of_record
TN:
SF:app\(tabs)\index.tsx
FN:14,HomeScreen
FN:21,(anonymous_1)
FN:66,(anonymous_2)
FN:77,(anonymous_3)
FNF:4
FNH:3
FNDA:7,HomeScreen
FNDA:1,(anonymous_1)
FNDA:1,(anonymous_2)
FNDA:0,(anonymous_3)
DA:15,7
DA:17,7
DA:18,7
DA:19,7
DA:21,7
DA:22,1
DA:23,1
DA:24,1
DA:25,1
DA:27,0
DA:30,7
DA:66,1
DA:77,0
DA:86,1
LF:14
LH:12
BRDA:22,0,0,1
BRDA:22,0,1,0
BRDA:22,1,0,1
BRDA:22,1,1,0
BRDA:34,2,0,1
BRDA:34,2,1,6
BRF:6
BRH:4
end_of_record
TN:
SF:components\ThemedText.tsx
FN:11,ThemedText
FNF:1
FNH:1
FNDA:1,ThemedText
DA:18,1
DA:20,1
DA:36,1
LF:3
LH:3
BRDA:15,0,0,1
BRDA:24,1,0,1
BRDA:24,1,1,0
BRDA:25,2,0,0
BRDA:25,2,1,1
BRDA:26,3,0,0
BRDA:26,3,1,1
BRDA:27,4,0,0
BRDA:27,4,1,1
BRDA:28,5,0,0
BRDA:28,5,1,1
BRF:11
BRH:6
end_of_record
TN:
SF:constants\Colors.ts
FNF:0
FNH:0
DA:6,1
DA:7,1
DA:9,1
LF:3
LH:3
BRF:0
BRH:0
end_of_record
TN:
SF:hooks\useColorScheme.ts
FNF:0
FNH:0
LF:0
LH:0
BRF:0
BRH:0
end_of_record
TN:
SF:hooks\useThemeColor.ts
FN:9,useThemeColor
FNF:1
FNH:1
FNDA:1,useThemeColor
DA:13,1
DA:14,1
DA:16,1
DA:17,0
DA:19,1
LF:5
LH:4
BRDA:13,0,0,1
BRDA:13,0,1,0
BRDA:16,1,0,0
BRDA:16,1,1,1
BRF:4
BRH:2
end_of_record
