TN:
SF:app\forgot.tsx
FN:7,ForgotScreen
FN:16,(anonymous_1)
FNF:2
FNH:2
FNDA:29,ForgotScreen
FNDA:5,(anonymous_1)
DA:8,29
DA:10,29
DA:11,29
DA:12,29
DA:13,29
DA:14,29
DA:16,29
DA:17,5
DA:18,1
DA:19,1
DA:21,4
DA:22,1
DA:23,1
DA:25,3
DA:26,1
DA:27,1
DA:29,2
DA:30,1
DA:31,1
DA:33,1
DA:37,29
DA:76,1
LF:22
LH:22
BRDA:17,0,0,1
BRDA:17,0,1,4
BRDA:21,1,0,1
BRDA:21,1,1,3
BRDA:25,2,0,1
BRDA:25,2,1,2
BRDA:29,3,0,1
BRDA:29,3,1,1
BRDA:42,4,0,4
BRDA:42,4,1,25
BRF:10
BRH:10
end_of_record
TN:
SF:app\index.tsx
FN:16,HomeScreen
FN:22,(anonymous_1)
FN:104,(anonymous_2)
FN:114,(anonymous_3)
FNF:4
FNH:3
FNDA:19,HomeScreen
FNDA:4,(anonymous_1)
FNDA:1,(anonymous_2)
FNDA:0,(anonymous_3)
DA:14,1
DA:17,19
DA:18,19
DA:19,19
DA:20,19
DA:22,19
DA:23,4
DA:24,1
DA:25,1
DA:28,3
DA:29,3
DA:40,2
DA:41,2
DA:43,2
DA:44,1
DA:46,1
DA:51,1
DA:52,1
DA:53,1
DA:54,1
DA:56,0
DA:59,1
DA:62,1
DA:63,1
DA:66,3
DA:69,19
DA:104,1
DA:114,0
DA:123,1
LF:29
LH:27
BRDA:23,0,0,1
BRDA:23,0,1,3
BRDA:23,1,0,4
BRDA:23,1,1,3
BRDA:43,2,0,1
BRDA:43,2,1,1
BRDA:43,3,0,2
BRDA:43,3,1,1
BRDA:52,4,0,1
BRDA:52,4,1,0
BRDA:72,5,0,3
BRDA:72,5,1,16
BRF:12
BRH:11
end_of_record
TN:
SF:app\payment-method.tsx
FN:19,(anonymous_0)
FN:36,PaymentMethod
FN:42,(anonymous_2)
FN:63,(anonymous_3)
FN:66,(anonymous_4)
FN:79,(anonymous_5)
FN:84,(anonymous_6)
FN:107,(anonymous_7)
FN:119,(anonymous_8)
FN:124,(anonymous_9)
FN:131,(anonymous_10)
FN:152,(anonymous_11)
FN:167,(anonymous_12)
FN:179,(anonymous_13)
FN:193,(anonymous_14)
FN:226,(anonymous_15)
FN:238,(anonymous_16)
FNF:17
FNH:16
FNDA:17,(anonymous_0)
FNDA:20,PaymentMethod
FNDA:11,(anonymous_2)
FNDA:21,(anonymous_3)
FNDA:21,(anonymous_4)
FNDA:11,(anonymous_5)
FNDA:1,(anonymous_6)
FNDA:1,(anonymous_7)
FNDA:2,(anonymous_8)
FNDA:1,(anonymous_9)
FNDA:1,(anonymous_10)
FNDA:0,(anonymous_11)
FNDA:1,(anonymous_12)
FNDA:1,(anonymous_13)
FNDA:17,(anonymous_14)
FNDA:1,(anonymous_15)
FNDA:2,(anonymous_16)
DA:19,1
DA:20,17
DA:22,17
DA:24,0
DA:26,0
DA:28,0
DA:30,0
DA:34,1
DA:37,20
DA:38,20
DA:39,19
DA:42,19
DA:43,11
DA:44,11
DA:45,11
DA:46,3
DA:47,3
DA:50,8
DA:58,8
DA:59,1
DA:62,7
DA:63,21
DA:64,7
DA:65,7
DA:66,21
DA:72,1
DA:73,1
DA:79,19
DA:80,11
DA:84,19
DA:85,1
DA:86,1
DA:87,1
DA:88,1
DA:89,0
DA:90,0
DA:93,1
DA:101,1
DA:102,0
DA:103,0
DA:106,1
DA:107,1
DA:111,1
DA:112,1
DA:114,0
DA:119,19
DA:120,2
DA:124,1
DA:131,19
DA:132,1
DA:133,1
DA:134,1
DA:135,0
DA:136,0
DA:139,1
DA:147,1
DA:148,1
DA:149,1
DA:152,0
DA:154,1
DA:159,19
DA:161,19
DA:167,1
DA:179,1
DA:194,17
DA:226,1
DA:238,2
DA:256,1
LF:68
LH:56
BRDA:20,0,0,17
BRDA:20,0,1,0
BRDA:20,0,2,0
BRDA:20,0,3,0
BRDA:20,0,4,0
BRDA:45,1,0,3
BRDA:45,1,1,8
BRDA:58,2,0,1
BRDA:58,2,1,7
BRDA:64,3,0,0
BRDA:64,3,1,7
BRDA:68,4,0,21
BRDA:68,4,1,0
BRDA:88,5,0,0
BRDA:88,5,1,1
BRDA:101,6,0,0
BRDA:101,6,1,1
BRDA:134,7,0,0
BRDA:134,7,1,1
BRDA:147,8,0,1
BRDA:147,8,1,0
BRDA:149,9,0,1
BRDA:149,9,1,0
BRDA:204,10,0,17
BRDA:204,10,1,0
BRDA:229,11,0,17
BRDA:229,11,1,1
BRDA:239,12,0,17
BRDA:239,12,1,1
BRF:29
BRH:17
end_of_record
TN:
SF:app\register.tsx
FN:14,RegisterScreen
FN:27,(anonymous_1)
FN:150,(anonymous_2)
FN:201,setErrorMessage
FNF:4
FNH:3
FNDA:31,RegisterScreen
FNDA:4,(anonymous_1)
FNDA:1,(anonymous_2)
FNDA:0,setErrorMessage
DA:15,31
DA:18,31
DA:19,30
DA:20,30
DA:21,30
DA:22,30
DA:23,30
DA:24,30
DA:25,30
DA:27,30
DA:29,4
DA:30,1
DA:31,1
DA:33,3
DA:34,1
DA:35,1
DA:37,2
DA:39,2
DA:41,2
DA:43,2
DA:55,2
DA:56,2
DA:58,2
DA:59,1
DA:60,1
DA:61,1
DA:62,1
DA:63,1
DA:64,1
DA:65,1
DA:66,1
DA:71,1
DA:72,1
DA:73,1
DA:75,1
DA:78,0
DA:79,0
DA:81,2
DA:85,30
DA:150,1
DA:158,1
DA:202,0
LF:42
LH:39
BRDA:29,0,0,1
BRDA:29,0,1,3
BRDA:29,1,0,4
BRDA:29,1,1,3
BRDA:29,1,2,3
BRDA:29,1,3,3
BRDA:29,1,4,3
BRDA:29,1,5,3
BRDA:33,2,0,1
BRDA:33,2,1,2
BRDA:58,3,0,1
BRDA:58,3,1,1
BRDA:72,4,0,1
BRDA:72,4,1,0
BRDA:90,5,0,3
BRDA:90,5,1,27
BRDA:145,6,0,2
BRDA:145,6,1,28
BRF:18
BRH:17
end_of_record
TN:
SF:app\(tabs)\home.tsx
FN:15,(anonymous_0)
FN:22,(anonymous_1)
FN:23,(anonymous_2)
FN:33,(anonymous_3)
FN:39,(anonymous_4)
FN:51,(anonymous_5)
FN:55,(anonymous_6)
FN:94,(anonymous_7)
FN:97,(anonymous_8)
FN:100,(anonymous_9)
FN:127,(anonymous_10)
FNF:11
FNH:10
FNDA:19,(anonymous_0)
FNDA:7,(anonymous_1)
FNDA:7,(anonymous_2)
FNDA:6,(anonymous_3)
FNDA:1,(anonymous_4)
FNDA:2,(anonymous_5)
FNDA:1,(anonymous_6)
FNDA:0,(anonymous_7)
FNDA:1,(anonymous_8)
FNDA:1,(anonymous_9)
FNDA:1,(anonymous_10)
DA:15,1
DA:16,19
DA:17,18
DA:18,18
DA:19,18
DA:22,18
DA:23,7
DA:24,7
DA:25,7
DA:26,1
DA:29,7
DA:33,18
DA:34,6
DA:35,1
DA:39,1
DA:41,5
DA:42,5
DA:51,18
DA:52,2
DA:55,18
DA:56,1
DA:57,1
DA:58,1
DA:59,1
DA:60,1
DA:61,1
DA:63,0
DA:67,18
DA:94,0
DA:97,1
DA:100,1
DA:101,1
DA:127,1
DA:138,1
LF:34
LH:32
BRDA:25,0,0,1
BRDA:25,0,1,6
BRDA:34,1,0,1
BRDA:34,1,1,5
BRDA:76,2,0,18
BRDA:76,2,1,9
BRDA:90,3,0,9
BRDA:90,3,1,0
BRF:8
BRH:7
end_of_record
TN:
SF:components\ThemedText.tsx
FN:11,ThemedText
FNF:1
FNH:1
FNDA:1,ThemedText
DA:18,1
DA:20,1
DA:36,1
LF:3
LH:3
BRDA:15,0,0,1
BRDA:24,1,0,1
BRDA:24,1,1,0
BRDA:25,2,0,0
BRDA:25,2,1,1
BRDA:26,3,0,0
BRDA:26,3,1,1
BRDA:27,4,0,0
BRDA:27,4,1,1
BRDA:28,5,0,0
BRDA:28,5,1,1
BRF:11
BRH:6
end_of_record
TN:
SF:constants\Colors.ts
FNF:0
FNH:0
DA:6,1
DA:7,1
DA:9,1
LF:3
LH:3
BRF:0
BRH:0
end_of_record
TN:
SF:hooks\useColorScheme.ts
FNF:0
FNH:0
LF:0
LH:0
BRF:0
BRH:0
end_of_record
TN:
SF:hooks\useThemeColor.ts
FN:9,useThemeColor
FNF:1
FNH:1
FNDA:1,useThemeColor
DA:13,1
DA:14,1
DA:16,1
DA:17,0
DA:19,1
LF:5
LH:4
BRDA:13,0,0,1
BRDA:13,0,1,0
BRDA:16,1,0,0
BRDA:16,1,1,1
BRF:4
BRH:2
end_of_record
